checking build system type... x86_64-unknown-linux-gnu
checking host system type... x86_64-pc-linux-gnu
checking target system type... x86_64-pc-linux-gnu
build_short: x86_64-linux-gnu
host_short: x86_64-linux-gnu
checking for x86_64-linux-gnu-gcc... x86_64-linux-gnu-gcc
checking whether the C compiler works... yes
checking for C compiler default output file name... a.out
checking for suffix of executables... 
checking whether we are cross compiling... no
checking for suffix of object files... o
checking whether we are using the GNU C compiler... yes
checking whether x86_64-linux-gnu-gcc accepts -g... yes
checking for x86_64-linux-gnu-gcc option to accept ISO C89... none needed
checking how to run the C preprocessor... x86_64-linux-gnu-gcc -E
checking whether make sets $(MAKE)... yes
checking for cross-compilation flags... not cross-compiling
checking if -Werror works... ok
checking looking for --no-undefined... yes
checking looking for dollars in identifiers... CPPFLAGS: -fdollars-in-identifiers
checking for grep that handles long lines and -e... /bin/grep
checking for egrep... /bin/grep -E
checking for ANSI C header files... no
checking for an ANSI C-conforming const... yes
checking for sys/types.h... yes
checking for sys/stat.h... yes
checking for stdlib.h... yes
checking for string.h... yes
checking for memory.h... yes
checking for strings.h... yes
checking for inttypes.h... yes
checking for stdint.h... yes
checking for unistd.h... yes
checking for size_t... yes
checking for vprintf... yes
checking for _doprnt... yes
checking for strdup... yes
checking for strerror... yes
checking LAPACK/BLAS flags... not found
checking for static pthreads... no
checking for pthread_mutex_lock in -lpthread... yes
checking for cos in -lm... yes
checking for filesystem access... OK
configure: creating ./config.status
config.status: creating Makefile
x86_64-linux-gnu-gcc -Os -fno-stack-protector -Wno-parentheses-equality -Wno-unused-variable -fPIC -fdollars-in-identifiers -DOMC_MINIMAL_RUNTIME=1 -DCMINPACK_NO_DLL=1 -Iinclude/ -Iinclude/fmi2 -I.    -DOMC_MODEL_PREFIX=InvertedPendulum -DOMC_NUM_MIXED_SYSTEMS=0 -DOMC_NUM_LINEAR_SYSTEMS=2 -DOMC_NUM_NONLINEAR_SYSTEMS=0 -DOMC_NDELAY_EXPRESSIONS=0 -DOMC_NVAR_STRING=0  -c -o InvertedPendulum_FMU.o InvertedPendulum_FMU.c
x86_64-linux-gnu-gcc -Os -fno-stack-protector -Wno-parentheses-equality -Wno-unused-variable -fPIC -fdollars-in-identifiers -DOMC_MINIMAL_RUNTIME=1 -DCMINPACK_NO_DLL=1 -Iinclude/ -Iinclude/fmi2 -I.    -DOMC_MODEL_PREFIX=InvertedPendulum -DOMC_NUM_MIXED_SYSTEMS=0 -DOMC_NUM_LINEAR_SYSTEMS=2 -DOMC_NUM_NONLINEAR_SYSTEMS=0 -DOMC_NDELAY_EXPRESSIONS=0 -DOMC_NVAR_STRING=0  -c -o InvertedPendulum.o InvertedPendulum.c
In file included from InvertedPendulum_FMU.c:54:0:
include/fmi2/fmu2_model_interface.c: In function 'omc_assert_fmi_common':
include/fmi2/fmu2_model_interface.c:162:16: warning: passing argument 1 of 'GC_vasprintf' from incompatible pointer type [-Wincompatible-pointer-types]
   GC_vasprintf(&str, msg, args);
                ^
In file included from include/openmodelica_func.h:52:0,
                 from InvertedPendulum_FMU.c:10:
include/util/modelica_string.h:71:5: note: expected 'const char **' but argument is of type 'char **'
 int GC_vasprintf(const char **strp, const char *fmt, va_list ap);
     ^~~~~~~~~~~~
x86_64-linux-gnu-gcc -Os -fno-stack-protector -Wno-parentheses-equality -Wno-unused-variable -fPIC -fdollars-in-identifiers -DOMC_MINIMAL_RUNTIME=1 -DCMINPACK_NO_DLL=1 -Iinclude/ -Iinclude/fmi2 -I.    -DOMC_MODEL_PREFIX=InvertedPendulum -DOMC_NUM_MIXED_SYSTEMS=0 -DOMC_NUM_LINEAR_SYSTEMS=2 -DOMC_NUM_NONLINEAR_SYSTEMS=0 -DOMC_NDELAY_EXPRESSIONS=0 -DOMC_NVAR_STRING=0  -c -o InvertedPendulum_functions.o InvertedPendulum_functions.c
x86_64-linux-gnu-gcc -Os -fno-stack-protector -Wno-parentheses-equality -Wno-unused-variable -fPIC -fdollars-in-identifiers -DOMC_MINIMAL_RUNTIME=1 -DCMINPACK_NO_DLL=1 -Iinclude/ -Iinclude/fmi2 -I.    -DOMC_MODEL_PREFIX=InvertedPendulum -DOMC_NUM_MIXED_SYSTEMS=0 -DOMC_NUM_LINEAR_SYSTEMS=2 -DOMC_NUM_NONLINEAR_SYSTEMS=0 -DOMC_NDELAY_EXPRESSIONS=0 -DOMC_NVAR_STRING=0  -c -o InvertedPendulum_records.o InvertedPendulum_records.c
x86_64-linux-gnu-gcc -Os -fno-stack-protector -Wno-parentheses-equality -Wno-unused-variable -fPIC -fdollars-in-identifiers -DOMC_MINIMAL_RUNTIME=1 -DCMINPACK_NO_DLL=1 -Iinclude/ -Iinclude/fmi2 -I.    -DOMC_MODEL_PREFIX=InvertedPendulum -DOMC_NUM_MIXED_SYSTEMS=0 -DOMC_NUM_LINEAR_SYSTEMS=2 -DOMC_NUM_NONLINEAR_SYSTEMS=0 -DOMC_NDELAY_EXPRESSIONS=0 -DOMC_NVAR_STRING=0  -c -o InvertedPendulum_01exo.o InvertedPendulum_01exo.c
x86_64-linux-gnu-gcc -Os -fno-stack-protector -Wno-parentheses-equality -Wno-unused-variable -fPIC -fdollars-in-identifiers -DOMC_MINIMAL_RUNTIME=1 -DCMINPACK_NO_DLL=1 -Iinclude/ -Iinclude/fmi2 -I.    -DOMC_MODEL_PREFIX=InvertedPendulum -DOMC_NUM_MIXED_SYSTEMS=0 -DOMC_NUM_LINEAR_SYSTEMS=2 -DOMC_NUM_NONLINEAR_SYSTEMS=0 -DOMC_NDELAY_EXPRESSIONS=0 -DOMC_NVAR_STRING=0  -c -o InvertedPendulum_02nls.o InvertedPendulum_02nls.c
x86_64-linux-gnu-gcc -Os -fno-stack-protector -Wno-parentheses-equality -Wno-unused-variable -fPIC -fdollars-in-identifiers -DOMC_MINIMAL_RUNTIME=1 -DCMINPACK_NO_DLL=1 -Iinclude/ -Iinclude/fmi2 -I.    -DOMC_MODEL_PREFIX=InvertedPendulum -DOMC_NUM_MIXED_SYSTEMS=0 -DOMC_NUM_LINEAR_SYSTEMS=2 -DOMC_NUM_NONLINEAR_SYSTEMS=0 -DOMC_NDELAY_EXPRESSIONS=0 -DOMC_NVAR_STRING=0  -c -o InvertedPendulum_03lsy.o InvertedPendulum_03lsy.c
x86_64-linux-gnu-gcc -Os -fno-stack-protector -Wno-parentheses-equality -Wno-unused-variable -fPIC -fdollars-in-identifiers -DOMC_MINIMAL_RUNTIME=1 -DCMINPACK_NO_DLL=1 -Iinclude/ -Iinclude/fmi2 -I.    -DOMC_MODEL_PREFIX=InvertedPendulum -DOMC_NUM_MIXED_SYSTEMS=0 -DOMC_NUM_LINEAR_SYSTEMS=2 -DOMC_NUM_NONLINEAR_SYSTEMS=0 -DOMC_NDELAY_EXPRESSIONS=0 -DOMC_NVAR_STRING=0  -c -o InvertedPendulum_04set.o InvertedPendulum_04set.c
InvertedPendulum_FMU.c: At top level:
cc1: warning: unrecognized command line option '-Wno-parentheses-equality'
x86_64-linux-gnu-gcc -Os -fno-stack-protector -Wno-parentheses-equality -Wno-unused-variable -fPIC -fdollars-in-identifiers -DOMC_MINIMAL_RUNTIME=1 -DCMINPACK_NO_DLL=1 -Iinclude/ -Iinclude/fmi2 -I.    -DOMC_MODEL_PREFIX=InvertedPendulum -DOMC_NUM_MIXED_SYSTEMS=0 -DOMC_NUM_LINEAR_SYSTEMS=2 -DOMC_NUM_NONLINEAR_SYSTEMS=0 -DOMC_NDELAY_EXPRESSIONS=0 -DOMC_NVAR_STRING=0  -c -o InvertedPendulum_05evt.o InvertedPendulum_05evt.c
x86_64-linux-gnu-gcc -Os -fno-stack-protector -Wno-parentheses-equality -Wno-unused-variable -fPIC -fdollars-in-identifiers -DOMC_MINIMAL_RUNTIME=1 -DCMINPACK_NO_DLL=1 -Iinclude/ -Iinclude/fmi2 -I.    -DOMC_MODEL_PREFIX=InvertedPendulum -DOMC_NUM_MIXED_SYSTEMS=0 -DOMC_NUM_LINEAR_SYSTEMS=2 -DOMC_NUM_NONLINEAR_SYSTEMS=0 -DOMC_NDELAY_EXPRESSIONS=0 -DOMC_NVAR_STRING=0  -c -o InvertedPendulum_06inz.o InvertedPendulum_06inz.c
x86_64-linux-gnu-gcc -Os -fno-stack-protector -Wno-parentheses-equality -Wno-unused-variable -fPIC -fdollars-in-identifiers -DOMC_MINIMAL_RUNTIME=1 -DCMINPACK_NO_DLL=1 -Iinclude/ -Iinclude/fmi2 -I.    -DOMC_MODEL_PREFIX=InvertedPendulum -DOMC_NUM_MIXED_SYSTEMS=0 -DOMC_NUM_LINEAR_SYSTEMS=2 -DOMC_NUM_NONLINEAR_SYSTEMS=0 -DOMC_NDELAY_EXPRESSIONS=0 -DOMC_NVAR_STRING=0  -c -o InvertedPendulum_07dly.o InvertedPendulum_07dly.c
x86_64-linux-gnu-gcc -Os -fno-stack-protector -Wno-parentheses-equality -Wno-unused-variable -fPIC -fdollars-in-identifiers -DOMC_MINIMAL_RUNTIME=1 -DCMINPACK_NO_DLL=1 -Iinclude/ -Iinclude/fmi2 -I.    -DOMC_MODEL_PREFIX=InvertedPendulum -DOMC_NUM_MIXED_SYSTEMS=0 -DOMC_NUM_LINEAR_SYSTEMS=2 -DOMC_NUM_NONLINEAR_SYSTEMS=0 -DOMC_NDELAY_EXPRESSIONS=0 -DOMC_NVAR_STRING=0  -c -o InvertedPendulum_08bnd.o InvertedPendulum_08bnd.c
x86_64-linux-gnu-gcc -Os -fno-stack-protector -Wno-parentheses-equality -Wno-unused-variable -fPIC -fdollars-in-identifiers -DOMC_MINIMAL_RUNTIME=1 -DCMINPACK_NO_DLL=1 -Iinclude/ -Iinclude/fmi2 -I.    -DOMC_MODEL_PREFIX=InvertedPendulum -DOMC_NUM_MIXED_SYSTEMS=0 -DOMC_NUM_LINEAR_SYSTEMS=2 -DOMC_NUM_NONLINEAR_SYSTEMS=0 -DOMC_NDELAY_EXPRESSIONS=0 -DOMC_NVAR_STRING=0  -c -o InvertedPendulum_09alg.o InvertedPendulum_09alg.c
x86_64-linux-gnu-gcc -Os -fno-stack-protector -Wno-parentheses-equality -Wno-unused-variable -fPIC -fdollars-in-identifiers -DOMC_MINIMAL_RUNTIME=1 -DCMINPACK_NO_DLL=1 -Iinclude/ -Iinclude/fmi2 -I.    -DOMC_MODEL_PREFIX=InvertedPendulum -DOMC_NUM_MIXED_SYSTEMS=0 -DOMC_NUM_LINEAR_SYSTEMS=2 -DOMC_NUM_NONLINEAR_SYSTEMS=0 -DOMC_NDELAY_EXPRESSIONS=0 -DOMC_NVAR_STRING=0  -c -o InvertedPendulum_10asr.o InvertedPendulum_10asr.c
x86_64-linux-gnu-gcc -Os -fno-stack-protector -Wno-parentheses-equality -Wno-unused-variable -fPIC -fdollars-in-identifiers -DOMC_MINIMAL_RUNTIME=1 -DCMINPACK_NO_DLL=1 -Iinclude/ -Iinclude/fmi2 -I.    -DOMC_MODEL_PREFIX=InvertedPendulum -DOMC_NUM_MIXED_SYSTEMS=0 -DOMC_NUM_LINEAR_SYSTEMS=2 -DOMC_NUM_NONLINEAR_SYSTEMS=0 -DOMC_NDELAY_EXPRESSIONS=0 -DOMC_NVAR_STRING=0  -c -o InvertedPendulum_11mix.o InvertedPendulum_11mix.c
x86_64-linux-gnu-gcc -Os -fno-stack-protector -Wno-parentheses-equality -Wno-unused-variable -fPIC -fdollars-in-identifiers -DOMC_MINIMAL_RUNTIME=1 -DCMINPACK_NO_DLL=1 -Iinclude/ -Iinclude/fmi2 -I.    -DOMC_MODEL_PREFIX=InvertedPendulum -DOMC_NUM_MIXED_SYSTEMS=0 -DOMC_NUM_LINEAR_SYSTEMS=2 -DOMC_NUM_NONLINEAR_SYSTEMS=0 -DOMC_NDELAY_EXPRESSIONS=0 -DOMC_NVAR_STRING=0  -c -o InvertedPendulum_12jac.o InvertedPendulum_12jac.c
x86_64-linux-gnu-gcc -Os -fno-stack-protector -Wno-parentheses-equality -Wno-unused-variable -fPIC -fdollars-in-identifiers -DOMC_MINIMAL_RUNTIME=1 -DCMINPACK_NO_DLL=1 -Iinclude/ -Iinclude/fmi2 -I.    -DOMC_MODEL_PREFIX=InvertedPendulum -DOMC_NUM_MIXED_SYSTEMS=0 -DOMC_NUM_LINEAR_SYSTEMS=2 -DOMC_NUM_NONLINEAR_SYSTEMS=0 -DOMC_NDELAY_EXPRESSIONS=0 -DOMC_NVAR_STRING=0  -c -o InvertedPendulum_13opt.o InvertedPendulum_13opt.c
x86_64-linux-gnu-gcc -Os -fno-stack-protector -Wno-parentheses-equality -Wno-unused-variable -fPIC -fdollars-in-identifiers -DOMC_MINIMAL_RUNTIME=1 -DCMINPACK_NO_DLL=1 -Iinclude/ -Iinclude/fmi2 -I.    -DOMC_MODEL_PREFIX=InvertedPendulum -DOMC_NUM_MIXED_SYSTEMS=0 -DOMC_NUM_LINEAR_SYSTEMS=2 -DOMC_NUM_NONLINEAR_SYSTEMS=0 -DOMC_NDELAY_EXPRESSIONS=0 -DOMC_NVAR_STRING=0  -c -o InvertedPendulum_14lnz.o InvertedPendulum_14lnz.c
x86_64-linux-gnu-gcc -Os -fno-stack-protector -Wno-parentheses-equality -Wno-unused-variable -fPIC -fdollars-in-identifiers -DOMC_MINIMAL_RUNTIME=1 -DCMINPACK_NO_DLL=1 -Iinclude/ -Iinclude/fmi2 -I.    -DOMC_MODEL_PREFIX=InvertedPendulum -DOMC_NUM_MIXED_SYSTEMS=0 -DOMC_NUM_LINEAR_SYSTEMS=2 -DOMC_NUM_NONLINEAR_SYSTEMS=0 -DOMC_NDELAY_EXPRESSIONS=0 -DOMC_NVAR_STRING=0  -c -o InvertedPendulum_15syn.o InvertedPendulum_15syn.c
x86_64-linux-gnu-gcc -Os -fno-stack-protector -Wno-parentheses-equality -Wno-unused-variable -fPIC -fdollars-in-identifiers -DOMC_MINIMAL_RUNTIME=1 -DCMINPACK_NO_DLL=1 -Iinclude/ -Iinclude/fmi2 -I.    -DOMC_MODEL_PREFIX=InvertedPendulum -DOMC_NUM_MIXED_SYSTEMS=0 -DOMC_NUM_LINEAR_SYSTEMS=2 -DOMC_NUM_NONLINEAR_SYSTEMS=0 -DOMC_NDELAY_EXPRESSIONS=0 -DOMC_NVAR_STRING=0  -c -o InvertedPendulum_16dae.o InvertedPendulum_16dae.c
x86_64-linux-gnu-gcc -Os -fno-stack-protector -Wno-parentheses-equality -Wno-unused-variable -fPIC -fdollars-in-identifiers -DOMC_MINIMAL_RUNTIME=1 -DCMINPACK_NO_DLL=1 -Iinclude/ -Iinclude/fmi2 -I.    -DOMC_MODEL_PREFIX=InvertedPendulum -DOMC_NUM_MIXED_SYSTEMS=0 -DOMC_NUM_LINEAR_SYSTEMS=2 -DOMC_NUM_NONLINEAR_SYSTEMS=0 -DOMC_NDELAY_EXPRESSIONS=0 -DOMC_NVAR_STRING=0  -c -o InvertedPendulum_17inl.o InvertedPendulum_17inl.c
x86_64-linux-gnu-gcc -Os -fno-stack-protector -Wno-parentheses-equality -Wno-unused-variable -fPIC -fdollars-in-identifiers -DOMC_MINIMAL_RUNTIME=1 -DCMINPACK_NO_DLL=1 -Iinclude/ -Iinclude/fmi2 -I.    -DOMC_MODEL_PREFIX=InvertedPendulum -DOMC_NUM_MIXED_SYSTEMS=0 -DOMC_NUM_LINEAR_SYSTEMS=2 -DOMC_NUM_NONLINEAR_SYSTEMS=0 -DOMC_NDELAY_EXPRESSIONS=0 -DOMC_NVAR_STRING=0  -c -o InvertedPendulum_init_fmu.o InvertedPendulum_init_fmu.c
x86_64-linux-gnu-gcc -Os -fno-stack-protector -Wno-parentheses-equality -Wno-unused-variable -fPIC -fdollars-in-identifiers -DOMC_MINIMAL_RUNTIME=1 -DCMINPACK_NO_DLL=1 -Iinclude/ -Iinclude/fmi2 -I.    -DOMC_MODEL_PREFIX=InvertedPendulum -DOMC_NUM_MIXED_SYSTEMS=0 -DOMC_NUM_LINEAR_SYSTEMS=2 -DOMC_NUM_NONLINEAR_SYSTEMS=0 -DOMC_NDELAY_EXPRESSIONS=0 -DOMC_NVAR_STRING=0  -c -o include/./gc/memory_pool.o include/./gc/memory_pool.c
x86_64-linux-gnu-gcc -Os -fno-stack-protector -Wno-parentheses-equality -Wno-unused-variable -fPIC -fdollars-in-identifiers -DOMC_MINIMAL_RUNTIME=1 -DCMINPACK_NO_DLL=1 -Iinclude/ -Iinclude/fmi2 -I.    -DOMC_MODEL_PREFIX=InvertedPendulum -DOMC_NUM_MIXED_SYSTEMS=0 -DOMC_NUM_LINEAR_SYSTEMS=2 -DOMC_NUM_NONLINEAR_SYSTEMS=0 -DOMC_NDELAY_EXPRESSIONS=0 -DOMC_NVAR_STRING=0  -c -o include/./gc/omc_gc.o include/./gc/omc_gc.c
x86_64-linux-gnu-gcc -Os -fno-stack-protector -Wno-parentheses-equality -Wno-unused-variable -fPIC -fdollars-in-identifiers -DOMC_MINIMAL_RUNTIME=1 -DCMINPACK_NO_DLL=1 -Iinclude/ -Iinclude/fmi2 -I.    -DOMC_MODEL_PREFIX=InvertedPendulum -DOMC_NUM_MIXED_SYSTEMS=0 -DOMC_NUM_LINEAR_SYSTEMS=2 -DOMC_NUM_NONLINEAR_SYSTEMS=0 -DOMC_NDELAY_EXPRESSIONS=0 -DOMC_NVAR_STRING=0  -c -o include/./util/base_array.o include/./util/base_array.c
x86_64-linux-gnu-gcc -Os -fno-stack-protector -Wno-parentheses-equality -Wno-unused-variable -fPIC -fdollars-in-identifiers -DOMC_MINIMAL_RUNTIME=1 -DCMINPACK_NO_DLL=1 -Iinclude/ -Iinclude/fmi2 -I.    -DOMC_MODEL_PREFIX=InvertedPendulum -DOMC_NUM_MIXED_SYSTEMS=0 -DOMC_NUM_LINEAR_SYSTEMS=2 -DOMC_NUM_NONLINEAR_SYSTEMS=0 -DOMC_NDELAY_EXPRESSIONS=0 -DOMC_NVAR_STRING=0  -c -o include/./util/boolean_array.o include/./util/boolean_array.c
x86_64-linux-gnu-gcc -Os -fno-stack-protector -Wno-parentheses-equality -Wno-unused-variable -fPIC -fdollars-in-identifiers -DOMC_MINIMAL_RUNTIME=1 -DCMINPACK_NO_DLL=1 -Iinclude/ -Iinclude/fmi2 -I.    -DOMC_MODEL_PREFIX=InvertedPendulum -DOMC_NUM_MIXED_SYSTEMS=0 -DOMC_NUM_LINEAR_SYSTEMS=2 -DOMC_NUM_NONLINEAR_SYSTEMS=0 -DOMC_NDELAY_EXPRESSIONS=0 -DOMC_NVAR_STRING=0  -c -o include/./util/omc_error.o include/./util/omc_error.c
x86_64-linux-gnu-gcc -Os -fno-stack-protector -Wno-parentheses-equality -Wno-unused-variable -fPIC -fdollars-in-identifiers -DOMC_MINIMAL_RUNTIME=1 -DCMINPACK_NO_DLL=1 -Iinclude/ -Iinclude/fmi2 -I.    -DOMC_MODEL_PREFIX=InvertedPendulum -DOMC_NUM_MIXED_SYSTEMS=0 -DOMC_NUM_LINEAR_SYSTEMS=2 -DOMC_NUM_NONLINEAR_SYSTEMS=0 -DOMC_NDELAY_EXPRESSIONS=0 -DOMC_NVAR_STRING=0  -c -o include/./util/division.o include/./util/division.c
x86_64-linux-gnu-gcc -Os -fno-stack-protector -Wno-parentheses-equality -Wno-unused-variable -fPIC -fdollars-in-identifiers -DOMC_MINIMAL_RUNTIME=1 -DCMINPACK_NO_DLL=1 -Iinclude/ -Iinclude/fmi2 -I.    -DOMC_MODEL_PREFIX=InvertedPendulum -DOMC_NUM_MIXED_SYSTEMS=0 -DOMC_NUM_LINEAR_SYSTEMS=2 -DOMC_NUM_NONLINEAR_SYSTEMS=0 -DOMC_NDELAY_EXPRESSIONS=0 -DOMC_NVAR_STRING=0  -c -o include/./util/generic_array.o include/./util/generic_array.c
x86_64-linux-gnu-gcc -Os -fno-stack-protector -Wno-parentheses-equality -Wno-unused-variable -fPIC -fdollars-in-identifiers -DOMC_MINIMAL_RUNTIME=1 -DCMINPACK_NO_DLL=1 -Iinclude/ -Iinclude/fmi2 -I.    -DOMC_MODEL_PREFIX=InvertedPendulum -DOMC_NUM_MIXED_SYSTEMS=0 -DOMC_NUM_LINEAR_SYSTEMS=2 -DOMC_NUM_NONLINEAR_SYSTEMS=0 -DOMC_NDELAY_EXPRESSIONS=0 -DOMC_NVAR_STRING=0  -c -o include/./util/index_spec.o include/./util/index_spec.c
x86_64-linux-gnu-gcc -Os -fno-stack-protector -Wno-parentheses-equality -Wno-unused-variable -fPIC -fdollars-in-identifiers -DOMC_MINIMAL_RUNTIME=1 -DCMINPACK_NO_DLL=1 -Iinclude/ -Iinclude/fmi2 -I.    -DOMC_MODEL_PREFIX=InvertedPendulum -DOMC_NUM_MIXED_SYSTEMS=0 -DOMC_NUM_LINEAR_SYSTEMS=2 -DOMC_NUM_NONLINEAR_SYSTEMS=0 -DOMC_NDELAY_EXPRESSIONS=0 -DOMC_NVAR_STRING=0  -c -o include/./util/integer_array.o include/./util/integer_array.c
x86_64-linux-gnu-gcc -Os -fno-stack-protector -Wno-parentheses-equality -Wno-unused-variable -fPIC -fdollars-in-identifiers -DOMC_MINIMAL_RUNTIME=1 -DCMINPACK_NO_DLL=1 -Iinclude/ -Iinclude/fmi2 -I.    -DOMC_MODEL_PREFIX=InvertedPendulum -DOMC_NUM_MIXED_SYSTEMS=0 -DOMC_NUM_LINEAR_SYSTEMS=2 -DOMC_NUM_NONLINEAR_SYSTEMS=0 -DOMC_NDELAY_EXPRESSIONS=0 -DOMC_NVAR_STRING=0  -c -o include/./util/list.o include/./util/list.c
x86_64-linux-gnu-gcc -Os -fno-stack-protector -Wno-parentheses-equality -Wno-unused-variable -fPIC -fdollars-in-identifiers -DOMC_MINIMAL_RUNTIME=1 -DCMINPACK_NO_DLL=1 -Iinclude/ -Iinclude/fmi2 -I.    -DOMC_MODEL_PREFIX=InvertedPendulum -DOMC_NUM_MIXED_SYSTEMS=0 -DOMC_NUM_LINEAR_SYSTEMS=2 -DOMC_NUM_NONLINEAR_SYSTEMS=0 -DOMC_NDELAY_EXPRESSIONS=0 -DOMC_NVAR_STRING=0  -c -o include/./util/modelica_string.o include/./util/modelica_string.c
x86_64-linux-gnu-gcc -Os -fno-stack-protector -Wno-parentheses-equality -Wno-unused-variable -fPIC -fdollars-in-identifiers -DOMC_MINIMAL_RUNTIME=1 -DCMINPACK_NO_DLL=1 -Iinclude/ -Iinclude/fmi2 -I.    -DOMC_MODEL_PREFIX=InvertedPendulum -DOMC_NUM_MIXED_SYSTEMS=0 -DOMC_NUM_LINEAR_SYSTEMS=2 -DOMC_NUM_NONLINEAR_SYSTEMS=0 -DOMC_NDELAY_EXPRESSIONS=0 -DOMC_NVAR_STRING=0  -c -o include/./util/real_array.o include/./util/real_array.c
x86_64-linux-gnu-gcc -Os -fno-stack-protector -Wno-parentheses-equality -Wno-unused-variable -fPIC -fdollars-in-identifiers -DOMC_MINIMAL_RUNTIME=1 -DCMINPACK_NO_DLL=1 -Iinclude/ -Iinclude/fmi2 -I.    -DOMC_MODEL_PREFIX=InvertedPendulum -DOMC_NUM_MIXED_SYSTEMS=0 -DOMC_NUM_LINEAR_SYSTEMS=2 -DOMC_NUM_NONLINEAR_SYSTEMS=0 -DOMC_NDELAY_EXPRESSIONS=0 -DOMC_NVAR_STRING=0  -c -o include/./util/ringbuffer.o include/./util/ringbuffer.c
x86_64-linux-gnu-gcc -Os -fno-stack-protector -Wno-parentheses-equality -Wno-unused-variable -fPIC -fdollars-in-identifiers -DOMC_MINIMAL_RUNTIME=1 -DCMINPACK_NO_DLL=1 -Iinclude/ -Iinclude/fmi2 -I.    -DOMC_MODEL_PREFIX=InvertedPendulum -DOMC_NUM_MIXED_SYSTEMS=0 -DOMC_NUM_LINEAR_SYSTEMS=2 -DOMC_NUM_NONLINEAR_SYSTEMS=0 -DOMC_NDELAY_EXPRESSIONS=0 -DOMC_NVAR_STRING=0  -c -o include/./util/string_array.o include/./util/string_array.c
x86_64-linux-gnu-gcc -Os -fno-stack-protector -Wno-parentheses-equality -Wno-unused-variable -fPIC -fdollars-in-identifiers -DOMC_MINIMAL_RUNTIME=1 -DCMINPACK_NO_DLL=1 -Iinclude/ -Iinclude/fmi2 -I.    -DOMC_MODEL_PREFIX=InvertedPendulum -DOMC_NUM_MIXED_SYSTEMS=0 -DOMC_NUM_LINEAR_SYSTEMS=2 -DOMC_NUM_NONLINEAR_SYSTEMS=0 -DOMC_NDELAY_EXPRESSIONS=0 -DOMC_NVAR_STRING=0  -c -o include/./util/utility.o include/./util/utility.c
include/./util/utility.c: In function 'OpenModelica_uriToFilename_impl':
include/./util/utility.c:285:24: warning: format '%s' expects argument of type 'char *', but argument 3 has type 'modelica_string {aka void *}' [-Wformat=]
         sprintf(buf, "%s/%s", dir, resourcesDir);
                       ~^
                       %p
x86_64-linux-gnu-gcc -Os -fno-stack-protector -Wno-parentheses-equality -Wno-unused-variable -fPIC -fdollars-in-identifiers -DOMC_MINIMAL_RUNTIME=1 -DCMINPACK_NO_DLL=1 -Iinclude/ -Iinclude/fmi2 -I.    -DOMC_MODEL_PREFIX=InvertedPendulum -DOMC_NUM_MIXED_SYSTEMS=0 -DOMC_NUM_LINEAR_SYSTEMS=2 -DOMC_NUM_NONLINEAR_SYSTEMS=0 -DOMC_NDELAY_EXPRESSIONS=0 -DOMC_NVAR_STRING=0  -c -o include/./util/varinfo.o include/./util/varinfo.c
include/./util/utility.c: At top level:
cc1: warning: unrecognized command line option '-Wno-parentheses-equality'
x86_64-linux-gnu-gcc -Os -fno-stack-protector -Wno-parentheses-equality -Wno-unused-variable -fPIC -fdollars-in-identifiers -DOMC_MINIMAL_RUNTIME=1 -DCMINPACK_NO_DLL=1 -Iinclude/ -Iinclude/fmi2 -I.    -DOMC_MODEL_PREFIX=InvertedPendulum -DOMC_NUM_MIXED_SYSTEMS=0 -DOMC_NUM_LINEAR_SYSTEMS=2 -DOMC_NUM_NONLINEAR_SYSTEMS=0 -DOMC_NDELAY_EXPRESSIONS=0 -DOMC_NVAR_STRING=0  -c -o include/./util/ModelicaUtilities.o include/./util/ModelicaUtilities.c
x86_64-linux-gnu-gcc -Os -fno-stack-protector -Wno-parentheses-equality -Wno-unused-variable -fPIC -fdollars-in-identifiers -DOMC_MINIMAL_RUNTIME=1 -DCMINPACK_NO_DLL=1 -Iinclude/ -Iinclude/fmi2 -I.    -DOMC_MODEL_PREFIX=InvertedPendulum -DOMC_NUM_MIXED_SYSTEMS=0 -DOMC_NUM_LINEAR_SYSTEMS=2 -DOMC_NUM_NONLINEAR_SYSTEMS=0 -DOMC_NDELAY_EXPRESSIONS=0 -DOMC_NVAR_STRING=0  -c -o include/./util/omc_msvc.o include/./util/omc_msvc.c
include/./util/ModelicaUtilities.c: In function 'ModelicaError':
include/./util/ModelicaUtilities.c:68:1: warning: 'noreturn' function does return
 }
 ^
include/./util/ModelicaUtilities.c: In function 'ModelicaVFormatError':
include/./util/ModelicaUtilities.c:72:1: warning: 'noreturn' function does return
 }
 ^
include/./util/ModelicaUtilities.c: In function 'ModelicaFormatError':
include/./util/ModelicaUtilities.c:79:1: warning: 'noreturn' function does return
 }
 ^
x86_64-linux-gnu-gcc -Os -fno-stack-protector -Wno-parentheses-equality -Wno-unused-variable -fPIC -fdollars-in-identifiers -DOMC_MINIMAL_RUNTIME=1 -DCMINPACK_NO_DLL=1 -Iinclude/ -Iinclude/fmi2 -I.    -DOMC_MODEL_PREFIX=InvertedPendulum -DOMC_NUM_MIXED_SYSTEMS=0 -DOMC_NUM_LINEAR_SYSTEMS=2 -DOMC_NUM_NONLINEAR_SYSTEMS=0 -DOMC_NDELAY_EXPRESSIONS=0 -DOMC_NVAR_STRING=0  -c -o include/./util/simulation_options.o include/./util/simulation_options.c
include/./util/ModelicaUtilities.c: At top level:
cc1: warning: unrecognized command line option '-Wno-parentheses-equality'
x86_64-linux-gnu-gcc -Os -fno-stack-protector -Wno-parentheses-equality -Wno-unused-variable -fPIC -fdollars-in-identifiers -DOMC_MINIMAL_RUNTIME=1 -DCMINPACK_NO_DLL=1 -Iinclude/ -Iinclude/fmi2 -I.    -DOMC_MODEL_PREFIX=InvertedPendulum -DOMC_NUM_MIXED_SYSTEMS=0 -DOMC_NUM_LINEAR_SYSTEMS=2 -DOMC_NUM_NONLINEAR_SYSTEMS=0 -DOMC_NDELAY_EXPRESSIONS=0 -DOMC_NVAR_STRING=0  -c -o include/./util/cJSON.o include/./util/cJSON.c
x86_64-linux-gnu-gcc -Os -fno-stack-protector -Wno-parentheses-equality -Wno-unused-variable -fPIC -fdollars-in-identifiers -DOMC_MINIMAL_RUNTIME=1 -DCMINPACK_NO_DLL=1 -Iinclude/ -Iinclude/fmi2 -I.    -DOMC_MODEL_PREFIX=InvertedPendulum -DOMC_NUM_MIXED_SYSTEMS=0 -DOMC_NUM_LINEAR_SYSTEMS=2 -DOMC_NUM_NONLINEAR_SYSTEMS=0 -DOMC_NDELAY_EXPRESSIONS=0 -DOMC_NVAR_STRING=0  -c -o include/./util/rational.o include/./util/rational.c
x86_64-linux-gnu-gcc -Os -fno-stack-protector -Wno-parentheses-equality -Wno-unused-variable -fPIC -fdollars-in-identifiers -DOMC_MINIMAL_RUNTIME=1 -DCMINPACK_NO_DLL=1 -Iinclude/ -Iinclude/fmi2 -I.    -DOMC_MODEL_PREFIX=InvertedPendulum -DOMC_NUM_MIXED_SYSTEMS=0 -DOMC_NUM_LINEAR_SYSTEMS=2 -DOMC_NUM_NONLINEAR_SYSTEMS=0 -DOMC_NDELAY_EXPRESSIONS=0 -DOMC_NVAR_STRING=0  -c -o include/./util/modelica_string_lit.o include/./util/modelica_string_lit.c
x86_64-linux-gnu-gcc -Os -fno-stack-protector -Wno-parentheses-equality -Wno-unused-variable -fPIC -fdollars-in-identifiers -DOMC_MINIMAL_RUNTIME=1 -DCMINPACK_NO_DLL=1 -Iinclude/ -Iinclude/fmi2 -I.    -DOMC_MODEL_PREFIX=InvertedPendulum -DOMC_NUM_MIXED_SYSTEMS=0 -DOMC_NUM_LINEAR_SYSTEMS=2 -DOMC_NUM_NONLINEAR_SYSTEMS=0 -DOMC_NDELAY_EXPRESSIONS=0 -DOMC_NVAR_STRING=0  -c -o include/./util/omc_init.o include/./util/omc_init.c
x86_64-linux-gnu-gcc -Os -fno-stack-protector -Wno-parentheses-equality -Wno-unused-variable -fPIC -fdollars-in-identifiers -DOMC_MINIMAL_RUNTIME=1 -DCMINPACK_NO_DLL=1 -Iinclude/ -Iinclude/fmi2 -I.    -DOMC_MODEL_PREFIX=InvertedPendulum -DOMC_NUM_MIXED_SYSTEMS=0 -DOMC_NUM_LINEAR_SYSTEMS=2 -DOMC_NUM_NONLINEAR_SYSTEMS=0 -DOMC_NDELAY_EXPRESSIONS=0 -DOMC_NVAR_STRING=0  -c -o include/./util/omc_mmap.o include/./util/omc_mmap.c
x86_64-linux-gnu-gcc -Os -fno-stack-protector -Wno-parentheses-equality -Wno-unused-variable -fPIC -fdollars-in-identifiers -DOMC_MINIMAL_RUNTIME=1 -DCMINPACK_NO_DLL=1 -Iinclude/ -Iinclude/fmi2 -I.    -DOMC_MODEL_PREFIX=InvertedPendulum -DOMC_NUM_MIXED_SYSTEMS=0 -DOMC_NUM_LINEAR_SYSTEMS=2 -DOMC_NUM_NONLINEAR_SYSTEMS=0 -DOMC_NDELAY_EXPRESSIONS=0 -DOMC_NVAR_STRING=0  -c -o include/./math-support/pivot.o include/./math-support/pivot.c
x86_64-linux-gnu-gcc -Os -fno-stack-protector -Wno-parentheses-equality -Wno-unused-variable -fPIC -fdollars-in-identifiers -DOMC_MINIMAL_RUNTIME=1 -DCMINPACK_NO_DLL=1 -Iinclude/ -Iinclude/fmi2 -I.    -DOMC_MODEL_PREFIX=InvertedPendulum -DOMC_NUM_MIXED_SYSTEMS=0 -DOMC_NUM_LINEAR_SYSTEMS=2 -DOMC_NUM_NONLINEAR_SYSTEMS=0 -DOMC_NDELAY_EXPRESSIONS=0 -DOMC_NVAR_STRING=0  -c -o include/./simulation/simulation_info_json.o include/./simulation/simulation_info_json.c
x86_64-linux-gnu-gcc -Os -fno-stack-protector -Wno-parentheses-equality -Wno-unused-variable -fPIC -fdollars-in-identifiers -DOMC_MINIMAL_RUNTIME=1 -DCMINPACK_NO_DLL=1 -Iinclude/ -Iinclude/fmi2 -I.    -DOMC_MODEL_PREFIX=InvertedPendulum -DOMC_NUM_MIXED_SYSTEMS=0 -DOMC_NUM_LINEAR_SYSTEMS=2 -DOMC_NUM_NONLINEAR_SYSTEMS=0 -DOMC_NDELAY_EXPRESSIONS=0 -DOMC_NVAR_STRING=0  -c -o include/./simulation/options.o include/./simulation/options.c
include/./simulation/simulation_info_json.c: In function 'skipValue':
include/./simulation/simulation_info_json.c:113:19: warning: comparison between pointer and zero character constant [-Wpointer-compare]
         if (str+1 == '\0') {
                   ^~
include/./simulation/simulation_info_json.c:113:13: note: did you mean to dereference the pointer?
         if (str+1 == '\0') {
             ^
x86_64-linux-gnu-gcc -Os -fno-stack-protector -Wno-parentheses-equality -Wno-unused-variable -fPIC -fdollars-in-identifiers -DOMC_MINIMAL_RUNTIME=1 -DCMINPACK_NO_DLL=1 -Iinclude/ -Iinclude/fmi2 -I.    -DOMC_MODEL_PREFIX=InvertedPendulum -DOMC_NUM_MIXED_SYSTEMS=0 -DOMC_NUM_LINEAR_SYSTEMS=2 -DOMC_NUM_NONLINEAR_SYSTEMS=0 -DOMC_NDELAY_EXPRESSIONS=0 -DOMC_NVAR_STRING=0  -c -o include/./simulation/simulation_omc_assert.o include/./simulation/simulation_omc_assert.c
include/./simulation/simulation_info_json.c: At top level:
cc1: warning: unrecognized command line option '-Wno-parentheses-equality'
x86_64-linux-gnu-gcc -Os -fno-stack-protector -Wno-parentheses-equality -Wno-unused-variable -fPIC -fdollars-in-identifiers -DOMC_MINIMAL_RUNTIME=1 -DCMINPACK_NO_DLL=1 -Iinclude/ -Iinclude/fmi2 -I.    -DOMC_MODEL_PREFIX=InvertedPendulum -DOMC_NUM_MIXED_SYSTEMS=0 -DOMC_NUM_LINEAR_SYSTEMS=2 -DOMC_NUM_NONLINEAR_SYSTEMS=0 -DOMC_NDELAY_EXPRESSIONS=0 -DOMC_NVAR_STRING=0  -c -o include/./simulation/omc_simulation_util.o include/./simulation/omc_simulation_util.c
x86_64-linux-gnu-gcc -Os -fno-stack-protector -Wno-parentheses-equality -Wno-unused-variable -fPIC -fdollars-in-identifiers -DOMC_MINIMAL_RUNTIME=1 -DCMINPACK_NO_DLL=1 -Iinclude/ -Iinclude/fmi2 -I.    -DOMC_MODEL_PREFIX=InvertedPendulum -DOMC_NUM_MIXED_SYSTEMS=0 -DOMC_NUM_LINEAR_SYSTEMS=2 -DOMC_NUM_NONLINEAR_SYSTEMS=0 -DOMC_NDELAY_EXPRESSIONS=0 -DOMC_NVAR_STRING=0  -c -o include/./simulation/solver/delay.o include/./simulation/solver/delay.c
x86_64-linux-gnu-gcc -Os -fno-stack-protector -Wno-parentheses-equality -Wno-unused-variable -fPIC -fdollars-in-identifiers -DOMC_MINIMAL_RUNTIME=1 -DCMINPACK_NO_DLL=1 -Iinclude/ -Iinclude/fmi2 -I.    -DOMC_MODEL_PREFIX=InvertedPendulum -DOMC_NUM_MIXED_SYSTEMS=0 -DOMC_NUM_LINEAR_SYSTEMS=2 -DOMC_NUM_NONLINEAR_SYSTEMS=0 -DOMC_NDELAY_EXPRESSIONS=0 -DOMC_NVAR_STRING=0  -c -o include/./simulation/solver/linearSystem.o include/./simulation/solver/linearSystem.c
x86_64-linux-gnu-gcc -Os -fno-stack-protector -Wno-parentheses-equality -Wno-unused-variable -fPIC -fdollars-in-identifiers -DOMC_MINIMAL_RUNTIME=1 -DCMINPACK_NO_DLL=1 -Iinclude/ -Iinclude/fmi2 -I.    -DOMC_MODEL_PREFIX=InvertedPendulum -DOMC_NUM_MIXED_SYSTEMS=0 -DOMC_NUM_LINEAR_SYSTEMS=2 -DOMC_NUM_NONLINEAR_SYSTEMS=0 -DOMC_NDELAY_EXPRESSIONS=0 -DOMC_NVAR_STRING=0  -c -o include/./simulation/solver/linearSolverLapack.o include/./simulation/solver/linearSolverLapack.c
x86_64-linux-gnu-gcc -Os -fno-stack-protector -Wno-parentheses-equality -Wno-unused-variable -fPIC -fdollars-in-identifiers -DOMC_MINIMAL_RUNTIME=1 -DCMINPACK_NO_DLL=1 -Iinclude/ -Iinclude/fmi2 -I.    -DOMC_MODEL_PREFIX=InvertedPendulum -DOMC_NUM_MIXED_SYSTEMS=0 -DOMC_NUM_LINEAR_SYSTEMS=2 -DOMC_NUM_NONLINEAR_SYSTEMS=0 -DOMC_NDELAY_EXPRESSIONS=0 -DOMC_NVAR_STRING=0  -c -o include/./simulation/solver/linearSolverTotalPivot.o include/./simulation/solver/linearSolverTotalPivot.c
x86_64-linux-gnu-gcc -Os -fno-stack-protector -Wno-parentheses-equality -Wno-unused-variable -fPIC -fdollars-in-identifiers -DOMC_MINIMAL_RUNTIME=1 -DCMINPACK_NO_DLL=1 -Iinclude/ -Iinclude/fmi2 -I.    -DOMC_MODEL_PREFIX=InvertedPendulum -DOMC_NUM_MIXED_SYSTEMS=0 -DOMC_NUM_LINEAR_SYSTEMS=2 -DOMC_NUM_NONLINEAR_SYSTEMS=0 -DOMC_NDELAY_EXPRESSIONS=0 -DOMC_NVAR_STRING=0  -c -o include/./simulation/solver/fmi_events.o include/./simulation/solver/fmi_events.c
include/./simulation/solver/fmi_events.c: In function 'checkForDiscreteChanges':
include/./simulation/solver/fmi_events.c:79:74: warning: format '%s' expects argument of type 'char *', but argument 5 has type 'modelica_string {aka void *}' [-Wformat=]
         infoStreamPrint(LOG_EVENTS_V, 0, "discrete var changed: %s from %s to %s", modelData->stringVarsData[i].info.name, v1, v2);
                                                                         ~^
                                                                         %p
include/./simulation/solver/fmi_events.c:79:80: warning: format '%s' expects argument of type 'char *', but argument 6 has type 'modelica_string {aka void *}' [-Wformat=]
         infoStreamPrint(LOG_EVENTS_V, 0, "discrete var changed: %s from %s to %s", modelData->stringVarsData[i].info.name, v1, v2);
                                                                               ~^
                                                                               %p
include/./simulation/solver/fmi_events.c: At top level:
cc1: warning: unrecognized command line option '-Wno-parentheses-equality'
x86_64-linux-gnu-gcc -Os -fno-stack-protector -Wno-parentheses-equality -Wno-unused-variable -fPIC -fdollars-in-identifiers -DOMC_MINIMAL_RUNTIME=1 -DCMINPACK_NO_DLL=1 -Iinclude/ -Iinclude/fmi2 -I.    -DOMC_MODEL_PREFIX=InvertedPendulum -DOMC_NUM_MIXED_SYSTEMS=0 -DOMC_NUM_LINEAR_SYSTEMS=2 -DOMC_NUM_NONLINEAR_SYSTEMS=0 -DOMC_NDELAY_EXPRESSIONS=0 -DOMC_NVAR_STRING=0  -c -o include/./simulation/solver/omc_math.o include/./simulation/solver/omc_math.c
x86_64-linux-gnu-gcc -Os -fno-stack-protector -Wno-parentheses-equality -Wno-unused-variable -fPIC -fdollars-in-identifiers -DOMC_MINIMAL_RUNTIME=1 -DCMINPACK_NO_DLL=1 -Iinclude/ -Iinclude/fmi2 -I.    -DOMC_MODEL_PREFIX=InvertedPendulum -DOMC_NUM_MIXED_SYSTEMS=0 -DOMC_NUM_LINEAR_SYSTEMS=2 -DOMC_NUM_NONLINEAR_SYSTEMS=0 -DOMC_NDELAY_EXPRESSIONS=0 -DOMC_NVAR_STRING=0  -c -o include/./simulation/solver/model_help.o include/./simulation/solver/model_help.c
x86_64-linux-gnu-gcc -Os -fno-stack-protector -Wno-parentheses-equality -Wno-unused-variable -fPIC -fdollars-in-identifiers -DOMC_MINIMAL_RUNTIME=1 -DCMINPACK_NO_DLL=1 -Iinclude/ -Iinclude/fmi2 -I.    -DOMC_MODEL_PREFIX=InvertedPendulum -DOMC_NUM_MIXED_SYSTEMS=0 -DOMC_NUM_LINEAR_SYSTEMS=2 -DOMC_NUM_NONLINEAR_SYSTEMS=0 -DOMC_NDELAY_EXPRESSIONS=0 -DOMC_NVAR_STRING=0  -c -o include/./simulation/solver/stateset.o include/./simulation/solver/stateset.c
x86_64-linux-gnu-gcc -Os -fno-stack-protector -Wno-parentheses-equality -Wno-unused-variable -fPIC -fdollars-in-identifiers -DOMC_MINIMAL_RUNTIME=1 -DCMINPACK_NO_DLL=1 -Iinclude/ -Iinclude/fmi2 -I.    -DOMC_MODEL_PREFIX=InvertedPendulum -DOMC_NUM_MIXED_SYSTEMS=0 -DOMC_NUM_LINEAR_SYSTEMS=2 -DOMC_NUM_NONLINEAR_SYSTEMS=0 -DOMC_NDELAY_EXPRESSIONS=0 -DOMC_NVAR_STRING=0  -c -o include/./simulation/solver/synchronous.o include/./simulation/solver/synchronous.c
x86_64-linux-gnu-gcc -Os -fno-stack-protector -Wno-parentheses-equality -Wno-unused-variable -fPIC -fdollars-in-identifiers -DOMC_MINIMAL_RUNTIME=1 -DCMINPACK_NO_DLL=1 -Iinclude/ -Iinclude/fmi2 -I.    -DOMC_MODEL_PREFIX=InvertedPendulum -DOMC_NUM_MIXED_SYSTEMS=0 -DOMC_NUM_LINEAR_SYSTEMS=2 -DOMC_NUM_NONLINEAR_SYSTEMS=0 -DOMC_NDELAY_EXPRESSIONS=0 -DOMC_NVAR_STRING=0  -c -o include/./simulation/solver/initialization/initialization.o include/./simulation/solver/initialization/initialization.c
x86_64-linux-gnu-gcc -Os -fno-stack-protector -Wno-parentheses-equality -Wno-unused-variable -fPIC -fdollars-in-identifiers -DOMC_MINIMAL_RUNTIME=1 -DCMINPACK_NO_DLL=1 -Iinclude/ -Iinclude/fmi2 -I.    -DOMC_MODEL_PREFIX=InvertedPendulum -DOMC_NUM_MIXED_SYSTEMS=0 -DOMC_NUM_LINEAR_SYSTEMS=2 -DOMC_NUM_NONLINEAR_SYSTEMS=0 -DOMC_NDELAY_EXPRESSIONS=0 -DOMC_NVAR_STRING=0  -c -o include/./meta/meta_modelica_catch.o include/./meta/meta_modelica_catch.c
x86_64-linux-gnu-gcc -Os -fno-stack-protector -Wno-parentheses-equality -Wno-unused-variable -fPIC -fdollars-in-identifiers -DOMC_MINIMAL_RUNTIME=1 -DCMINPACK_NO_DLL=1 -Iinclude/ -Iinclude/fmi2 -I.    -DOMC_MODEL_PREFIX=InvertedPendulum -DOMC_NUM_MIXED_SYSTEMS=0 -DOMC_NUM_LINEAR_SYSTEMS=2 -DOMC_NUM_NONLINEAR_SYSTEMS=0 -DOMC_NDELAY_EXPRESSIONS=0 -DOMC_NVAR_STRING=0  -c -o include/./external_solvers/dgesv.o include/./external_solvers/dgesv.c
x86_64-linux-gnu-gcc -Os -fno-stack-protector -Wno-parentheses-equality -Wno-unused-variable -fPIC -fdollars-in-identifiers -DOMC_MINIMAL_RUNTIME=1 -DCMINPACK_NO_DLL=1 -Iinclude/ -Iinclude/fmi2 -I.    -DOMC_MODEL_PREFIX=InvertedPendulum -DOMC_NUM_MIXED_SYSTEMS=0 -DOMC_NUM_LINEAR_SYSTEMS=2 -DOMC_NUM_NONLINEAR_SYSTEMS=0 -DOMC_NDELAY_EXPRESSIONS=0 -DOMC_NVAR_STRING=0  -c -o include/./external_solvers/dgetrf.o include/./external_solvers/dgetrf.c
x86_64-linux-gnu-gcc -Os -fno-stack-protector -Wno-parentheses-equality -Wno-unused-variable -fPIC -fdollars-in-identifiers -DOMC_MINIMAL_RUNTIME=1 -DCMINPACK_NO_DLL=1 -Iinclude/ -Iinclude/fmi2 -I.    -DOMC_MODEL_PREFIX=InvertedPendulum -DOMC_NUM_MIXED_SYSTEMS=0 -DOMC_NUM_LINEAR_SYSTEMS=2 -DOMC_NUM_NONLINEAR_SYSTEMS=0 -DOMC_NDELAY_EXPRESSIONS=0 -DOMC_NVAR_STRING=0  -c -o include/./external_solvers/dlamch.o include/./external_solvers/dlamch.c
x86_64-linux-gnu-gcc -Os -fno-stack-protector -Wno-parentheses-equality -Wno-unused-variable -fPIC -fdollars-in-identifiers -DOMC_MINIMAL_RUNTIME=1 -DCMINPACK_NO_DLL=1 -Iinclude/ -Iinclude/fmi2 -I.    -DOMC_MODEL_PREFIX=InvertedPendulum -DOMC_NUM_MIXED_SYSTEMS=0 -DOMC_NUM_LINEAR_SYSTEMS=2 -DOMC_NUM_NONLINEAR_SYSTEMS=0 -DOMC_NDELAY_EXPRESSIONS=0 -DOMC_NVAR_STRING=0  -c -o include/./external_solvers/ilaenv.o include/./external_solvers/ilaenv.c
x86_64-linux-gnu-gcc -Os -fno-stack-protector -Wno-parentheses-equality -Wno-unused-variable -fPIC -fdollars-in-identifiers -DOMC_MINIMAL_RUNTIME=1 -DCMINPACK_NO_DLL=1 -Iinclude/ -Iinclude/fmi2 -I.    -DOMC_MODEL_PREFIX=InvertedPendulum -DOMC_NUM_MIXED_SYSTEMS=0 -DOMC_NUM_LINEAR_SYSTEMS=2 -DOMC_NUM_NONLINEAR_SYSTEMS=0 -DOMC_NDELAY_EXPRESSIONS=0 -DOMC_NVAR_STRING=0  -c -o include/./external_solvers/xerbla.o include/./external_solvers/xerbla.c
x86_64-linux-gnu-gcc -Os -fno-stack-protector -Wno-parentheses-equality -Wno-unused-variable -fPIC -fdollars-in-identifiers -DOMC_MINIMAL_RUNTIME=1 -DCMINPACK_NO_DLL=1 -Iinclude/ -Iinclude/fmi2 -I.    -DOMC_MODEL_PREFIX=InvertedPendulum -DOMC_NUM_MIXED_SYSTEMS=0 -DOMC_NUM_LINEAR_SYSTEMS=2 -DOMC_NUM_NONLINEAR_SYSTEMS=0 -DOMC_NDELAY_EXPRESSIONS=0 -DOMC_NVAR_STRING=0  -c -o include/./external_solvers/dgetf2.o include/./external_solvers/dgetf2.c
x86_64-linux-gnu-gcc -Os -fno-stack-protector -Wno-parentheses-equality -Wno-unused-variable -fPIC -fdollars-in-identifiers -DOMC_MINIMAL_RUNTIME=1 -DCMINPACK_NO_DLL=1 -Iinclude/ -Iinclude/fmi2 -I.    -DOMC_MODEL_PREFIX=InvertedPendulum -DOMC_NUM_MIXED_SYSTEMS=0 -DOMC_NUM_LINEAR_SYSTEMS=2 -DOMC_NUM_NONLINEAR_SYSTEMS=0 -DOMC_NDELAY_EXPRESSIONS=0 -DOMC_NVAR_STRING=0  -c -o include/./external_solvers/dgetrs.o include/./external_solvers/dgetrs.c
x86_64-linux-gnu-gcc -Os -fno-stack-protector -Wno-parentheses-equality -Wno-unused-variable -fPIC -fdollars-in-identifiers -DOMC_MINIMAL_RUNTIME=1 -DCMINPACK_NO_DLL=1 -Iinclude/ -Iinclude/fmi2 -I.    -DOMC_MODEL_PREFIX=InvertedPendulum -DOMC_NUM_MIXED_SYSTEMS=0 -DOMC_NUM_LINEAR_SYSTEMS=2 -DOMC_NUM_NONLINEAR_SYSTEMS=0 -DOMC_NDELAY_EXPRESSIONS=0 -DOMC_NVAR_STRING=0  -c -o include/./external_solvers/dlaswp.o include/./external_solvers/dlaswp.c
x86_64-linux-gnu-gcc -Os -fno-stack-protector -Wno-parentheses-equality -Wno-unused-variable -fPIC -fdollars-in-identifiers -DOMC_MINIMAL_RUNTIME=1 -DCMINPACK_NO_DLL=1 -Iinclude/ -Iinclude/fmi2 -I.    -DOMC_MODEL_PREFIX=InvertedPendulum -DOMC_NUM_MIXED_SYSTEMS=0 -DOMC_NUM_LINEAR_SYSTEMS=2 -DOMC_NUM_NONLINEAR_SYSTEMS=0 -DOMC_NDELAY_EXPRESSIONS=0 -DOMC_NVAR_STRING=0  -c -o include/./external_solvers/ieeeck.o include/./external_solvers/ieeeck.c
x86_64-linux-gnu-gcc -Os -fno-stack-protector -Wno-parentheses-equality -Wno-unused-variable -fPIC -fdollars-in-identifiers -DOMC_MINIMAL_RUNTIME=1 -DCMINPACK_NO_DLL=1 -Iinclude/ -Iinclude/fmi2 -I.    -DOMC_MODEL_PREFIX=InvertedPendulum -DOMC_NUM_MIXED_SYSTEMS=0 -DOMC_NUM_LINEAR_SYSTEMS=2 -DOMC_NUM_NONLINEAR_SYSTEMS=0 -DOMC_NDELAY_EXPRESSIONS=0 -DOMC_NVAR_STRING=0  -c -o include/./external_solvers/iparmq.o include/./external_solvers/iparmq.c
x86_64-linux-gnu-gcc -Os -fno-stack-protector -Wno-parentheses-equality -Wno-unused-variable -fPIC -fdollars-in-identifiers -DOMC_MINIMAL_RUNTIME=1 -DCMINPACK_NO_DLL=1 -Iinclude/ -Iinclude/fmi2 -I.    -DOMC_MODEL_PREFIX=InvertedPendulum -DOMC_NUM_MIXED_SYSTEMS=0 -DOMC_NUM_LINEAR_SYSTEMS=2 -DOMC_NUM_NONLINEAR_SYSTEMS=0 -DOMC_NDELAY_EXPRESSIONS=0 -DOMC_NVAR_STRING=0  -c -o include/./external_solvers/dgemm.o include/./external_solvers/dgemm.c
x86_64-linux-gnu-gcc -Os -fno-stack-protector -Wno-parentheses-equality -Wno-unused-variable -fPIC -fdollars-in-identifiers -DOMC_MINIMAL_RUNTIME=1 -DCMINPACK_NO_DLL=1 -Iinclude/ -Iinclude/fmi2 -I.    -DOMC_MODEL_PREFIX=InvertedPendulum -DOMC_NUM_MIXED_SYSTEMS=0 -DOMC_NUM_LINEAR_SYSTEMS=2 -DOMC_NUM_NONLINEAR_SYSTEMS=0 -DOMC_NDELAY_EXPRESSIONS=0 -DOMC_NVAR_STRING=0  -c -o include/./external_solvers/dger.o include/./external_solvers/dger.c
x86_64-linux-gnu-gcc -Os -fno-stack-protector -Wno-parentheses-equality -Wno-unused-variable -fPIC -fdollars-in-identifiers -DOMC_MINIMAL_RUNTIME=1 -DCMINPACK_NO_DLL=1 -Iinclude/ -Iinclude/fmi2 -I.    -DOMC_MODEL_PREFIX=InvertedPendulum -DOMC_NUM_MIXED_SYSTEMS=0 -DOMC_NUM_LINEAR_SYSTEMS=2 -DOMC_NUM_NONLINEAR_SYSTEMS=0 -DOMC_NDELAY_EXPRESSIONS=0 -DOMC_NVAR_STRING=0  -c -o include/./external_solvers/dscal.o include/./external_solvers/dscal.c
x86_64-linux-gnu-gcc -Os -fno-stack-protector -Wno-parentheses-equality -Wno-unused-variable -fPIC -fdollars-in-identifiers -DOMC_MINIMAL_RUNTIME=1 -DCMINPACK_NO_DLL=1 -Iinclude/ -Iinclude/fmi2 -I.    -DOMC_MODEL_PREFIX=InvertedPendulum -DOMC_NUM_MIXED_SYSTEMS=0 -DOMC_NUM_LINEAR_SYSTEMS=2 -DOMC_NUM_NONLINEAR_SYSTEMS=0 -DOMC_NDELAY_EXPRESSIONS=0 -DOMC_NVAR_STRING=0  -c -o include/./external_solvers/dswap.o include/./external_solvers/dswap.c
x86_64-linux-gnu-gcc -Os -fno-stack-protector -Wno-parentheses-equality -Wno-unused-variable -fPIC -fdollars-in-identifiers -DOMC_MINIMAL_RUNTIME=1 -DCMINPACK_NO_DLL=1 -Iinclude/ -Iinclude/fmi2 -I.    -DOMC_MODEL_PREFIX=InvertedPendulum -DOMC_NUM_MIXED_SYSTEMS=0 -DOMC_NUM_LINEAR_SYSTEMS=2 -DOMC_NUM_NONLINEAR_SYSTEMS=0 -DOMC_NDELAY_EXPRESSIONS=0 -DOMC_NVAR_STRING=0  -c -o include/./external_solvers/dtrsm.o include/./external_solvers/dtrsm.c
x86_64-linux-gnu-gcc -Os -fno-stack-protector -Wno-parentheses-equality -Wno-unused-variable -fPIC -fdollars-in-identifiers -DOMC_MINIMAL_RUNTIME=1 -DCMINPACK_NO_DLL=1 -Iinclude/ -Iinclude/fmi2 -I.    -DOMC_MODEL_PREFIX=InvertedPendulum -DOMC_NUM_MIXED_SYSTEMS=0 -DOMC_NUM_LINEAR_SYSTEMS=2 -DOMC_NUM_NONLINEAR_SYSTEMS=0 -DOMC_NDELAY_EXPRESSIONS=0 -DOMC_NVAR_STRING=0  -c -o include/./external_solvers/idamax.o include/./external_solvers/idamax.c
x86_64-linux-gnu-gcc -Os -fno-stack-protector -Wno-parentheses-equality -Wno-unused-variable -fPIC -fdollars-in-identifiers -DOMC_MINIMAL_RUNTIME=1 -DCMINPACK_NO_DLL=1 -Iinclude/ -Iinclude/fmi2 -I.    -DOMC_MODEL_PREFIX=InvertedPendulum -DOMC_NUM_MIXED_SYSTEMS=0 -DOMC_NUM_LINEAR_SYSTEMS=2 -DOMC_NUM_NONLINEAR_SYSTEMS=0 -DOMC_NDELAY_EXPRESSIONS=0 -DOMC_NVAR_STRING=0  -c -o include/./external_solvers/lsame.o include/./external_solvers/lsame.c
x86_64-linux-gnu-gcc -Os -fno-stack-protector -Wno-parentheses-equality -Wno-unused-variable -fPIC -fdollars-in-identifiers -DOMC_MINIMAL_RUNTIME=1 -DCMINPACK_NO_DLL=1 -Iinclude/ -Iinclude/fmi2 -I.    -DOMC_MODEL_PREFIX=InvertedPendulum -DOMC_NUM_MIXED_SYSTEMS=0 -DOMC_NUM_LINEAR_SYSTEMS=2 -DOMC_NUM_NONLINEAR_SYSTEMS=0 -DOMC_NDELAY_EXPRESSIONS=0 -DOMC_NVAR_STRING=0  -c -o include/./external_solvers/i_nint.o include/./external_solvers/i_nint.c
x86_64-linux-gnu-gcc -Os -fno-stack-protector -Wno-parentheses-equality -Wno-unused-variable -fPIC -fdollars-in-identifiers -DOMC_MINIMAL_RUNTIME=1 -DCMINPACK_NO_DLL=1 -Iinclude/ -Iinclude/fmi2 -I.    -DOMC_MODEL_PREFIX=InvertedPendulum -DOMC_NUM_MIXED_SYSTEMS=0 -DOMC_NUM_LINEAR_SYSTEMS=2 -DOMC_NUM_NONLINEAR_SYSTEMS=0 -DOMC_NDELAY_EXPRESSIONS=0 -DOMC_NVAR_STRING=0  -c -o include/./external_solvers/pow_di.o include/./external_solvers/pow_di.c
x86_64-linux-gnu-gcc -Os -fno-stack-protector -Wno-parentheses-equality -Wno-unused-variable -fPIC -fdollars-in-identifiers -DOMC_MINIMAL_RUNTIME=1 -DCMINPACK_NO_DLL=1 -Iinclude/ -Iinclude/fmi2 -I.    -DOMC_MODEL_PREFIX=InvertedPendulum -DOMC_NUM_MIXED_SYSTEMS=0 -DOMC_NUM_LINEAR_SYSTEMS=2 -DOMC_NUM_NONLINEAR_SYSTEMS=0 -DOMC_NDELAY_EXPRESSIONS=0 -DOMC_NVAR_STRING=0  -c -o include/./external_solvers/s_cmp.o include/./external_solvers/s_cmp.c
x86_64-linux-gnu-gcc -Os -fno-stack-protector -Wno-parentheses-equality -Wno-unused-variable -fPIC -fdollars-in-identifiers -DOMC_MINIMAL_RUNTIME=1 -DCMINPACK_NO_DLL=1 -Iinclude/ -Iinclude/fmi2 -I.    -DOMC_MODEL_PREFIX=InvertedPendulum -DOMC_NUM_MIXED_SYSTEMS=0 -DOMC_NUM_LINEAR_SYSTEMS=2 -DOMC_NUM_NONLINEAR_SYSTEMS=0 -DOMC_NDELAY_EXPRESSIONS=0 -DOMC_NVAR_STRING=0  -c -o include/./external_solvers/s_copy.o include/./external_solvers/s_copy.c
mkdir -p ../binaries/linux64
x86_64-linux-gnu-gcc -shared -o InvertedPendulum.so InvertedPendulum_FMU.o InvertedPendulum.o InvertedPendulum_functions.o InvertedPendulum_records.o InvertedPendulum_01exo.o InvertedPendulum_02nls.o InvertedPendulum_03lsy.o InvertedPendulum_04set.o InvertedPendulum_05evt.o InvertedPendulum_06inz.o InvertedPendulum_07dly.o InvertedPendulum_08bnd.o InvertedPendulum_09alg.o InvertedPendulum_10asr.o InvertedPendulum_11mix.o InvertedPendulum_12jac.o InvertedPendulum_13opt.o InvertedPendulum_14lnz.o InvertedPendulum_15syn.o InvertedPendulum_16dae.o InvertedPendulum_17inl.o InvertedPendulum_init_fmu.o include/./gc/memory_pool.o include/./gc/omc_gc.o include/./util/base_array.o include/./util/boolean_array.o include/./util/omc_error.o include/./util/division.o include/./util/generic_array.o include/./util/index_spec.o include/./util/integer_array.o include/./util/list.o include/./util/modelica_string.o include/./util/real_array.o include/./util/ringbuffer.o include/./util/string_array.o include/./util/utility.o include/./util/varinfo.o include/./util/ModelicaUtilities.o include/./util/omc_msvc.o include/./util/simulation_options.o include/./util/cJSON.o include/./util/rational.o include/./util/modelica_string_lit.o include/./util/omc_init.o include/./util/omc_mmap.o include/./math-support/pivot.o include/./simulation/simulation_info_json.o include/./simulation/options.o include/./simulation/simulation_omc_assert.o include/./simulation/omc_simulation_util.o include/./simulation/solver/delay.o include/./simulation/solver/linearSystem.o include/./simulation/solver/linearSolverLapack.o include/./simulation/solver/linearSolverTotalPivot.o include/./simulation/solver/fmi_events.o include/./simulation/solver/omc_math.o include/./simulation/solver/model_help.o include/./simulation/solver/stateset.o include/./simulation/solver/synchronous.o include/./simulation/solver/initialization/initialization.o include/./meta/meta_modelica_catch.o include/./external_solvers/dgesv.o include/./external_solvers/dgetrf.o include/./external_solvers/dlamch.o include/./external_solvers/ilaenv.o include/./external_solvers/xerbla.o include/./external_solvers/dgetf2.o include/./external_solvers/dgetrs.o include/./external_solvers/dlaswp.o include/./external_solvers/ieeeck.o include/./external_solvers/iparmq.o include/./external_solvers/dgemm.o include/./external_solvers/dger.o include/./external_solvers/dscal.o include/./external_solvers/dswap.o include/./external_solvers/dtrsm.o include/./external_solvers/idamax.o include/./external_solvers/lsame.o include/./external_solvers/i_nint.o include/./external_solvers/pow_di.o include/./external_solvers/s_cmp.o include/./external_solvers/s_copy.o -L"/home/lapbottom/Programming/Exjobb/Models"   -shared -static-libgcc -lm -lpthread  -shared
cp InvertedPendulum.so InvertedPendulum_FMU.libs ../binaries/linux64/
head -n20 Makefile > ../resources/linux64.summary
make distclean
make[1]: Entering directory '/home/lapbottom/Programming/Exjobb/Models/InvertedPendulum/InvertedPendulum.fmutmp/sources'
rm -f InvertedPendulum.def InvertedPendulum.o InvertedPendulum.a InvertedPendulum.so InvertedPendulum_FMU.o InvertedPendulum.o InvertedPendulum_functions.o InvertedPendulum_records.o InvertedPendulum_01exo.o InvertedPendulum_02nls.o InvertedPendulum_03lsy.o InvertedPendulum_04set.o InvertedPendulum_05evt.o InvertedPendulum_06inz.o InvertedPendulum_07dly.o InvertedPendulum_08bnd.o InvertedPendulum_09alg.o InvertedPendulum_10asr.o InvertedPendulum_11mix.o InvertedPendulum_12jac.o InvertedPendulum_13opt.o InvertedPendulum_14lnz.o InvertedPendulum_15syn.o InvertedPendulum_16dae.o InvertedPendulum_17inl.o InvertedPendulum_init_fmu.o include/./gc/memory_pool.o include/./gc/omc_gc.o include/./util/base_array.o include/./util/boolean_array.o include/./util/omc_error.o include/./util/division.o include/./util/generic_array.o include/./util/index_spec.o include/./util/integer_array.o include/./util/list.o include/./util/modelica_string.o include/./util/real_array.o include/./util/ringbuffer.o include/./util/string_array.o include/./util/utility.o include/./util/varinfo.o include/./util/ModelicaUtilities.o include/./util/omc_msvc.o include/./util/simulation_options.o include/./util/cJSON.o include/./util/rational.o include/./util/modelica_string_lit.o include/./util/omc_init.o include/./util/omc_mmap.o include/./math-support/pivot.o include/./simulation/simulation_info_json.o include/./simulation/options.o include/./simulation/simulation_omc_assert.o include/./simulation/omc_simulation_util.o include/./simulation/solver/delay.o include/./simulation/solver/linearSystem.o include/./simulation/solver/linearSolverLapack.o include/./simulation/solver/linearSolverTotalPivot.o include/./simulation/solver/fmi_events.o include/./simulation/solver/omc_math.o include/./simulation/solver/model_help.o include/./simulation/solver/stateset.o include/./simulation/solver/synchronous.o include/./simulation/solver/initialization/initialization.o include/./meta/meta_modelica_catch.o include/./external_solvers/dgesv.o include/./external_solvers/dgetrf.o include/./external_solvers/dlamch.o include/./external_solvers/ilaenv.o include/./external_solvers/xerbla.o include/./external_solvers/dgetf2.o include/./external_solvers/dgetrs.o include/./external_solvers/dlaswp.o include/./external_solvers/ieeeck.o include/./external_solvers/iparmq.o include/./external_solvers/dgemm.o include/./external_solvers/dger.o include/./external_solvers/dscal.o include/./external_solvers/dswap.o include/./external_solvers/dtrsm.o include/./external_solvers/idamax.o include/./external_solvers/lsame.o include/./external_solvers/i_nint.o include/./external_solvers/pow_di.o include/./external_solvers/s_cmp.o include/./external_solvers/s_copy.o
rm -f Makefile config.status config.log
make[1]: Leaving directory '/home/lapbottom/Programming/Exjobb/Models/InvertedPendulum/InvertedPendulum.fmutmp/sources'
