Determining if the off_t exist failed with the following output:
Change Dir: /home/lapbottom/Programming/Exjobb/FMIL/svn.jmodelica.org/FMILibrary/tags/2.0.3/build/ExpatEx/CMakeFiles/CMakeTmp

Run Build Command:"/usr/bin/make" "cmTC_70547/fast"
make[3]: Entering directory '/home/lapbottom/Programming/Exjobb/FMIL/svn.jmodelica.org/FMILibrary/tags/2.0.3/build/ExpatEx/CMakeFiles/CMakeTmp'
/usr/bin/make -f CMakeFiles/cmTC_70547.dir/build.make CMakeFiles/cmTC_70547.dir/build
make[4]: Entering directory '/home/lapbottom/Programming/Exjobb/FMIL/svn.jmodelica.org/FMILibrary/tags/2.0.3/build/ExpatEx/CMakeFiles/CMakeTmp'
Building C object CMakeFiles/cmTC_70547.dir/CheckSymbolExists.c.o
/usr/bin/cc   -std=c89 -pedantic -Wall -Wno-unused-function -fvisibility=hidden -fPIC -DXML_STATIC -DFMI_XML_QUERY    -o CMakeFiles/cmTC_70547.dir/CheckSymbolExists.c.o   -c /home/lapbottom/Programming/Exjobb/FMIL/svn.jmodelica.org/FMILibrary/tags/2.0.3/build/ExpatEx/CMakeFiles/CMakeTmp/CheckSymbolExists.c
/home/lapbottom/Programming/Exjobb/FMIL/svn.jmodelica.org/FMILibrary/tags/2.0.3/build/ExpatEx/CMakeFiles/CMakeTmp/CheckSymbolExists.c: In function ‘main’:
/home/lapbottom/Programming/Exjobb/FMIL/svn.jmodelica.org/FMILibrary/tags/2.0.3/build/ExpatEx/CMakeFiles/CMakeTmp/CheckSymbolExists.c:8:19: error: expected expression before ‘off_t’
   return ((int*)(&off_t))[argc];
                   ^~~~~
/home/lapbottom/Programming/Exjobb/FMIL/svn.jmodelica.org/FMILibrary/tags/2.0.3/build/ExpatEx/CMakeFiles/CMakeTmp/CheckSymbolExists.c:13:1: warning: control reaches end of non-void function [-Wreturn-type]
 }
 ^
CMakeFiles/cmTC_70547.dir/build.make:65: recipe for target 'CMakeFiles/cmTC_70547.dir/CheckSymbolExists.c.o' failed
make[4]: *** [CMakeFiles/cmTC_70547.dir/CheckSymbolExists.c.o] Error 1
make[4]: Leaving directory '/home/lapbottom/Programming/Exjobb/FMIL/svn.jmodelica.org/FMILibrary/tags/2.0.3/build/ExpatEx/CMakeFiles/CMakeTmp'
Makefile:126: recipe for target 'cmTC_70547/fast' failed
make[3]: *** [cmTC_70547/fast] Error 2
make[3]: Leaving directory '/home/lapbottom/Programming/Exjobb/FMIL/svn.jmodelica.org/FMILibrary/tags/2.0.3/build/ExpatEx/CMakeFiles/CMakeTmp'

File /home/lapbottom/Programming/Exjobb/FMIL/svn.jmodelica.org/FMILibrary/tags/2.0.3/build/ExpatEx/CMakeFiles/CMakeTmp/CheckSymbolExists.c:
/* */
#include <sys/types.h>

int main(int argc, char** argv)
{
  (void)argv;
#ifndef off_t
  return ((int*)(&off_t))[argc];
#else
  (void)argc;
  return 0;
#endif
}

Determining if the size_t exist failed with the following output:
Change Dir: /home/lapbottom/Programming/Exjobb/FMIL/svn.jmodelica.org/FMILibrary/tags/2.0.3/build/ExpatEx/CMakeFiles/CMakeTmp

Run Build Command:"/usr/bin/make" "cmTC_5db7b/fast"
make[3]: Entering directory '/home/lapbottom/Programming/Exjobb/FMIL/svn.jmodelica.org/FMILibrary/tags/2.0.3/build/ExpatEx/CMakeFiles/CMakeTmp'
/usr/bin/make -f CMakeFiles/cmTC_5db7b.dir/build.make CMakeFiles/cmTC_5db7b.dir/build
make[4]: Entering directory '/home/lapbottom/Programming/Exjobb/FMIL/svn.jmodelica.org/FMILibrary/tags/2.0.3/build/ExpatEx/CMakeFiles/CMakeTmp'
Building C object CMakeFiles/cmTC_5db7b.dir/CheckSymbolExists.c.o
/usr/bin/cc   -std=c89 -pedantic -Wall -Wno-unused-function -fvisibility=hidden -fPIC -DXML_STATIC -DFMI_XML_QUERY    -o CMakeFiles/cmTC_5db7b.dir/CheckSymbolExists.c.o   -c /home/lapbottom/Programming/Exjobb/FMIL/svn.jmodelica.org/FMILibrary/tags/2.0.3/build/ExpatEx/CMakeFiles/CMakeTmp/CheckSymbolExists.c
/home/lapbottom/Programming/Exjobb/FMIL/svn.jmodelica.org/FMILibrary/tags/2.0.3/build/ExpatEx/CMakeFiles/CMakeTmp/CheckSymbolExists.c: In function ‘main’:
/home/lapbottom/Programming/Exjobb/FMIL/svn.jmodelica.org/FMILibrary/tags/2.0.3/build/ExpatEx/CMakeFiles/CMakeTmp/CheckSymbolExists.c:8:19: error: expected expression before ‘size_t’
   return ((int*)(&size_t))[argc];
                   ^~~~~~
/home/lapbottom/Programming/Exjobb/FMIL/svn.jmodelica.org/FMILibrary/tags/2.0.3/build/ExpatEx/CMakeFiles/CMakeTmp/CheckSymbolExists.c:13:1: warning: control reaches end of non-void function [-Wreturn-type]
 }
 ^
CMakeFiles/cmTC_5db7b.dir/build.make:65: recipe for target 'CMakeFiles/cmTC_5db7b.dir/CheckSymbolExists.c.o' failed
make[4]: *** [CMakeFiles/cmTC_5db7b.dir/CheckSymbolExists.c.o] Error 1
make[4]: Leaving directory '/home/lapbottom/Programming/Exjobb/FMIL/svn.jmodelica.org/FMILibrary/tags/2.0.3/build/ExpatEx/CMakeFiles/CMakeTmp'
Makefile:126: recipe for target 'cmTC_5db7b/fast' failed
make[3]: *** [cmTC_5db7b/fast] Error 2
make[3]: Leaving directory '/home/lapbottom/Programming/Exjobb/FMIL/svn.jmodelica.org/FMILibrary/tags/2.0.3/build/ExpatEx/CMakeFiles/CMakeTmp'

File /home/lapbottom/Programming/Exjobb/FMIL/svn.jmodelica.org/FMILibrary/tags/2.0.3/build/ExpatEx/CMakeFiles/CMakeTmp/CheckSymbolExists.c:
/* */
#include <sys/types.h>

int main(int argc, char** argv)
{
  (void)argv;
#ifndef size_t
  return ((int*)(&size_t))[argc];
#else
  (void)argc;
  return 0;
#endif
}

