The system is: Linux - 4.15.0-20-generic - x86_64
Compiling the C compiler identification source file "CMakeCCompilerId.c" succeeded.
Compiler: /usr/bin/cc 
Build flags: ;-std=c89;-pedantic;-Wall;-Wno-unused-function;-fvisibility=hidden;-fPIC;-DXML_STATIC;-DFMI_XML_QUERY
Id flags:  

The output was:
0


Compilation of the C compiler identification source "CMakeCCompilerId.c" produced "a.out"

The C compiler identification is GNU, found in "/home/lapbottom/Programming/Exjobb/FMIL/svn.jmodelica.org/FMILibrary/tags/2.0.3/build/ExpatEx/CMakeFiles/3.10.2/CompilerIdC/a.out"

Compiling the CXX compiler identification source file "CMakeCXXCompilerId.cpp" succeeded.
Compiler: /usr/bin/c++ 
Build flags: 
Id flags:  

The output was:
0


Compilation of the CXX compiler identification source "CMakeCXXCompilerId.cpp" produced "a.out"

The CXX compiler identification is GNU, found in "/home/lapbottom/Programming/Exjobb/FMIL/svn.jmodelica.org/FMILibrary/tags/2.0.3/build/ExpatEx/CMakeFiles/3.10.2/CompilerIdCXX/a.out"

Determining if the C compiler works passed with the following output:
Change Dir: /home/lapbottom/Programming/Exjobb/FMIL/svn.jmodelica.org/FMILibrary/tags/2.0.3/build/ExpatEx/CMakeFiles/CMakeTmp

Run Build Command:"/usr/bin/make" "cmTC_cb3ce/fast"
make[3]: Entering directory '/home/lapbottom/Programming/Exjobb/FMIL/svn.jmodelica.org/FMILibrary/tags/2.0.3/build/ExpatEx/CMakeFiles/CMakeTmp'
/usr/bin/make -f CMakeFiles/cmTC_cb3ce.dir/build.make CMakeFiles/cmTC_cb3ce.dir/build
make[4]: Entering directory '/home/lapbottom/Programming/Exjobb/FMIL/svn.jmodelica.org/FMILibrary/tags/2.0.3/build/ExpatEx/CMakeFiles/CMakeTmp'
Building C object CMakeFiles/cmTC_cb3ce.dir/testCCompiler.c.o
/usr/bin/cc   -std=c89 -pedantic -Wall -Wno-unused-function -fvisibility=hidden -fPIC -DXML_STATIC -DFMI_XML_QUERY    -o CMakeFiles/cmTC_cb3ce.dir/testCCompiler.c.o   -c /home/lapbottom/Programming/Exjobb/FMIL/svn.jmodelica.org/FMILibrary/tags/2.0.3/build/ExpatEx/CMakeFiles/CMakeTmp/testCCompiler.c
Linking C executable cmTC_cb3ce
/usr/bin/cmake -E cmake_link_script CMakeFiles/cmTC_cb3ce.dir/link.txt --verbose=1
/usr/bin/cc  -std=c89 -pedantic -Wall -Wno-unused-function -fvisibility=hidden -fPIC -DXML_STATIC -DFMI_XML_QUERY     -rdynamic CMakeFiles/cmTC_cb3ce.dir/testCCompiler.c.o  -o cmTC_cb3ce 
make[4]: Leaving directory '/home/lapbottom/Programming/Exjobb/FMIL/svn.jmodelica.org/FMILibrary/tags/2.0.3/build/ExpatEx/CMakeFiles/CMakeTmp'
make[3]: Leaving directory '/home/lapbottom/Programming/Exjobb/FMIL/svn.jmodelica.org/FMILibrary/tags/2.0.3/build/ExpatEx/CMakeFiles/CMakeTmp'


Detecting C compiler ABI info compiled with the following output:
Change Dir: /home/lapbottom/Programming/Exjobb/FMIL/svn.jmodelica.org/FMILibrary/tags/2.0.3/build/ExpatEx/CMakeFiles/CMakeTmp

Run Build Command:"/usr/bin/make" "cmTC_b8268/fast"
make[3]: Entering directory '/home/lapbottom/Programming/Exjobb/FMIL/svn.jmodelica.org/FMILibrary/tags/2.0.3/build/ExpatEx/CMakeFiles/CMakeTmp'
/usr/bin/make -f CMakeFiles/cmTC_b8268.dir/build.make CMakeFiles/cmTC_b8268.dir/build
make[4]: Entering directory '/home/lapbottom/Programming/Exjobb/FMIL/svn.jmodelica.org/FMILibrary/tags/2.0.3/build/ExpatEx/CMakeFiles/CMakeTmp'
Building C object CMakeFiles/cmTC_b8268.dir/CMakeCCompilerABI.c.o
/usr/bin/cc   -std=c89 -pedantic -Wall -Wno-unused-function -fvisibility=hidden -fPIC -DXML_STATIC -DFMI_XML_QUERY    -o CMakeFiles/cmTC_b8268.dir/CMakeCCompilerABI.c.o   -c /usr/share/cmake-3.10/Modules/CMakeCCompilerABI.c
Linking C executable cmTC_b8268
/usr/bin/cmake -E cmake_link_script CMakeFiles/cmTC_b8268.dir/link.txt --verbose=1
/usr/bin/cc  -std=c89 -pedantic -Wall -Wno-unused-function -fvisibility=hidden -fPIC -DXML_STATIC -DFMI_XML_QUERY    -v -rdynamic CMakeFiles/cmTC_b8268.dir/CMakeCCompilerABI.c.o  -o cmTC_b8268 
Using built-in specs.
COLLECT_GCC=/usr/bin/cc
COLLECT_LTO_WRAPPER=/usr/lib/gcc/x86_64-linux-gnu/7/lto-wrapper
OFFLOAD_TARGET_NAMES=nvptx-none
OFFLOAD_TARGET_DEFAULT=1
Target: x86_64-linux-gnu
Configured with: ../src/configure -v --with-pkgversion='Ubuntu 7.4.0-1ubuntu1~18.04' --with-bugurl=file:///usr/share/doc/gcc-7/README.Bugs --enable-languages=c,ada,c++,go,brig,d,fortran,objc,obj-c++ --prefix=/usr --with-gcc-major-version-only --program-suffix=-7 --program-prefix=x86_64-linux-gnu- --enable-shared --enable-linker-build-id --libexecdir=/usr/lib --without-included-gettext --enable-threads=posix --libdir=/usr/lib --enable-nls --with-sysroot=/ --enable-clocale=gnu --enable-libstdcxx-debug --enable-libstdcxx-time=yes --with-default-libstdcxx-abi=new --enable-gnu-unique-object --disable-vtable-verify --enable-libmpx --enable-plugin --enable-default-pie --with-system-zlib --with-target-system-zlib --enable-objc-gc=auto --enable-multiarch --disable-werror --with-arch-32=i686 --with-abi=m64 --with-multilib-list=m32,m64,mx32 --enable-multilib --with-tune=generic --enable-offload-targets=nvptx-none --without-cuda-driver --enable-checking=release --build=x86_64-linux-gnu --host=x86_64-linux-gnu --target=x86_64-linux-gnu
Thread model: posix
gcc version 7.4.0 (Ubuntu 7.4.0-1ubuntu1~18.04) 
COMPILER_PATH=/usr/lib/gcc/x86_64-linux-gnu/7/:/usr/lib/gcc/x86_64-linux-gnu/7/:/usr/lib/gcc/x86_64-linux-gnu/:/usr/lib/gcc/x86_64-linux-gnu/7/:/usr/lib/gcc/x86_64-linux-gnu/
LIBRARY_PATH=/usr/lib/gcc/x86_64-linux-gnu/7/:/usr/lib/gcc/x86_64-linux-gnu/7/../../../x86_64-linux-gnu/:/usr/lib/gcc/x86_64-linux-gnu/7/../../../../lib/:/lib/x86_64-linux-gnu/:/lib/../lib/:/usr/lib/x86_64-linux-gnu/:/usr/lib/../lib/:/usr/lib/gcc/x86_64-linux-gnu/7/../../../:/lib/:/usr/lib/
COLLECT_GCC_OPTIONS='-std=c90' '-Wpedantic' '-Wall' '-Wno-unused-function' '-fvisibility=hidden' '-fPIC' '-D' 'XML_STATIC' '-D' 'FMI_XML_QUERY' '-v' '-rdynamic' '-o' 'cmTC_b8268' '-mtune=generic' '-march=x86-64'
 /usr/lib/gcc/x86_64-linux-gnu/7/collect2 -plugin /usr/lib/gcc/x86_64-linux-gnu/7/liblto_plugin.so -plugin-opt=/usr/lib/gcc/x86_64-linux-gnu/7/lto-wrapper -plugin-opt=-fresolution=/tmp/ccao6U4F.res -plugin-opt=-pass-through=-lgcc -plugin-opt=-pass-through=-lgcc_s -plugin-opt=-pass-through=-lc -plugin-opt=-pass-through=-lgcc -plugin-opt=-pass-through=-lgcc_s --sysroot=/ --build-id --eh-frame-hdr -m elf_x86_64 --hash-style=gnu --as-needed -export-dynamic -dynamic-linker /lib64/ld-linux-x86-64.so.2 -pie -z now -z relro -o cmTC_b8268 /usr/lib/gcc/x86_64-linux-gnu/7/../../../x86_64-linux-gnu/Scrt1.o /usr/lib/gcc/x86_64-linux-gnu/7/../../../x86_64-linux-gnu/crti.o /usr/lib/gcc/x86_64-linux-gnu/7/crtbeginS.o -L/usr/lib/gcc/x86_64-linux-gnu/7 -L/usr/lib/gcc/x86_64-linux-gnu/7/../../../x86_64-linux-gnu -L/usr/lib/gcc/x86_64-linux-gnu/7/../../../../lib -L/lib/x86_64-linux-gnu -L/lib/../lib -L/usr/lib/x86_64-linux-gnu -L/usr/lib/../lib -L/usr/lib/gcc/x86_64-linux-gnu/7/../../.. CMakeFiles/cmTC_b8268.dir/CMakeCCompilerABI.c.o -lgcc --push-state --as-needed -lgcc_s --pop-state -lc -lgcc --push-state --as-needed -lgcc_s --pop-state /usr/lib/gcc/x86_64-linux-gnu/7/crtendS.o /usr/lib/gcc/x86_64-linux-gnu/7/../../../x86_64-linux-gnu/crtn.o
COLLECT_GCC_OPTIONS='-std=c90' '-Wpedantic' '-Wall' '-Wno-unused-function' '-fvisibility=hidden' '-fPIC' '-D' 'XML_STATIC' '-D' 'FMI_XML_QUERY' '-v' '-rdynamic' '-o' 'cmTC_b8268' '-mtune=generic' '-march=x86-64'
make[4]: Leaving directory '/home/lapbottom/Programming/Exjobb/FMIL/svn.jmodelica.org/FMILibrary/tags/2.0.3/build/ExpatEx/CMakeFiles/CMakeTmp'
make[3]: Leaving directory '/home/lapbottom/Programming/Exjobb/FMIL/svn.jmodelica.org/FMILibrary/tags/2.0.3/build/ExpatEx/CMakeFiles/CMakeTmp'


Parsed C implicit link information from above output:
  link line regex: [^( *|.*[/\])(ld|CMAKE_LINK_STARTFILE-NOTFOUND|([^/\]+-)?ld|collect2)[^/\]*( |$)]
  ignore line: [Change Dir: /home/lapbottom/Programming/Exjobb/FMIL/svn.jmodelica.org/FMILibrary/tags/2.0.3/build/ExpatEx/CMakeFiles/CMakeTmp]
  ignore line: []
  ignore line: [Run Build Command:"/usr/bin/make" "cmTC_b8268/fast"]
  ignore line: [make[3]: Entering directory '/home/lapbottom/Programming/Exjobb/FMIL/svn.jmodelica.org/FMILibrary/tags/2.0.3/build/ExpatEx/CMakeFiles/CMakeTmp']
  ignore line: [/usr/bin/make -f CMakeFiles/cmTC_b8268.dir/build.make CMakeFiles/cmTC_b8268.dir/build]
  ignore line: [make[4]: Entering directory '/home/lapbottom/Programming/Exjobb/FMIL/svn.jmodelica.org/FMILibrary/tags/2.0.3/build/ExpatEx/CMakeFiles/CMakeTmp']
  ignore line: [Building C object CMakeFiles/cmTC_b8268.dir/CMakeCCompilerABI.c.o]
  ignore line: [/usr/bin/cc   -std=c89 -pedantic -Wall -Wno-unused-function -fvisibility=hidden -fPIC -DXML_STATIC -DFMI_XML_QUERY    -o CMakeFiles/cmTC_b8268.dir/CMakeCCompilerABI.c.o   -c /usr/share/cmake-3.10/Modules/CMakeCCompilerABI.c]
  ignore line: [Linking C executable cmTC_b8268]
  ignore line: [/usr/bin/cmake -E cmake_link_script CMakeFiles/cmTC_b8268.dir/link.txt --verbose=1]
  ignore line: [/usr/bin/cc  -std=c89 -pedantic -Wall -Wno-unused-function -fvisibility=hidden -fPIC -DXML_STATIC -DFMI_XML_QUERY    -v -rdynamic CMakeFiles/cmTC_b8268.dir/CMakeCCompilerABI.c.o  -o cmTC_b8268 ]
  ignore line: [Using built-in specs.]
  ignore line: [COLLECT_GCC=/usr/bin/cc]
  ignore line: [COLLECT_LTO_WRAPPER=/usr/lib/gcc/x86_64-linux-gnu/7/lto-wrapper]
  ignore line: [OFFLOAD_TARGET_NAMES=nvptx-none]
  ignore line: [OFFLOAD_TARGET_DEFAULT=1]
  ignore line: [Target: x86_64-linux-gnu]
  ignore line: [Configured with: ../src/configure -v --with-pkgversion='Ubuntu 7.4.0-1ubuntu1~18.04' --with-bugurl=file:///usr/share/doc/gcc-7/README.Bugs --enable-languages=c,ada,c++,go,brig,d,fortran,objc,obj-c++ --prefix=/usr --with-gcc-major-version-only --program-suffix=-7 --program-prefix=x86_64-linux-gnu- --enable-shared --enable-linker-build-id --libexecdir=/usr/lib --without-included-gettext --enable-threads=posix --libdir=/usr/lib --enable-nls --with-sysroot=/ --enable-clocale=gnu --enable-libstdcxx-debug --enable-libstdcxx-time=yes --with-default-libstdcxx-abi=new --enable-gnu-unique-object --disable-vtable-verify --enable-libmpx --enable-plugin --enable-default-pie --with-system-zlib --with-target-system-zlib --enable-objc-gc=auto --enable-multiarch --disable-werror --with-arch-32=i686 --with-abi=m64 --with-multilib-list=m32,m64,mx32 --enable-multilib --with-tune=generic --enable-offload-targets=nvptx-none --without-cuda-driver --enable-checking=release --build=x86_64-linux-gnu --host=x86_64-linux-gnu --target=x86_64-linux-gnu]
  ignore line: [Thread model: posix]
  ignore line: [gcc version 7.4.0 (Ubuntu 7.4.0-1ubuntu1~18.04) ]
  ignore line: [COMPILER_PATH=/usr/lib/gcc/x86_64-linux-gnu/7/:/usr/lib/gcc/x86_64-linux-gnu/7/:/usr/lib/gcc/x86_64-linux-gnu/:/usr/lib/gcc/x86_64-linux-gnu/7/:/usr/lib/gcc/x86_64-linux-gnu/]
  ignore line: [LIBRARY_PATH=/usr/lib/gcc/x86_64-linux-gnu/7/:/usr/lib/gcc/x86_64-linux-gnu/7/../../../x86_64-linux-gnu/:/usr/lib/gcc/x86_64-linux-gnu/7/../../../../lib/:/lib/x86_64-linux-gnu/:/lib/../lib/:/usr/lib/x86_64-linux-gnu/:/usr/lib/../lib/:/usr/lib/gcc/x86_64-linux-gnu/7/../../../:/lib/:/usr/lib/]
  ignore line: [COLLECT_GCC_OPTIONS='-std=c90' '-Wpedantic' '-Wall' '-Wno-unused-function' '-fvisibility=hidden' '-fPIC' '-D' 'XML_STATIC' '-D' 'FMI_XML_QUERY' '-v' '-rdynamic' '-o' 'cmTC_b8268' '-mtune=generic' '-march=x86-64']
  link line: [ /usr/lib/gcc/x86_64-linux-gnu/7/collect2 -plugin /usr/lib/gcc/x86_64-linux-gnu/7/liblto_plugin.so -plugin-opt=/usr/lib/gcc/x86_64-linux-gnu/7/lto-wrapper -plugin-opt=-fresolution=/tmp/ccao6U4F.res -plugin-opt=-pass-through=-lgcc -plugin-opt=-pass-through=-lgcc_s -plugin-opt=-pass-through=-lc -plugin-opt=-pass-through=-lgcc -plugin-opt=-pass-through=-lgcc_s --sysroot=/ --build-id --eh-frame-hdr -m elf_x86_64 --hash-style=gnu --as-needed -export-dynamic -dynamic-linker /lib64/ld-linux-x86-64.so.2 -pie -z now -z relro -o cmTC_b8268 /usr/lib/gcc/x86_64-linux-gnu/7/../../../x86_64-linux-gnu/Scrt1.o /usr/lib/gcc/x86_64-linux-gnu/7/../../../x86_64-linux-gnu/crti.o /usr/lib/gcc/x86_64-linux-gnu/7/crtbeginS.o -L/usr/lib/gcc/x86_64-linux-gnu/7 -L/usr/lib/gcc/x86_64-linux-gnu/7/../../../x86_64-linux-gnu -L/usr/lib/gcc/x86_64-linux-gnu/7/../../../../lib -L/lib/x86_64-linux-gnu -L/lib/../lib -L/usr/lib/x86_64-linux-gnu -L/usr/lib/../lib -L/usr/lib/gcc/x86_64-linux-gnu/7/../../.. CMakeFiles/cmTC_b8268.dir/CMakeCCompilerABI.c.o -lgcc --push-state --as-needed -lgcc_s --pop-state -lc -lgcc --push-state --as-needed -lgcc_s --pop-state /usr/lib/gcc/x86_64-linux-gnu/7/crtendS.o /usr/lib/gcc/x86_64-linux-gnu/7/../../../x86_64-linux-gnu/crtn.o]
    arg [/usr/lib/gcc/x86_64-linux-gnu/7/collect2] ==> ignore
    arg [-plugin] ==> ignore
    arg [/usr/lib/gcc/x86_64-linux-gnu/7/liblto_plugin.so] ==> ignore
    arg [-plugin-opt=/usr/lib/gcc/x86_64-linux-gnu/7/lto-wrapper] ==> ignore
    arg [-plugin-opt=-fresolution=/tmp/ccao6U4F.res] ==> ignore
    arg [-plugin-opt=-pass-through=-lgcc] ==> ignore
    arg [-plugin-opt=-pass-through=-lgcc_s] ==> ignore
    arg [-plugin-opt=-pass-through=-lc] ==> ignore
    arg [-plugin-opt=-pass-through=-lgcc] ==> ignore
    arg [-plugin-opt=-pass-through=-lgcc_s] ==> ignore
    arg [--sysroot=/] ==> ignore
    arg [--build-id] ==> ignore
    arg [--eh-frame-hdr] ==> ignore
    arg [-m] ==> ignore
    arg [elf_x86_64] ==> ignore
    arg [--hash-style=gnu] ==> ignore
    arg [--as-needed] ==> ignore
    arg [-export-dynamic] ==> ignore
    arg [-dynamic-linker] ==> ignore
    arg [/lib64/ld-linux-x86-64.so.2] ==> ignore
    arg [-pie] ==> ignore
    arg [-znow] ==> ignore
    arg [-zrelro] ==> ignore
    arg [-o] ==> ignore
    arg [cmTC_b8268] ==> ignore
    arg [/usr/lib/gcc/x86_64-linux-gnu/7/../../../x86_64-linux-gnu/Scrt1.o] ==> ignore
    arg [/usr/lib/gcc/x86_64-linux-gnu/7/../../../x86_64-linux-gnu/crti.o] ==> ignore
    arg [/usr/lib/gcc/x86_64-linux-gnu/7/crtbeginS.o] ==> ignore
    arg [-L/usr/lib/gcc/x86_64-linux-gnu/7] ==> dir [/usr/lib/gcc/x86_64-linux-gnu/7]
    arg [-L/usr/lib/gcc/x86_64-linux-gnu/7/../../../x86_64-linux-gnu] ==> dir [/usr/lib/gcc/x86_64-linux-gnu/7/../../../x86_64-linux-gnu]
    arg [-L/usr/lib/gcc/x86_64-linux-gnu/7/../../../../lib] ==> dir [/usr/lib/gcc/x86_64-linux-gnu/7/../../../../lib]
    arg [-L/lib/x86_64-linux-gnu] ==> dir [/lib/x86_64-linux-gnu]
    arg [-L/lib/../lib] ==> dir [/lib/../lib]
    arg [-L/usr/lib/x86_64-linux-gnu] ==> dir [/usr/lib/x86_64-linux-gnu]
    arg [-L/usr/lib/../lib] ==> dir [/usr/lib/../lib]
    arg [-L/usr/lib/gcc/x86_64-linux-gnu/7/../../..] ==> dir [/usr/lib/gcc/x86_64-linux-gnu/7/../../..]
    arg [CMakeFiles/cmTC_b8268.dir/CMakeCCompilerABI.c.o] ==> ignore
    arg [-lgcc] ==> lib [gcc]
    arg [--push-state] ==> ignore
    arg [--as-needed] ==> ignore
    arg [-lgcc_s] ==> lib [gcc_s]
    arg [--pop-state] ==> ignore
    arg [-lc] ==> lib [c]
    arg [-lgcc] ==> lib [gcc]
    arg [--push-state] ==> ignore
    arg [--as-needed] ==> ignore
    arg [-lgcc_s] ==> lib [gcc_s]
    arg [--pop-state] ==> ignore
    arg [/usr/lib/gcc/x86_64-linux-gnu/7/crtendS.o] ==> ignore
    arg [/usr/lib/gcc/x86_64-linux-gnu/7/../../../x86_64-linux-gnu/crtn.o] ==> ignore
  collapse library dir [/usr/lib/gcc/x86_64-linux-gnu/7] ==> [/usr/lib/gcc/x86_64-linux-gnu/7]
  collapse library dir [/usr/lib/gcc/x86_64-linux-gnu/7/../../../x86_64-linux-gnu] ==> [/usr/lib/x86_64-linux-gnu]
  collapse library dir [/usr/lib/gcc/x86_64-linux-gnu/7/../../../../lib] ==> [/usr/lib]
  collapse library dir [/lib/x86_64-linux-gnu] ==> [/lib/x86_64-linux-gnu]
  collapse library dir [/lib/../lib] ==> [/lib]
  collapse library dir [/usr/lib/x86_64-linux-gnu] ==> [/usr/lib/x86_64-linux-gnu]
  collapse library dir [/usr/lib/../lib] ==> [/usr/lib]
  collapse library dir [/usr/lib/gcc/x86_64-linux-gnu/7/../../..] ==> [/usr/lib]
  implicit libs: [gcc;gcc_s;c;gcc;gcc_s]
  implicit dirs: [/usr/lib/gcc/x86_64-linux-gnu/7;/usr/lib/x86_64-linux-gnu;/usr/lib;/lib/x86_64-linux-gnu;/lib]
  implicit fwks: []




Detecting C [-std=c11] compiler features compiled with the following output:
Change Dir: /home/lapbottom/Programming/Exjobb/FMIL/svn.jmodelica.org/FMILibrary/tags/2.0.3/build/ExpatEx/CMakeFiles/CMakeTmp

Run Build Command:"/usr/bin/make" "cmTC_546cb/fast"
make[3]: Entering directory '/home/lapbottom/Programming/Exjobb/FMIL/svn.jmodelica.org/FMILibrary/tags/2.0.3/build/ExpatEx/CMakeFiles/CMakeTmp'
/usr/bin/make -f CMakeFiles/cmTC_546cb.dir/build.make CMakeFiles/cmTC_546cb.dir/build
make[4]: Entering directory '/home/lapbottom/Programming/Exjobb/FMIL/svn.jmodelica.org/FMILibrary/tags/2.0.3/build/ExpatEx/CMakeFiles/CMakeTmp'
Building C object CMakeFiles/cmTC_546cb.dir/feature_tests.c.o
/usr/bin/cc   -std=c89 -pedantic -Wall -Wno-unused-function -fvisibility=hidden -fPIC -DXML_STATIC -DFMI_XML_QUERY    -std=c11 -o CMakeFiles/cmTC_546cb.dir/feature_tests.c.o   -c /home/lapbottom/Programming/Exjobb/FMIL/svn.jmodelica.org/FMILibrary/tags/2.0.3/build/ExpatEx/CMakeFiles/feature_tests.c
Linking C executable cmTC_546cb
/usr/bin/cmake -E cmake_link_script CMakeFiles/cmTC_546cb.dir/link.txt --verbose=1
/usr/bin/cc  -std=c89 -pedantic -Wall -Wno-unused-function -fvisibility=hidden -fPIC -DXML_STATIC -DFMI_XML_QUERY     -rdynamic CMakeFiles/cmTC_546cb.dir/feature_tests.c.o  -o cmTC_546cb 
make[4]: Leaving directory '/home/lapbottom/Programming/Exjobb/FMIL/svn.jmodelica.org/FMILibrary/tags/2.0.3/build/ExpatEx/CMakeFiles/CMakeTmp'
make[3]: Leaving directory '/home/lapbottom/Programming/Exjobb/FMIL/svn.jmodelica.org/FMILibrary/tags/2.0.3/build/ExpatEx/CMakeFiles/CMakeTmp'


    Feature record: C_FEATURE:1c_function_prototypes
    Feature record: C_FEATURE:1c_restrict
    Feature record: C_FEATURE:1c_static_assert
    Feature record: C_FEATURE:1c_variadic_macros


Detecting C [-std=c99] compiler features compiled with the following output:
Change Dir: /home/lapbottom/Programming/Exjobb/FMIL/svn.jmodelica.org/FMILibrary/tags/2.0.3/build/ExpatEx/CMakeFiles/CMakeTmp

Run Build Command:"/usr/bin/make" "cmTC_a573c/fast"
make[3]: Entering directory '/home/lapbottom/Programming/Exjobb/FMIL/svn.jmodelica.org/FMILibrary/tags/2.0.3/build/ExpatEx/CMakeFiles/CMakeTmp'
/usr/bin/make -f CMakeFiles/cmTC_a573c.dir/build.make CMakeFiles/cmTC_a573c.dir/build
make[4]: Entering directory '/home/lapbottom/Programming/Exjobb/FMIL/svn.jmodelica.org/FMILibrary/tags/2.0.3/build/ExpatEx/CMakeFiles/CMakeTmp'
Building C object CMakeFiles/cmTC_a573c.dir/feature_tests.c.o
/usr/bin/cc   -std=c89 -pedantic -Wall -Wno-unused-function -fvisibility=hidden -fPIC -DXML_STATIC -DFMI_XML_QUERY    -std=c99 -o CMakeFiles/cmTC_a573c.dir/feature_tests.c.o   -c /home/lapbottom/Programming/Exjobb/FMIL/svn.jmodelica.org/FMILibrary/tags/2.0.3/build/ExpatEx/CMakeFiles/feature_tests.c
Linking C executable cmTC_a573c
/usr/bin/cmake -E cmake_link_script CMakeFiles/cmTC_a573c.dir/link.txt --verbose=1
/usr/bin/cc  -std=c89 -pedantic -Wall -Wno-unused-function -fvisibility=hidden -fPIC -DXML_STATIC -DFMI_XML_QUERY     -rdynamic CMakeFiles/cmTC_a573c.dir/feature_tests.c.o  -o cmTC_a573c 
make[4]: Leaving directory '/home/lapbottom/Programming/Exjobb/FMIL/svn.jmodelica.org/FMILibrary/tags/2.0.3/build/ExpatEx/CMakeFiles/CMakeTmp'
make[3]: Leaving directory '/home/lapbottom/Programming/Exjobb/FMIL/svn.jmodelica.org/FMILibrary/tags/2.0.3/build/ExpatEx/CMakeFiles/CMakeTmp'


    Feature record: C_FEATURE:1c_function_prototypes
    Feature record: C_FEATURE:1c_restrict
    Feature record: C_FEATURE:0c_static_assert
    Feature record: C_FEATURE:1c_variadic_macros


Detecting C [-std=c90] compiler features compiled with the following output:
Change Dir: /home/lapbottom/Programming/Exjobb/FMIL/svn.jmodelica.org/FMILibrary/tags/2.0.3/build/ExpatEx/CMakeFiles/CMakeTmp

Run Build Command:"/usr/bin/make" "cmTC_7d616/fast"
make[3]: Entering directory '/home/lapbottom/Programming/Exjobb/FMIL/svn.jmodelica.org/FMILibrary/tags/2.0.3/build/ExpatEx/CMakeFiles/CMakeTmp'
/usr/bin/make -f CMakeFiles/cmTC_7d616.dir/build.make CMakeFiles/cmTC_7d616.dir/build
make[4]: Entering directory '/home/lapbottom/Programming/Exjobb/FMIL/svn.jmodelica.org/FMILibrary/tags/2.0.3/build/ExpatEx/CMakeFiles/CMakeTmp'
Building C object CMakeFiles/cmTC_7d616.dir/feature_tests.c.o
/usr/bin/cc   -std=c89 -pedantic -Wall -Wno-unused-function -fvisibility=hidden -fPIC -DXML_STATIC -DFMI_XML_QUERY    -std=c90 -o CMakeFiles/cmTC_7d616.dir/feature_tests.c.o   -c /home/lapbottom/Programming/Exjobb/FMIL/svn.jmodelica.org/FMILibrary/tags/2.0.3/build/ExpatEx/CMakeFiles/feature_tests.c
Linking C executable cmTC_7d616
/usr/bin/cmake -E cmake_link_script CMakeFiles/cmTC_7d616.dir/link.txt --verbose=1
/usr/bin/cc  -std=c89 -pedantic -Wall -Wno-unused-function -fvisibility=hidden -fPIC -DXML_STATIC -DFMI_XML_QUERY     -rdynamic CMakeFiles/cmTC_7d616.dir/feature_tests.c.o  -o cmTC_7d616 
make[4]: Leaving directory '/home/lapbottom/Programming/Exjobb/FMIL/svn.jmodelica.org/FMILibrary/tags/2.0.3/build/ExpatEx/CMakeFiles/CMakeTmp'
make[3]: Leaving directory '/home/lapbottom/Programming/Exjobb/FMIL/svn.jmodelica.org/FMILibrary/tags/2.0.3/build/ExpatEx/CMakeFiles/CMakeTmp'


    Feature record: C_FEATURE:1c_function_prototypes
    Feature record: C_FEATURE:0c_restrict
    Feature record: C_FEATURE:0c_static_assert
    Feature record: C_FEATURE:0c_variadic_macros
Determining if the CXX compiler works passed with the following output:
Change Dir: /home/lapbottom/Programming/Exjobb/FMIL/svn.jmodelica.org/FMILibrary/tags/2.0.3/build/ExpatEx/CMakeFiles/CMakeTmp

Run Build Command:"/usr/bin/make" "cmTC_10032/fast"
make[3]: Entering directory '/home/lapbottom/Programming/Exjobb/FMIL/svn.jmodelica.org/FMILibrary/tags/2.0.3/build/ExpatEx/CMakeFiles/CMakeTmp'
/usr/bin/make -f CMakeFiles/cmTC_10032.dir/build.make CMakeFiles/cmTC_10032.dir/build
make[4]: Entering directory '/home/lapbottom/Programming/Exjobb/FMIL/svn.jmodelica.org/FMILibrary/tags/2.0.3/build/ExpatEx/CMakeFiles/CMakeTmp'
Building CXX object CMakeFiles/cmTC_10032.dir/testCXXCompiler.cxx.o
/usr/bin/c++     -o CMakeFiles/cmTC_10032.dir/testCXXCompiler.cxx.o -c /home/lapbottom/Programming/Exjobb/FMIL/svn.jmodelica.org/FMILibrary/tags/2.0.3/build/ExpatEx/CMakeFiles/CMakeTmp/testCXXCompiler.cxx
Linking CXX executable cmTC_10032
/usr/bin/cmake -E cmake_link_script CMakeFiles/cmTC_10032.dir/link.txt --verbose=1
/usr/bin/c++       -rdynamic CMakeFiles/cmTC_10032.dir/testCXXCompiler.cxx.o  -o cmTC_10032 
make[4]: Leaving directory '/home/lapbottom/Programming/Exjobb/FMIL/svn.jmodelica.org/FMILibrary/tags/2.0.3/build/ExpatEx/CMakeFiles/CMakeTmp'
make[3]: Leaving directory '/home/lapbottom/Programming/Exjobb/FMIL/svn.jmodelica.org/FMILibrary/tags/2.0.3/build/ExpatEx/CMakeFiles/CMakeTmp'


Detecting CXX compiler ABI info compiled with the following output:
Change Dir: /home/lapbottom/Programming/Exjobb/FMIL/svn.jmodelica.org/FMILibrary/tags/2.0.3/build/ExpatEx/CMakeFiles/CMakeTmp

Run Build Command:"/usr/bin/make" "cmTC_a0ef7/fast"
make[3]: Entering directory '/home/lapbottom/Programming/Exjobb/FMIL/svn.jmodelica.org/FMILibrary/tags/2.0.3/build/ExpatEx/CMakeFiles/CMakeTmp'
/usr/bin/make -f CMakeFiles/cmTC_a0ef7.dir/build.make CMakeFiles/cmTC_a0ef7.dir/build
make[4]: Entering directory '/home/lapbottom/Programming/Exjobb/FMIL/svn.jmodelica.org/FMILibrary/tags/2.0.3/build/ExpatEx/CMakeFiles/CMakeTmp'
Building CXX object CMakeFiles/cmTC_a0ef7.dir/CMakeCXXCompilerABI.cpp.o
/usr/bin/c++     -o CMakeFiles/cmTC_a0ef7.dir/CMakeCXXCompilerABI.cpp.o -c /usr/share/cmake-3.10/Modules/CMakeCXXCompilerABI.cpp
Linking CXX executable cmTC_a0ef7
/usr/bin/cmake -E cmake_link_script CMakeFiles/cmTC_a0ef7.dir/link.txt --verbose=1
/usr/bin/c++      -v -rdynamic CMakeFiles/cmTC_a0ef7.dir/CMakeCXXCompilerABI.cpp.o  -o cmTC_a0ef7 
Using built-in specs.
COLLECT_GCC=/usr/bin/c++
COLLECT_LTO_WRAPPER=/usr/lib/gcc/x86_64-linux-gnu/7/lto-wrapper
OFFLOAD_TARGET_NAMES=nvptx-none
OFFLOAD_TARGET_DEFAULT=1
Target: x86_64-linux-gnu
Configured with: ../src/configure -v --with-pkgversion='Ubuntu 7.4.0-1ubuntu1~18.04' --with-bugurl=file:///usr/share/doc/gcc-7/README.Bugs --enable-languages=c,ada,c++,go,brig,d,fortran,objc,obj-c++ --prefix=/usr --with-gcc-major-version-only --program-suffix=-7 --program-prefix=x86_64-linux-gnu- --enable-shared --enable-linker-build-id --libexecdir=/usr/lib --without-included-gettext --enable-threads=posix --libdir=/usr/lib --enable-nls --with-sysroot=/ --enable-clocale=gnu --enable-libstdcxx-debug --enable-libstdcxx-time=yes --with-default-libstdcxx-abi=new --enable-gnu-unique-object --disable-vtable-verify --enable-libmpx --enable-plugin --enable-default-pie --with-system-zlib --with-target-system-zlib --enable-objc-gc=auto --enable-multiarch --disable-werror --with-arch-32=i686 --with-abi=m64 --with-multilib-list=m32,m64,mx32 --enable-multilib --with-tune=generic --enable-offload-targets=nvptx-none --without-cuda-driver --enable-checking=release --build=x86_64-linux-gnu --host=x86_64-linux-gnu --target=x86_64-linux-gnu
Thread model: posix
gcc version 7.4.0 (Ubuntu 7.4.0-1ubuntu1~18.04) 
COMPILER_PATH=/usr/lib/gcc/x86_64-linux-gnu/7/:/usr/lib/gcc/x86_64-linux-gnu/7/:/usr/lib/gcc/x86_64-linux-gnu/:/usr/lib/gcc/x86_64-linux-gnu/7/:/usr/lib/gcc/x86_64-linux-gnu/
LIBRARY_PATH=/usr/lib/gcc/x86_64-linux-gnu/7/:/usr/lib/gcc/x86_64-linux-gnu/7/../../../x86_64-linux-gnu/:/usr/lib/gcc/x86_64-linux-gnu/7/../../../../lib/:/lib/x86_64-linux-gnu/:/lib/../lib/:/usr/lib/x86_64-linux-gnu/:/usr/lib/../lib/:/usr/lib/gcc/x86_64-linux-gnu/7/../../../:/lib/:/usr/lib/
COLLECT_GCC_OPTIONS='-v' '-rdynamic' '-o' 'cmTC_a0ef7' '-shared-libgcc' '-mtune=generic' '-march=x86-64'
 /usr/lib/gcc/x86_64-linux-gnu/7/collect2 -plugin /usr/lib/gcc/x86_64-linux-gnu/7/liblto_plugin.so -plugin-opt=/usr/lib/gcc/x86_64-linux-gnu/7/lto-wrapper -plugin-opt=-fresolution=/tmp/cceXRQqW.res -plugin-opt=-pass-through=-lgcc_s -plugin-opt=-pass-through=-lgcc -plugin-opt=-pass-through=-lc -plugin-opt=-pass-through=-lgcc_s -plugin-opt=-pass-through=-lgcc --sysroot=/ --build-id --eh-frame-hdr -m elf_x86_64 --hash-style=gnu --as-needed -export-dynamic -dynamic-linker /lib64/ld-linux-x86-64.so.2 -pie -z now -z relro -o cmTC_a0ef7 /usr/lib/gcc/x86_64-linux-gnu/7/../../../x86_64-linux-gnu/Scrt1.o /usr/lib/gcc/x86_64-linux-gnu/7/../../../x86_64-linux-gnu/crti.o /usr/lib/gcc/x86_64-linux-gnu/7/crtbeginS.o -L/usr/lib/gcc/x86_64-linux-gnu/7 -L/usr/lib/gcc/x86_64-linux-gnu/7/../../../x86_64-linux-gnu -L/usr/lib/gcc/x86_64-linux-gnu/7/../../../../lib -L/lib/x86_64-linux-gnu -L/lib/../lib -L/usr/lib/x86_64-linux-gnu -L/usr/lib/../lib -L/usr/lib/gcc/x86_64-linux-gnu/7/../../.. CMakeFiles/cmTC_a0ef7.dir/CMakeCXXCompilerABI.cpp.o -lstdc++ -lm -lgcc_s -lgcc -lc -lgcc_s -lgcc /usr/lib/gcc/x86_64-linux-gnu/7/crtendS.o /usr/lib/gcc/x86_64-linux-gnu/7/../../../x86_64-linux-gnu/crtn.o
COLLECT_GCC_OPTIONS='-v' '-rdynamic' '-o' 'cmTC_a0ef7' '-shared-libgcc' '-mtune=generic' '-march=x86-64'
make[4]: Leaving directory '/home/lapbottom/Programming/Exjobb/FMIL/svn.jmodelica.org/FMILibrary/tags/2.0.3/build/ExpatEx/CMakeFiles/CMakeTmp'
make[3]: Leaving directory '/home/lapbottom/Programming/Exjobb/FMIL/svn.jmodelica.org/FMILibrary/tags/2.0.3/build/ExpatEx/CMakeFiles/CMakeTmp'


Parsed CXX implicit link information from above output:
  link line regex: [^( *|.*[/\])(ld|CMAKE_LINK_STARTFILE-NOTFOUND|([^/\]+-)?ld|collect2)[^/\]*( |$)]
  ignore line: [Change Dir: /home/lapbottom/Programming/Exjobb/FMIL/svn.jmodelica.org/FMILibrary/tags/2.0.3/build/ExpatEx/CMakeFiles/CMakeTmp]
  ignore line: []
  ignore line: [Run Build Command:"/usr/bin/make" "cmTC_a0ef7/fast"]
  ignore line: [make[3]: Entering directory '/home/lapbottom/Programming/Exjobb/FMIL/svn.jmodelica.org/FMILibrary/tags/2.0.3/build/ExpatEx/CMakeFiles/CMakeTmp']
  ignore line: [/usr/bin/make -f CMakeFiles/cmTC_a0ef7.dir/build.make CMakeFiles/cmTC_a0ef7.dir/build]
  ignore line: [make[4]: Entering directory '/home/lapbottom/Programming/Exjobb/FMIL/svn.jmodelica.org/FMILibrary/tags/2.0.3/build/ExpatEx/CMakeFiles/CMakeTmp']
  ignore line: [Building CXX object CMakeFiles/cmTC_a0ef7.dir/CMakeCXXCompilerABI.cpp.o]
  ignore line: [/usr/bin/c++     -o CMakeFiles/cmTC_a0ef7.dir/CMakeCXXCompilerABI.cpp.o -c /usr/share/cmake-3.10/Modules/CMakeCXXCompilerABI.cpp]
  ignore line: [Linking CXX executable cmTC_a0ef7]
  ignore line: [/usr/bin/cmake -E cmake_link_script CMakeFiles/cmTC_a0ef7.dir/link.txt --verbose=1]
  ignore line: [/usr/bin/c++      -v -rdynamic CMakeFiles/cmTC_a0ef7.dir/CMakeCXXCompilerABI.cpp.o  -o cmTC_a0ef7 ]
  ignore line: [Using built-in specs.]
  ignore line: [COLLECT_GCC=/usr/bin/c++]
  ignore line: [COLLECT_LTO_WRAPPER=/usr/lib/gcc/x86_64-linux-gnu/7/lto-wrapper]
  ignore line: [OFFLOAD_TARGET_NAMES=nvptx-none]
  ignore line: [OFFLOAD_TARGET_DEFAULT=1]
  ignore line: [Target: x86_64-linux-gnu]
  ignore line: [Configured with: ../src/configure -v --with-pkgversion='Ubuntu 7.4.0-1ubuntu1~18.04' --with-bugurl=file:///usr/share/doc/gcc-7/README.Bugs --enable-languages=c,ada,c++,go,brig,d,fortran,objc,obj-c++ --prefix=/usr --with-gcc-major-version-only --program-suffix=-7 --program-prefix=x86_64-linux-gnu- --enable-shared --enable-linker-build-id --libexecdir=/usr/lib --without-included-gettext --enable-threads=posix --libdir=/usr/lib --enable-nls --with-sysroot=/ --enable-clocale=gnu --enable-libstdcxx-debug --enable-libstdcxx-time=yes --with-default-libstdcxx-abi=new --enable-gnu-unique-object --disable-vtable-verify --enable-libmpx --enable-plugin --enable-default-pie --with-system-zlib --with-target-system-zlib --enable-objc-gc=auto --enable-multiarch --disable-werror --with-arch-32=i686 --with-abi=m64 --with-multilib-list=m32,m64,mx32 --enable-multilib --with-tune=generic --enable-offload-targets=nvptx-none --without-cuda-driver --enable-checking=release --build=x86_64-linux-gnu --host=x86_64-linux-gnu --target=x86_64-linux-gnu]
  ignore line: [Thread model: posix]
  ignore line: [gcc version 7.4.0 (Ubuntu 7.4.0-1ubuntu1~18.04) ]
  ignore line: [COMPILER_PATH=/usr/lib/gcc/x86_64-linux-gnu/7/:/usr/lib/gcc/x86_64-linux-gnu/7/:/usr/lib/gcc/x86_64-linux-gnu/:/usr/lib/gcc/x86_64-linux-gnu/7/:/usr/lib/gcc/x86_64-linux-gnu/]
  ignore line: [LIBRARY_PATH=/usr/lib/gcc/x86_64-linux-gnu/7/:/usr/lib/gcc/x86_64-linux-gnu/7/../../../x86_64-linux-gnu/:/usr/lib/gcc/x86_64-linux-gnu/7/../../../../lib/:/lib/x86_64-linux-gnu/:/lib/../lib/:/usr/lib/x86_64-linux-gnu/:/usr/lib/../lib/:/usr/lib/gcc/x86_64-linux-gnu/7/../../../:/lib/:/usr/lib/]
  ignore line: [COLLECT_GCC_OPTIONS='-v' '-rdynamic' '-o' 'cmTC_a0ef7' '-shared-libgcc' '-mtune=generic' '-march=x86-64']
  link line: [ /usr/lib/gcc/x86_64-linux-gnu/7/collect2 -plugin /usr/lib/gcc/x86_64-linux-gnu/7/liblto_plugin.so -plugin-opt=/usr/lib/gcc/x86_64-linux-gnu/7/lto-wrapper -plugin-opt=-fresolution=/tmp/cceXRQqW.res -plugin-opt=-pass-through=-lgcc_s -plugin-opt=-pass-through=-lgcc -plugin-opt=-pass-through=-lc -plugin-opt=-pass-through=-lgcc_s -plugin-opt=-pass-through=-lgcc --sysroot=/ --build-id --eh-frame-hdr -m elf_x86_64 --hash-style=gnu --as-needed -export-dynamic -dynamic-linker /lib64/ld-linux-x86-64.so.2 -pie -z now -z relro -o cmTC_a0ef7 /usr/lib/gcc/x86_64-linux-gnu/7/../../../x86_64-linux-gnu/Scrt1.o /usr/lib/gcc/x86_64-linux-gnu/7/../../../x86_64-linux-gnu/crti.o /usr/lib/gcc/x86_64-linux-gnu/7/crtbeginS.o -L/usr/lib/gcc/x86_64-linux-gnu/7 -L/usr/lib/gcc/x86_64-linux-gnu/7/../../../x86_64-linux-gnu -L/usr/lib/gcc/x86_64-linux-gnu/7/../../../../lib -L/lib/x86_64-linux-gnu -L/lib/../lib -L/usr/lib/x86_64-linux-gnu -L/usr/lib/../lib -L/usr/lib/gcc/x86_64-linux-gnu/7/../../.. CMakeFiles/cmTC_a0ef7.dir/CMakeCXXCompilerABI.cpp.o -lstdc++ -lm -lgcc_s -lgcc -lc -lgcc_s -lgcc /usr/lib/gcc/x86_64-linux-gnu/7/crtendS.o /usr/lib/gcc/x86_64-linux-gnu/7/../../../x86_64-linux-gnu/crtn.o]
    arg [/usr/lib/gcc/x86_64-linux-gnu/7/collect2] ==> ignore
    arg [-plugin] ==> ignore
    arg [/usr/lib/gcc/x86_64-linux-gnu/7/liblto_plugin.so] ==> ignore
    arg [-plugin-opt=/usr/lib/gcc/x86_64-linux-gnu/7/lto-wrapper] ==> ignore
    arg [-plugin-opt=-fresolution=/tmp/cceXRQqW.res] ==> ignore
    arg [-plugin-opt=-pass-through=-lgcc_s] ==> ignore
    arg [-plugin-opt=-pass-through=-lgcc] ==> ignore
    arg [-plugin-opt=-pass-through=-lc] ==> ignore
    arg [-plugin-opt=-pass-through=-lgcc_s] ==> ignore
    arg [-plugin-opt=-pass-through=-lgcc] ==> ignore
    arg [--sysroot=/] ==> ignore
    arg [--build-id] ==> ignore
    arg [--eh-frame-hdr] ==> ignore
    arg [-m] ==> ignore
    arg [elf_x86_64] ==> ignore
    arg [--hash-style=gnu] ==> ignore
    arg [--as-needed] ==> ignore
    arg [-export-dynamic] ==> ignore
    arg [-dynamic-linker] ==> ignore
    arg [/lib64/ld-linux-x86-64.so.2] ==> ignore
    arg [-pie] ==> ignore
    arg [-znow] ==> ignore
    arg [-zrelro] ==> ignore
    arg [-o] ==> ignore
    arg [cmTC_a0ef7] ==> ignore
    arg [/usr/lib/gcc/x86_64-linux-gnu/7/../../../x86_64-linux-gnu/Scrt1.o] ==> ignore
    arg [/usr/lib/gcc/x86_64-linux-gnu/7/../../../x86_64-linux-gnu/crti.o] ==> ignore
    arg [/usr/lib/gcc/x86_64-linux-gnu/7/crtbeginS.o] ==> ignore
    arg [-L/usr/lib/gcc/x86_64-linux-gnu/7] ==> dir [/usr/lib/gcc/x86_64-linux-gnu/7]
    arg [-L/usr/lib/gcc/x86_64-linux-gnu/7/../../../x86_64-linux-gnu] ==> dir [/usr/lib/gcc/x86_64-linux-gnu/7/../../../x86_64-linux-gnu]
    arg [-L/usr/lib/gcc/x86_64-linux-gnu/7/../../../../lib] ==> dir [/usr/lib/gcc/x86_64-linux-gnu/7/../../../../lib]
    arg [-L/lib/x86_64-linux-gnu] ==> dir [/lib/x86_64-linux-gnu]
    arg [-L/lib/../lib] ==> dir [/lib/../lib]
    arg [-L/usr/lib/x86_64-linux-gnu] ==> dir [/usr/lib/x86_64-linux-gnu]
    arg [-L/usr/lib/../lib] ==> dir [/usr/lib/../lib]
    arg [-L/usr/lib/gcc/x86_64-linux-gnu/7/../../..] ==> dir [/usr/lib/gcc/x86_64-linux-gnu/7/../../..]
    arg [CMakeFiles/cmTC_a0ef7.dir/CMakeCXXCompilerABI.cpp.o] ==> ignore
    arg [-lstdc++] ==> lib [stdc++]
    arg [-lm] ==> lib [m]
    arg [-lgcc_s] ==> lib [gcc_s]
    arg [-lgcc] ==> lib [gcc]
    arg [-lc] ==> lib [c]
    arg [-lgcc_s] ==> lib [gcc_s]
    arg [-lgcc] ==> lib [gcc]
    arg [/usr/lib/gcc/x86_64-linux-gnu/7/crtendS.o] ==> ignore
    arg [/usr/lib/gcc/x86_64-linux-gnu/7/../../../x86_64-linux-gnu/crtn.o] ==> ignore
  collapse library dir [/usr/lib/gcc/x86_64-linux-gnu/7] ==> [/usr/lib/gcc/x86_64-linux-gnu/7]
  collapse library dir [/usr/lib/gcc/x86_64-linux-gnu/7/../../../x86_64-linux-gnu] ==> [/usr/lib/x86_64-linux-gnu]
  collapse library dir [/usr/lib/gcc/x86_64-linux-gnu/7/../../../../lib] ==> [/usr/lib]
  collapse library dir [/lib/x86_64-linux-gnu] ==> [/lib/x86_64-linux-gnu]
  collapse library dir [/lib/../lib] ==> [/lib]
  collapse library dir [/usr/lib/x86_64-linux-gnu] ==> [/usr/lib/x86_64-linux-gnu]
  collapse library dir [/usr/lib/../lib] ==> [/usr/lib]
  collapse library dir [/usr/lib/gcc/x86_64-linux-gnu/7/../../..] ==> [/usr/lib]
  implicit libs: [stdc++;m;gcc_s;gcc;c;gcc_s;gcc]
  implicit dirs: [/usr/lib/gcc/x86_64-linux-gnu/7;/usr/lib/x86_64-linux-gnu;/usr/lib;/lib/x86_64-linux-gnu;/lib]
  implicit fwks: []




Detecting CXX [-std=c++1z] compiler features compiled with the following output:
Change Dir: /home/lapbottom/Programming/Exjobb/FMIL/svn.jmodelica.org/FMILibrary/tags/2.0.3/build/ExpatEx/CMakeFiles/CMakeTmp

Run Build Command:"/usr/bin/make" "cmTC_07dc3/fast"
make[3]: Entering directory '/home/lapbottom/Programming/Exjobb/FMIL/svn.jmodelica.org/FMILibrary/tags/2.0.3/build/ExpatEx/CMakeFiles/CMakeTmp'
/usr/bin/make -f CMakeFiles/cmTC_07dc3.dir/build.make CMakeFiles/cmTC_07dc3.dir/build
make[4]: Entering directory '/home/lapbottom/Programming/Exjobb/FMIL/svn.jmodelica.org/FMILibrary/tags/2.0.3/build/ExpatEx/CMakeFiles/CMakeTmp'
Building CXX object CMakeFiles/cmTC_07dc3.dir/feature_tests.cxx.o
/usr/bin/c++    -std=c++1z -o CMakeFiles/cmTC_07dc3.dir/feature_tests.cxx.o -c /home/lapbottom/Programming/Exjobb/FMIL/svn.jmodelica.org/FMILibrary/tags/2.0.3/build/ExpatEx/CMakeFiles/feature_tests.cxx
Linking CXX executable cmTC_07dc3
/usr/bin/cmake -E cmake_link_script CMakeFiles/cmTC_07dc3.dir/link.txt --verbose=1
/usr/bin/c++       -rdynamic CMakeFiles/cmTC_07dc3.dir/feature_tests.cxx.o  -o cmTC_07dc3 
make[4]: Leaving directory '/home/lapbottom/Programming/Exjobb/FMIL/svn.jmodelica.org/FMILibrary/tags/2.0.3/build/ExpatEx/CMakeFiles/CMakeTmp'
make[3]: Leaving directory '/home/lapbottom/Programming/Exjobb/FMIL/svn.jmodelica.org/FMILibrary/tags/2.0.3/build/ExpatEx/CMakeFiles/CMakeTmp'


    Feature record: CXX_FEATURE:1cxx_aggregate_default_initializers
    Feature record: CXX_FEATURE:1cxx_alias_templates
    Feature record: CXX_FEATURE:1cxx_alignas
    Feature record: CXX_FEATURE:1cxx_alignof
    Feature record: CXX_FEATURE:1cxx_attributes
    Feature record: CXX_FEATURE:1cxx_attribute_deprecated
    Feature record: CXX_FEATURE:1cxx_auto_type
    Feature record: CXX_FEATURE:1cxx_binary_literals
    Feature record: CXX_FEATURE:1cxx_constexpr
    Feature record: CXX_FEATURE:1cxx_contextual_conversions
    Feature record: CXX_FEATURE:1cxx_decltype
    Feature record: CXX_FEATURE:1cxx_decltype_auto
    Feature record: CXX_FEATURE:1cxx_decltype_incomplete_return_types
    Feature record: CXX_FEATURE:1cxx_default_function_template_args
    Feature record: CXX_FEATURE:1cxx_defaulted_functions
    Feature record: CXX_FEATURE:1cxx_defaulted_move_initializers
    Feature record: CXX_FEATURE:1cxx_delegating_constructors
    Feature record: CXX_FEATURE:1cxx_deleted_functions
    Feature record: CXX_FEATURE:1cxx_digit_separators
    Feature record: CXX_FEATURE:1cxx_enum_forward_declarations
    Feature record: CXX_FEATURE:1cxx_explicit_conversions
    Feature record: CXX_FEATURE:1cxx_extended_friend_declarations
    Feature record: CXX_FEATURE:1cxx_extern_templates
    Feature record: CXX_FEATURE:1cxx_final
    Feature record: CXX_FEATURE:1cxx_func_identifier
    Feature record: CXX_FEATURE:1cxx_generalized_initializers
    Feature record: CXX_FEATURE:1cxx_generic_lambdas
    Feature record: CXX_FEATURE:1cxx_inheriting_constructors
    Feature record: CXX_FEATURE:1cxx_inline_namespaces
    Feature record: CXX_FEATURE:1cxx_lambdas
    Feature record: CXX_FEATURE:1cxx_lambda_init_captures
    Feature record: CXX_FEATURE:1cxx_local_type_template_args
    Feature record: CXX_FEATURE:1cxx_long_long_type
    Feature record: CXX_FEATURE:1cxx_noexcept
    Feature record: CXX_FEATURE:1cxx_nonstatic_member_init
    Feature record: CXX_FEATURE:1cxx_nullptr
    Feature record: CXX_FEATURE:1cxx_override
    Feature record: CXX_FEATURE:1cxx_range_for
    Feature record: CXX_FEATURE:1cxx_raw_string_literals
    Feature record: CXX_FEATURE:1cxx_reference_qualified_functions
    Feature record: CXX_FEATURE:1cxx_relaxed_constexpr
    Feature record: CXX_FEATURE:1cxx_return_type_deduction
    Feature record: CXX_FEATURE:1cxx_right_angle_brackets
    Feature record: CXX_FEATURE:1cxx_rvalue_references
    Feature record: CXX_FEATURE:1cxx_sizeof_member
    Feature record: CXX_FEATURE:1cxx_static_assert
    Feature record: CXX_FEATURE:1cxx_strong_enums
    Feature record: CXX_FEATURE:1cxx_template_template_parameters
    Feature record: CXX_FEATURE:1cxx_thread_local
    Feature record: CXX_FEATURE:1cxx_trailing_return_types
    Feature record: CXX_FEATURE:1cxx_unicode_literals
    Feature record: CXX_FEATURE:1cxx_uniform_initialization
    Feature record: CXX_FEATURE:1cxx_unrestricted_unions
    Feature record: CXX_FEATURE:1cxx_user_literals
    Feature record: CXX_FEATURE:1cxx_variable_templates
    Feature record: CXX_FEATURE:1cxx_variadic_macros
    Feature record: CXX_FEATURE:1cxx_variadic_templates


Detecting CXX [-std=c++14] compiler features compiled with the following output:
Change Dir: /home/lapbottom/Programming/Exjobb/FMIL/svn.jmodelica.org/FMILibrary/tags/2.0.3/build/ExpatEx/CMakeFiles/CMakeTmp

Run Build Command:"/usr/bin/make" "cmTC_b5723/fast"
make[3]: Entering directory '/home/lapbottom/Programming/Exjobb/FMIL/svn.jmodelica.org/FMILibrary/tags/2.0.3/build/ExpatEx/CMakeFiles/CMakeTmp'
/usr/bin/make -f CMakeFiles/cmTC_b5723.dir/build.make CMakeFiles/cmTC_b5723.dir/build
make[4]: Entering directory '/home/lapbottom/Programming/Exjobb/FMIL/svn.jmodelica.org/FMILibrary/tags/2.0.3/build/ExpatEx/CMakeFiles/CMakeTmp'
Building CXX object CMakeFiles/cmTC_b5723.dir/feature_tests.cxx.o
/usr/bin/c++    -std=c++14 -o CMakeFiles/cmTC_b5723.dir/feature_tests.cxx.o -c /home/lapbottom/Programming/Exjobb/FMIL/svn.jmodelica.org/FMILibrary/tags/2.0.3/build/ExpatEx/CMakeFiles/feature_tests.cxx
Linking CXX executable cmTC_b5723
/usr/bin/cmake -E cmake_link_script CMakeFiles/cmTC_b5723.dir/link.txt --verbose=1
/usr/bin/c++       -rdynamic CMakeFiles/cmTC_b5723.dir/feature_tests.cxx.o  -o cmTC_b5723 
make[4]: Leaving directory '/home/lapbottom/Programming/Exjobb/FMIL/svn.jmodelica.org/FMILibrary/tags/2.0.3/build/ExpatEx/CMakeFiles/CMakeTmp'
make[3]: Leaving directory '/home/lapbottom/Programming/Exjobb/FMIL/svn.jmodelica.org/FMILibrary/tags/2.0.3/build/ExpatEx/CMakeFiles/CMakeTmp'


    Feature record: CXX_FEATURE:1cxx_aggregate_default_initializers
    Feature record: CXX_FEATURE:1cxx_alias_templates
    Feature record: CXX_FEATURE:1cxx_alignas
    Feature record: CXX_FEATURE:1cxx_alignof
    Feature record: CXX_FEATURE:1cxx_attributes
    Feature record: CXX_FEATURE:1cxx_attribute_deprecated
    Feature record: CXX_FEATURE:1cxx_auto_type
    Feature record: CXX_FEATURE:1cxx_binary_literals
    Feature record: CXX_FEATURE:1cxx_constexpr
    Feature record: CXX_FEATURE:1cxx_contextual_conversions
    Feature record: CXX_FEATURE:1cxx_decltype
    Feature record: CXX_FEATURE:1cxx_decltype_auto
    Feature record: CXX_FEATURE:1cxx_decltype_incomplete_return_types
    Feature record: CXX_FEATURE:1cxx_default_function_template_args
    Feature record: CXX_FEATURE:1cxx_defaulted_functions
    Feature record: CXX_FEATURE:1cxx_defaulted_move_initializers
    Feature record: CXX_FEATURE:1cxx_delegating_constructors
    Feature record: CXX_FEATURE:1cxx_deleted_functions
    Feature record: CXX_FEATURE:1cxx_digit_separators
    Feature record: CXX_FEATURE:1cxx_enum_forward_declarations
    Feature record: CXX_FEATURE:1cxx_explicit_conversions
    Feature record: CXX_FEATURE:1cxx_extended_friend_declarations
    Feature record: CXX_FEATURE:1cxx_extern_templates
    Feature record: CXX_FEATURE:1cxx_final
    Feature record: CXX_FEATURE:1cxx_func_identifier
    Feature record: CXX_FEATURE:1cxx_generalized_initializers
    Feature record: CXX_FEATURE:1cxx_generic_lambdas
    Feature record: CXX_FEATURE:1cxx_inheriting_constructors
    Feature record: CXX_FEATURE:1cxx_inline_namespaces
    Feature record: CXX_FEATURE:1cxx_lambdas
    Feature record: CXX_FEATURE:1cxx_lambda_init_captures
    Feature record: CXX_FEATURE:1cxx_local_type_template_args
    Feature record: CXX_FEATURE:1cxx_long_long_type
    Feature record: CXX_FEATURE:1cxx_noexcept
    Feature record: CXX_FEATURE:1cxx_nonstatic_member_init
    Feature record: CXX_FEATURE:1cxx_nullptr
    Feature record: CXX_FEATURE:1cxx_override
    Feature record: CXX_FEATURE:1cxx_range_for
    Feature record: CXX_FEATURE:1cxx_raw_string_literals
    Feature record: CXX_FEATURE:1cxx_reference_qualified_functions
    Feature record: CXX_FEATURE:1cxx_relaxed_constexpr
    Feature record: CXX_FEATURE:1cxx_return_type_deduction
    Feature record: CXX_FEATURE:1cxx_right_angle_brackets
    Feature record: CXX_FEATURE:1cxx_rvalue_references
    Feature record: CXX_FEATURE:1cxx_sizeof_member
    Feature record: CXX_FEATURE:1cxx_static_assert
    Feature record: CXX_FEATURE:1cxx_strong_enums
    Feature record: CXX_FEATURE:1cxx_template_template_parameters
    Feature record: CXX_FEATURE:1cxx_thread_local
    Feature record: CXX_FEATURE:1cxx_trailing_return_types
    Feature record: CXX_FEATURE:1cxx_unicode_literals
    Feature record: CXX_FEATURE:1cxx_uniform_initialization
    Feature record: CXX_FEATURE:1cxx_unrestricted_unions
    Feature record: CXX_FEATURE:1cxx_user_literals
    Feature record: CXX_FEATURE:1cxx_variable_templates
    Feature record: CXX_FEATURE:1cxx_variadic_macros
    Feature record: CXX_FEATURE:1cxx_variadic_templates


Detecting CXX [-std=c++11] compiler features compiled with the following output:
Change Dir: /home/lapbottom/Programming/Exjobb/FMIL/svn.jmodelica.org/FMILibrary/tags/2.0.3/build/ExpatEx/CMakeFiles/CMakeTmp

Run Build Command:"/usr/bin/make" "cmTC_81399/fast"
make[3]: Entering directory '/home/lapbottom/Programming/Exjobb/FMIL/svn.jmodelica.org/FMILibrary/tags/2.0.3/build/ExpatEx/CMakeFiles/CMakeTmp'
/usr/bin/make -f CMakeFiles/cmTC_81399.dir/build.make CMakeFiles/cmTC_81399.dir/build
make[4]: Entering directory '/home/lapbottom/Programming/Exjobb/FMIL/svn.jmodelica.org/FMILibrary/tags/2.0.3/build/ExpatEx/CMakeFiles/CMakeTmp'
Building CXX object CMakeFiles/cmTC_81399.dir/feature_tests.cxx.o
/usr/bin/c++    -std=c++11 -o CMakeFiles/cmTC_81399.dir/feature_tests.cxx.o -c /home/lapbottom/Programming/Exjobb/FMIL/svn.jmodelica.org/FMILibrary/tags/2.0.3/build/ExpatEx/CMakeFiles/feature_tests.cxx
Linking CXX executable cmTC_81399
/usr/bin/cmake -E cmake_link_script CMakeFiles/cmTC_81399.dir/link.txt --verbose=1
/usr/bin/c++       -rdynamic CMakeFiles/cmTC_81399.dir/feature_tests.cxx.o  -o cmTC_81399 
make[4]: Leaving directory '/home/lapbottom/Programming/Exjobb/FMIL/svn.jmodelica.org/FMILibrary/tags/2.0.3/build/ExpatEx/CMakeFiles/CMakeTmp'
make[3]: Leaving directory '/home/lapbottom/Programming/Exjobb/FMIL/svn.jmodelica.org/FMILibrary/tags/2.0.3/build/ExpatEx/CMakeFiles/CMakeTmp'


    Feature record: CXX_FEATURE:0cxx_aggregate_default_initializers
    Feature record: CXX_FEATURE:1cxx_alias_templates
    Feature record: CXX_FEATURE:1cxx_alignas
    Feature record: CXX_FEATURE:1cxx_alignof
    Feature record: CXX_FEATURE:1cxx_attributes
    Feature record: CXX_FEATURE:0cxx_attribute_deprecated
    Feature record: CXX_FEATURE:1cxx_auto_type
    Feature record: CXX_FEATURE:0cxx_binary_literals
    Feature record: CXX_FEATURE:1cxx_constexpr
    Feature record: CXX_FEATURE:0cxx_contextual_conversions
    Feature record: CXX_FEATURE:1cxx_decltype
    Feature record: CXX_FEATURE:0cxx_decltype_auto
    Feature record: CXX_FEATURE:1cxx_decltype_incomplete_return_types
    Feature record: CXX_FEATURE:1cxx_default_function_template_args
    Feature record: CXX_FEATURE:1cxx_defaulted_functions
    Feature record: CXX_FEATURE:1cxx_defaulted_move_initializers
    Feature record: CXX_FEATURE:1cxx_delegating_constructors
    Feature record: CXX_FEATURE:1cxx_deleted_functions
    Feature record: CXX_FEATURE:0cxx_digit_separators
    Feature record: CXX_FEATURE:1cxx_enum_forward_declarations
    Feature record: CXX_FEATURE:1cxx_explicit_conversions
    Feature record: CXX_FEATURE:1cxx_extended_friend_declarations
    Feature record: CXX_FEATURE:1cxx_extern_templates
    Feature record: CXX_FEATURE:1cxx_final
    Feature record: CXX_FEATURE:1cxx_func_identifier
    Feature record: CXX_FEATURE:1cxx_generalized_initializers
    Feature record: CXX_FEATURE:0cxx_generic_lambdas
    Feature record: CXX_FEATURE:1cxx_inheriting_constructors
    Feature record: CXX_FEATURE:1cxx_inline_namespaces
    Feature record: CXX_FEATURE:1cxx_lambdas
    Feature record: CXX_FEATURE:0cxx_lambda_init_captures
    Feature record: CXX_FEATURE:1cxx_local_type_template_args
    Feature record: CXX_FEATURE:1cxx_long_long_type
    Feature record: CXX_FEATURE:1cxx_noexcept
    Feature record: CXX_FEATURE:1cxx_nonstatic_member_init
    Feature record: CXX_FEATURE:1cxx_nullptr
    Feature record: CXX_FEATURE:1cxx_override
    Feature record: CXX_FEATURE:1cxx_range_for
    Feature record: CXX_FEATURE:1cxx_raw_string_literals
    Feature record: CXX_FEATURE:1cxx_reference_qualified_functions
    Feature record: CXX_FEATURE:0cxx_relaxed_constexpr
    Feature record: CXX_FEATURE:0cxx_return_type_deduction
    Feature record: CXX_FEATURE:1cxx_right_angle_brackets
    Feature record: CXX_FEATURE:1cxx_rvalue_references
    Feature record: CXX_FEATURE:1cxx_sizeof_member
    Feature record: CXX_FEATURE:1cxx_static_assert
    Feature record: CXX_FEATURE:1cxx_strong_enums
    Feature record: CXX_FEATURE:1cxx_template_template_parameters
    Feature record: CXX_FEATURE:1cxx_thread_local
    Feature record: CXX_FEATURE:1cxx_trailing_return_types
    Feature record: CXX_FEATURE:1cxx_unicode_literals
    Feature record: CXX_FEATURE:1cxx_uniform_initialization
    Feature record: CXX_FEATURE:1cxx_unrestricted_unions
    Feature record: CXX_FEATURE:1cxx_user_literals
    Feature record: CXX_FEATURE:0cxx_variable_templates
    Feature record: CXX_FEATURE:1cxx_variadic_macros
    Feature record: CXX_FEATURE:1cxx_variadic_templates


Detecting CXX [-std=c++98] compiler features compiled with the following output:
Change Dir: /home/lapbottom/Programming/Exjobb/FMIL/svn.jmodelica.org/FMILibrary/tags/2.0.3/build/ExpatEx/CMakeFiles/CMakeTmp

Run Build Command:"/usr/bin/make" "cmTC_680da/fast"
make[3]: Entering directory '/home/lapbottom/Programming/Exjobb/FMIL/svn.jmodelica.org/FMILibrary/tags/2.0.3/build/ExpatEx/CMakeFiles/CMakeTmp'
/usr/bin/make -f CMakeFiles/cmTC_680da.dir/build.make CMakeFiles/cmTC_680da.dir/build
make[4]: Entering directory '/home/lapbottom/Programming/Exjobb/FMIL/svn.jmodelica.org/FMILibrary/tags/2.0.3/build/ExpatEx/CMakeFiles/CMakeTmp'
Building CXX object CMakeFiles/cmTC_680da.dir/feature_tests.cxx.o
/usr/bin/c++    -std=c++98 -o CMakeFiles/cmTC_680da.dir/feature_tests.cxx.o -c /home/lapbottom/Programming/Exjobb/FMIL/svn.jmodelica.org/FMILibrary/tags/2.0.3/build/ExpatEx/CMakeFiles/feature_tests.cxx
Linking CXX executable cmTC_680da
/usr/bin/cmake -E cmake_link_script CMakeFiles/cmTC_680da.dir/link.txt --verbose=1
/usr/bin/c++       -rdynamic CMakeFiles/cmTC_680da.dir/feature_tests.cxx.o  -o cmTC_680da 
make[4]: Leaving directory '/home/lapbottom/Programming/Exjobb/FMIL/svn.jmodelica.org/FMILibrary/tags/2.0.3/build/ExpatEx/CMakeFiles/CMakeTmp'
make[3]: Leaving directory '/home/lapbottom/Programming/Exjobb/FMIL/svn.jmodelica.org/FMILibrary/tags/2.0.3/build/ExpatEx/CMakeFiles/CMakeTmp'


    Feature record: CXX_FEATURE:0cxx_aggregate_default_initializers
    Feature record: CXX_FEATURE:0cxx_alias_templates
    Feature record: CXX_FEATURE:0cxx_alignas
    Feature record: CXX_FEATURE:0cxx_alignof
    Feature record: CXX_FEATURE:0cxx_attributes
    Feature record: CXX_FEATURE:0cxx_attribute_deprecated
    Feature record: CXX_FEATURE:0cxx_auto_type
    Feature record: CXX_FEATURE:0cxx_binary_literals
    Feature record: CXX_FEATURE:0cxx_constexpr
    Feature record: CXX_FEATURE:0cxx_contextual_conversions
    Feature record: CXX_FEATURE:0cxx_decltype
    Feature record: CXX_FEATURE:0cxx_decltype_auto
    Feature record: CXX_FEATURE:0cxx_decltype_incomplete_return_types
    Feature record: CXX_FEATURE:0cxx_default_function_template_args
    Feature record: CXX_FEATURE:0cxx_defaulted_functions
    Feature record: CXX_FEATURE:0cxx_defaulted_move_initializers
    Feature record: CXX_FEATURE:0cxx_delegating_constructors
    Feature record: CXX_FEATURE:0cxx_deleted_functions
    Feature record: CXX_FEATURE:0cxx_digit_separators
    Feature record: CXX_FEATURE:0cxx_enum_forward_declarations
    Feature record: CXX_FEATURE:0cxx_explicit_conversions
    Feature record: CXX_FEATURE:0cxx_extended_friend_declarations
    Feature record: CXX_FEATURE:0cxx_extern_templates
    Feature record: CXX_FEATURE:0cxx_final
    Feature record: CXX_FEATURE:0cxx_func_identifier
    Feature record: CXX_FEATURE:0cxx_generalized_initializers
    Feature record: CXX_FEATURE:0cxx_generic_lambdas
    Feature record: CXX_FEATURE:0cxx_inheriting_constructors
    Feature record: CXX_FEATURE:0cxx_inline_namespaces
    Feature record: CXX_FEATURE:0cxx_lambdas
    Feature record: CXX_FEATURE:0cxx_lambda_init_captures
    Feature record: CXX_FEATURE:0cxx_local_type_template_args
    Feature record: CXX_FEATURE:0cxx_long_long_type
    Feature record: CXX_FEATURE:0cxx_noexcept
    Feature record: CXX_FEATURE:0cxx_nonstatic_member_init
    Feature record: CXX_FEATURE:0cxx_nullptr
    Feature record: CXX_FEATURE:0cxx_override
    Feature record: CXX_FEATURE:0cxx_range_for
    Feature record: CXX_FEATURE:0cxx_raw_string_literals
    Feature record: CXX_FEATURE:0cxx_reference_qualified_functions
    Feature record: CXX_FEATURE:0cxx_relaxed_constexpr
    Feature record: CXX_FEATURE:0cxx_return_type_deduction
    Feature record: CXX_FEATURE:0cxx_right_angle_brackets
    Feature record: CXX_FEATURE:0cxx_rvalue_references
    Feature record: CXX_FEATURE:0cxx_sizeof_member
    Feature record: CXX_FEATURE:0cxx_static_assert
    Feature record: CXX_FEATURE:0cxx_strong_enums
    Feature record: CXX_FEATURE:1cxx_template_template_parameters
    Feature record: CXX_FEATURE:0cxx_thread_local
    Feature record: CXX_FEATURE:0cxx_trailing_return_types
    Feature record: CXX_FEATURE:0cxx_unicode_literals
    Feature record: CXX_FEATURE:0cxx_uniform_initialization
    Feature record: CXX_FEATURE:0cxx_unrestricted_unions
    Feature record: CXX_FEATURE:0cxx_user_literals
    Feature record: CXX_FEATURE:0cxx_variable_templates
    Feature record: CXX_FEATURE:0cxx_variadic_macros
    Feature record: CXX_FEATURE:0cxx_variadic_templates
Determining if the include file dlfcn.h exists passed with the following output:
Change Dir: /home/lapbottom/Programming/Exjobb/FMIL/svn.jmodelica.org/FMILibrary/tags/2.0.3/build/ExpatEx/CMakeFiles/CMakeTmp

Run Build Command:"/usr/bin/make" "cmTC_0feec/fast"
make[3]: Entering directory '/home/lapbottom/Programming/Exjobb/FMIL/svn.jmodelica.org/FMILibrary/tags/2.0.3/build/ExpatEx/CMakeFiles/CMakeTmp'
/usr/bin/make -f CMakeFiles/cmTC_0feec.dir/build.make CMakeFiles/cmTC_0feec.dir/build
make[4]: Entering directory '/home/lapbottom/Programming/Exjobb/FMIL/svn.jmodelica.org/FMILibrary/tags/2.0.3/build/ExpatEx/CMakeFiles/CMakeTmp'
Building C object CMakeFiles/cmTC_0feec.dir/CheckIncludeFile.c.o
/usr/bin/cc   -std=c89 -pedantic -Wall -Wno-unused-function -fvisibility=hidden -fPIC -DXML_STATIC -DFMI_XML_QUERY    -o CMakeFiles/cmTC_0feec.dir/CheckIncludeFile.c.o   -c /home/lapbottom/Programming/Exjobb/FMIL/svn.jmodelica.org/FMILibrary/tags/2.0.3/build/ExpatEx/CMakeFiles/CMakeTmp/CheckIncludeFile.c
Linking C executable cmTC_0feec
/usr/bin/cmake -E cmake_link_script CMakeFiles/cmTC_0feec.dir/link.txt --verbose=1
/usr/bin/cc  -std=c89 -pedantic -Wall -Wno-unused-function -fvisibility=hidden -fPIC -DXML_STATIC -DFMI_XML_QUERY     -rdynamic CMakeFiles/cmTC_0feec.dir/CheckIncludeFile.c.o  -o cmTC_0feec 
make[4]: Leaving directory '/home/lapbottom/Programming/Exjobb/FMIL/svn.jmodelica.org/FMILibrary/tags/2.0.3/build/ExpatEx/CMakeFiles/CMakeTmp'
make[3]: Leaving directory '/home/lapbottom/Programming/Exjobb/FMIL/svn.jmodelica.org/FMILibrary/tags/2.0.3/build/ExpatEx/CMakeFiles/CMakeTmp'


Determining if the include file fcntl.h exists passed with the following output:
Change Dir: /home/lapbottom/Programming/Exjobb/FMIL/svn.jmodelica.org/FMILibrary/tags/2.0.3/build/ExpatEx/CMakeFiles/CMakeTmp

Run Build Command:"/usr/bin/make" "cmTC_d17af/fast"
make[3]: Entering directory '/home/lapbottom/Programming/Exjobb/FMIL/svn.jmodelica.org/FMILibrary/tags/2.0.3/build/ExpatEx/CMakeFiles/CMakeTmp'
/usr/bin/make -f CMakeFiles/cmTC_d17af.dir/build.make CMakeFiles/cmTC_d17af.dir/build
make[4]: Entering directory '/home/lapbottom/Programming/Exjobb/FMIL/svn.jmodelica.org/FMILibrary/tags/2.0.3/build/ExpatEx/CMakeFiles/CMakeTmp'
Building C object CMakeFiles/cmTC_d17af.dir/CheckIncludeFile.c.o
/usr/bin/cc   -std=c89 -pedantic -Wall -Wno-unused-function -fvisibility=hidden -fPIC -DXML_STATIC -DFMI_XML_QUERY    -o CMakeFiles/cmTC_d17af.dir/CheckIncludeFile.c.o   -c /home/lapbottom/Programming/Exjobb/FMIL/svn.jmodelica.org/FMILibrary/tags/2.0.3/build/ExpatEx/CMakeFiles/CMakeTmp/CheckIncludeFile.c
Linking C executable cmTC_d17af
/usr/bin/cmake -E cmake_link_script CMakeFiles/cmTC_d17af.dir/link.txt --verbose=1
/usr/bin/cc  -std=c89 -pedantic -Wall -Wno-unused-function -fvisibility=hidden -fPIC -DXML_STATIC -DFMI_XML_QUERY     -rdynamic CMakeFiles/cmTC_d17af.dir/CheckIncludeFile.c.o  -o cmTC_d17af 
make[4]: Leaving directory '/home/lapbottom/Programming/Exjobb/FMIL/svn.jmodelica.org/FMILibrary/tags/2.0.3/build/ExpatEx/CMakeFiles/CMakeTmp'
make[3]: Leaving directory '/home/lapbottom/Programming/Exjobb/FMIL/svn.jmodelica.org/FMILibrary/tags/2.0.3/build/ExpatEx/CMakeFiles/CMakeTmp'


Determining if the include file inttypes.h exists passed with the following output:
Change Dir: /home/lapbottom/Programming/Exjobb/FMIL/svn.jmodelica.org/FMILibrary/tags/2.0.3/build/ExpatEx/CMakeFiles/CMakeTmp

Run Build Command:"/usr/bin/make" "cmTC_7d1c9/fast"
make[3]: Entering directory '/home/lapbottom/Programming/Exjobb/FMIL/svn.jmodelica.org/FMILibrary/tags/2.0.3/build/ExpatEx/CMakeFiles/CMakeTmp'
/usr/bin/make -f CMakeFiles/cmTC_7d1c9.dir/build.make CMakeFiles/cmTC_7d1c9.dir/build
make[4]: Entering directory '/home/lapbottom/Programming/Exjobb/FMIL/svn.jmodelica.org/FMILibrary/tags/2.0.3/build/ExpatEx/CMakeFiles/CMakeTmp'
Building C object CMakeFiles/cmTC_7d1c9.dir/CheckIncludeFile.c.o
/usr/bin/cc   -std=c89 -pedantic -Wall -Wno-unused-function -fvisibility=hidden -fPIC -DXML_STATIC -DFMI_XML_QUERY    -o CMakeFiles/cmTC_7d1c9.dir/CheckIncludeFile.c.o   -c /home/lapbottom/Programming/Exjobb/FMIL/svn.jmodelica.org/FMILibrary/tags/2.0.3/build/ExpatEx/CMakeFiles/CMakeTmp/CheckIncludeFile.c
Linking C executable cmTC_7d1c9
/usr/bin/cmake -E cmake_link_script CMakeFiles/cmTC_7d1c9.dir/link.txt --verbose=1
/usr/bin/cc  -std=c89 -pedantic -Wall -Wno-unused-function -fvisibility=hidden -fPIC -DXML_STATIC -DFMI_XML_QUERY     -rdynamic CMakeFiles/cmTC_7d1c9.dir/CheckIncludeFile.c.o  -o cmTC_7d1c9 
make[4]: Leaving directory '/home/lapbottom/Programming/Exjobb/FMIL/svn.jmodelica.org/FMILibrary/tags/2.0.3/build/ExpatEx/CMakeFiles/CMakeTmp'
make[3]: Leaving directory '/home/lapbottom/Programming/Exjobb/FMIL/svn.jmodelica.org/FMILibrary/tags/2.0.3/build/ExpatEx/CMakeFiles/CMakeTmp'


Determining if the include file memory.h exists passed with the following output:
Change Dir: /home/lapbottom/Programming/Exjobb/FMIL/svn.jmodelica.org/FMILibrary/tags/2.0.3/build/ExpatEx/CMakeFiles/CMakeTmp

Run Build Command:"/usr/bin/make" "cmTC_ade6c/fast"
make[3]: Entering directory '/home/lapbottom/Programming/Exjobb/FMIL/svn.jmodelica.org/FMILibrary/tags/2.0.3/build/ExpatEx/CMakeFiles/CMakeTmp'
/usr/bin/make -f CMakeFiles/cmTC_ade6c.dir/build.make CMakeFiles/cmTC_ade6c.dir/build
make[4]: Entering directory '/home/lapbottom/Programming/Exjobb/FMIL/svn.jmodelica.org/FMILibrary/tags/2.0.3/build/ExpatEx/CMakeFiles/CMakeTmp'
Building C object CMakeFiles/cmTC_ade6c.dir/CheckIncludeFile.c.o
/usr/bin/cc   -std=c89 -pedantic -Wall -Wno-unused-function -fvisibility=hidden -fPIC -DXML_STATIC -DFMI_XML_QUERY    -o CMakeFiles/cmTC_ade6c.dir/CheckIncludeFile.c.o   -c /home/lapbottom/Programming/Exjobb/FMIL/svn.jmodelica.org/FMILibrary/tags/2.0.3/build/ExpatEx/CMakeFiles/CMakeTmp/CheckIncludeFile.c
Linking C executable cmTC_ade6c
/usr/bin/cmake -E cmake_link_script CMakeFiles/cmTC_ade6c.dir/link.txt --verbose=1
/usr/bin/cc  -std=c89 -pedantic -Wall -Wno-unused-function -fvisibility=hidden -fPIC -DXML_STATIC -DFMI_XML_QUERY     -rdynamic CMakeFiles/cmTC_ade6c.dir/CheckIncludeFile.c.o  -o cmTC_ade6c 
make[4]: Leaving directory '/home/lapbottom/Programming/Exjobb/FMIL/svn.jmodelica.org/FMILibrary/tags/2.0.3/build/ExpatEx/CMakeFiles/CMakeTmp'
make[3]: Leaving directory '/home/lapbottom/Programming/Exjobb/FMIL/svn.jmodelica.org/FMILibrary/tags/2.0.3/build/ExpatEx/CMakeFiles/CMakeTmp'


Determining if the include file stdint.h exists passed with the following output:
Change Dir: /home/lapbottom/Programming/Exjobb/FMIL/svn.jmodelica.org/FMILibrary/tags/2.0.3/build/ExpatEx/CMakeFiles/CMakeTmp

Run Build Command:"/usr/bin/make" "cmTC_226e5/fast"
make[3]: Entering directory '/home/lapbottom/Programming/Exjobb/FMIL/svn.jmodelica.org/FMILibrary/tags/2.0.3/build/ExpatEx/CMakeFiles/CMakeTmp'
/usr/bin/make -f CMakeFiles/cmTC_226e5.dir/build.make CMakeFiles/cmTC_226e5.dir/build
make[4]: Entering directory '/home/lapbottom/Programming/Exjobb/FMIL/svn.jmodelica.org/FMILibrary/tags/2.0.3/build/ExpatEx/CMakeFiles/CMakeTmp'
Building C object CMakeFiles/cmTC_226e5.dir/CheckIncludeFile.c.o
/usr/bin/cc   -std=c89 -pedantic -Wall -Wno-unused-function -fvisibility=hidden -fPIC -DXML_STATIC -DFMI_XML_QUERY    -o CMakeFiles/cmTC_226e5.dir/CheckIncludeFile.c.o   -c /home/lapbottom/Programming/Exjobb/FMIL/svn.jmodelica.org/FMILibrary/tags/2.0.3/build/ExpatEx/CMakeFiles/CMakeTmp/CheckIncludeFile.c
Linking C executable cmTC_226e5
/usr/bin/cmake -E cmake_link_script CMakeFiles/cmTC_226e5.dir/link.txt --verbose=1
/usr/bin/cc  -std=c89 -pedantic -Wall -Wno-unused-function -fvisibility=hidden -fPIC -DXML_STATIC -DFMI_XML_QUERY     -rdynamic CMakeFiles/cmTC_226e5.dir/CheckIncludeFile.c.o  -o cmTC_226e5 
make[4]: Leaving directory '/home/lapbottom/Programming/Exjobb/FMIL/svn.jmodelica.org/FMILibrary/tags/2.0.3/build/ExpatEx/CMakeFiles/CMakeTmp'
make[3]: Leaving directory '/home/lapbottom/Programming/Exjobb/FMIL/svn.jmodelica.org/FMILibrary/tags/2.0.3/build/ExpatEx/CMakeFiles/CMakeTmp'


Determining if the include file stdlib.h exists passed with the following output:
Change Dir: /home/lapbottom/Programming/Exjobb/FMIL/svn.jmodelica.org/FMILibrary/tags/2.0.3/build/ExpatEx/CMakeFiles/CMakeTmp

Run Build Command:"/usr/bin/make" "cmTC_f64e0/fast"
make[3]: Entering directory '/home/lapbottom/Programming/Exjobb/FMIL/svn.jmodelica.org/FMILibrary/tags/2.0.3/build/ExpatEx/CMakeFiles/CMakeTmp'
/usr/bin/make -f CMakeFiles/cmTC_f64e0.dir/build.make CMakeFiles/cmTC_f64e0.dir/build
make[4]: Entering directory '/home/lapbottom/Programming/Exjobb/FMIL/svn.jmodelica.org/FMILibrary/tags/2.0.3/build/ExpatEx/CMakeFiles/CMakeTmp'
Building C object CMakeFiles/cmTC_f64e0.dir/CheckIncludeFile.c.o
/usr/bin/cc   -std=c89 -pedantic -Wall -Wno-unused-function -fvisibility=hidden -fPIC -DXML_STATIC -DFMI_XML_QUERY    -o CMakeFiles/cmTC_f64e0.dir/CheckIncludeFile.c.o   -c /home/lapbottom/Programming/Exjobb/FMIL/svn.jmodelica.org/FMILibrary/tags/2.0.3/build/ExpatEx/CMakeFiles/CMakeTmp/CheckIncludeFile.c
Linking C executable cmTC_f64e0
/usr/bin/cmake -E cmake_link_script CMakeFiles/cmTC_f64e0.dir/link.txt --verbose=1
/usr/bin/cc  -std=c89 -pedantic -Wall -Wno-unused-function -fvisibility=hidden -fPIC -DXML_STATIC -DFMI_XML_QUERY     -rdynamic CMakeFiles/cmTC_f64e0.dir/CheckIncludeFile.c.o  -o cmTC_f64e0 
make[4]: Leaving directory '/home/lapbottom/Programming/Exjobb/FMIL/svn.jmodelica.org/FMILibrary/tags/2.0.3/build/ExpatEx/CMakeFiles/CMakeTmp'
make[3]: Leaving directory '/home/lapbottom/Programming/Exjobb/FMIL/svn.jmodelica.org/FMILibrary/tags/2.0.3/build/ExpatEx/CMakeFiles/CMakeTmp'


Determining if the include file strings.h exists passed with the following output:
Change Dir: /home/lapbottom/Programming/Exjobb/FMIL/svn.jmodelica.org/FMILibrary/tags/2.0.3/build/ExpatEx/CMakeFiles/CMakeTmp

Run Build Command:"/usr/bin/make" "cmTC_7a12a/fast"
make[3]: Entering directory '/home/lapbottom/Programming/Exjobb/FMIL/svn.jmodelica.org/FMILibrary/tags/2.0.3/build/ExpatEx/CMakeFiles/CMakeTmp'
/usr/bin/make -f CMakeFiles/cmTC_7a12a.dir/build.make CMakeFiles/cmTC_7a12a.dir/build
make[4]: Entering directory '/home/lapbottom/Programming/Exjobb/FMIL/svn.jmodelica.org/FMILibrary/tags/2.0.3/build/ExpatEx/CMakeFiles/CMakeTmp'
Building C object CMakeFiles/cmTC_7a12a.dir/CheckIncludeFile.c.o
/usr/bin/cc   -std=c89 -pedantic -Wall -Wno-unused-function -fvisibility=hidden -fPIC -DXML_STATIC -DFMI_XML_QUERY    -o CMakeFiles/cmTC_7a12a.dir/CheckIncludeFile.c.o   -c /home/lapbottom/Programming/Exjobb/FMIL/svn.jmodelica.org/FMILibrary/tags/2.0.3/build/ExpatEx/CMakeFiles/CMakeTmp/CheckIncludeFile.c
Linking C executable cmTC_7a12a
/usr/bin/cmake -E cmake_link_script CMakeFiles/cmTC_7a12a.dir/link.txt --verbose=1
/usr/bin/cc  -std=c89 -pedantic -Wall -Wno-unused-function -fvisibility=hidden -fPIC -DXML_STATIC -DFMI_XML_QUERY     -rdynamic CMakeFiles/cmTC_7a12a.dir/CheckIncludeFile.c.o  -o cmTC_7a12a 
make[4]: Leaving directory '/home/lapbottom/Programming/Exjobb/FMIL/svn.jmodelica.org/FMILibrary/tags/2.0.3/build/ExpatEx/CMakeFiles/CMakeTmp'
make[3]: Leaving directory '/home/lapbottom/Programming/Exjobb/FMIL/svn.jmodelica.org/FMILibrary/tags/2.0.3/build/ExpatEx/CMakeFiles/CMakeTmp'


Determining if the include file string.h exists passed with the following output:
Change Dir: /home/lapbottom/Programming/Exjobb/FMIL/svn.jmodelica.org/FMILibrary/tags/2.0.3/build/ExpatEx/CMakeFiles/CMakeTmp

Run Build Command:"/usr/bin/make" "cmTC_dff57/fast"
make[3]: Entering directory '/home/lapbottom/Programming/Exjobb/FMIL/svn.jmodelica.org/FMILibrary/tags/2.0.3/build/ExpatEx/CMakeFiles/CMakeTmp'
/usr/bin/make -f CMakeFiles/cmTC_dff57.dir/build.make CMakeFiles/cmTC_dff57.dir/build
make[4]: Entering directory '/home/lapbottom/Programming/Exjobb/FMIL/svn.jmodelica.org/FMILibrary/tags/2.0.3/build/ExpatEx/CMakeFiles/CMakeTmp'
Building C object CMakeFiles/cmTC_dff57.dir/CheckIncludeFile.c.o
/usr/bin/cc   -std=c89 -pedantic -Wall -Wno-unused-function -fvisibility=hidden -fPIC -DXML_STATIC -DFMI_XML_QUERY    -o CMakeFiles/cmTC_dff57.dir/CheckIncludeFile.c.o   -c /home/lapbottom/Programming/Exjobb/FMIL/svn.jmodelica.org/FMILibrary/tags/2.0.3/build/ExpatEx/CMakeFiles/CMakeTmp/CheckIncludeFile.c
Linking C executable cmTC_dff57
/usr/bin/cmake -E cmake_link_script CMakeFiles/cmTC_dff57.dir/link.txt --verbose=1
/usr/bin/cc  -std=c89 -pedantic -Wall -Wno-unused-function -fvisibility=hidden -fPIC -DXML_STATIC -DFMI_XML_QUERY     -rdynamic CMakeFiles/cmTC_dff57.dir/CheckIncludeFile.c.o  -o cmTC_dff57 
make[4]: Leaving directory '/home/lapbottom/Programming/Exjobb/FMIL/svn.jmodelica.org/FMILibrary/tags/2.0.3/build/ExpatEx/CMakeFiles/CMakeTmp'
make[3]: Leaving directory '/home/lapbottom/Programming/Exjobb/FMIL/svn.jmodelica.org/FMILibrary/tags/2.0.3/build/ExpatEx/CMakeFiles/CMakeTmp'


Determining if the include file sys/stat.h exists passed with the following output:
Change Dir: /home/lapbottom/Programming/Exjobb/FMIL/svn.jmodelica.org/FMILibrary/tags/2.0.3/build/ExpatEx/CMakeFiles/CMakeTmp

Run Build Command:"/usr/bin/make" "cmTC_7543c/fast"
make[3]: Entering directory '/home/lapbottom/Programming/Exjobb/FMIL/svn.jmodelica.org/FMILibrary/tags/2.0.3/build/ExpatEx/CMakeFiles/CMakeTmp'
/usr/bin/make -f CMakeFiles/cmTC_7543c.dir/build.make CMakeFiles/cmTC_7543c.dir/build
make[4]: Entering directory '/home/lapbottom/Programming/Exjobb/FMIL/svn.jmodelica.org/FMILibrary/tags/2.0.3/build/ExpatEx/CMakeFiles/CMakeTmp'
Building C object CMakeFiles/cmTC_7543c.dir/CheckIncludeFile.c.o
/usr/bin/cc   -std=c89 -pedantic -Wall -Wno-unused-function -fvisibility=hidden -fPIC -DXML_STATIC -DFMI_XML_QUERY    -o CMakeFiles/cmTC_7543c.dir/CheckIncludeFile.c.o   -c /home/lapbottom/Programming/Exjobb/FMIL/svn.jmodelica.org/FMILibrary/tags/2.0.3/build/ExpatEx/CMakeFiles/CMakeTmp/CheckIncludeFile.c
Linking C executable cmTC_7543c
/usr/bin/cmake -E cmake_link_script CMakeFiles/cmTC_7543c.dir/link.txt --verbose=1
/usr/bin/cc  -std=c89 -pedantic -Wall -Wno-unused-function -fvisibility=hidden -fPIC -DXML_STATIC -DFMI_XML_QUERY     -rdynamic CMakeFiles/cmTC_7543c.dir/CheckIncludeFile.c.o  -o cmTC_7543c 
make[4]: Leaving directory '/home/lapbottom/Programming/Exjobb/FMIL/svn.jmodelica.org/FMILibrary/tags/2.0.3/build/ExpatEx/CMakeFiles/CMakeTmp'
make[3]: Leaving directory '/home/lapbottom/Programming/Exjobb/FMIL/svn.jmodelica.org/FMILibrary/tags/2.0.3/build/ExpatEx/CMakeFiles/CMakeTmp'


Determining if the include file sys/types.h exists passed with the following output:
Change Dir: /home/lapbottom/Programming/Exjobb/FMIL/svn.jmodelica.org/FMILibrary/tags/2.0.3/build/ExpatEx/CMakeFiles/CMakeTmp

Run Build Command:"/usr/bin/make" "cmTC_02159/fast"
make[3]: Entering directory '/home/lapbottom/Programming/Exjobb/FMIL/svn.jmodelica.org/FMILibrary/tags/2.0.3/build/ExpatEx/CMakeFiles/CMakeTmp'
/usr/bin/make -f CMakeFiles/cmTC_02159.dir/build.make CMakeFiles/cmTC_02159.dir/build
make[4]: Entering directory '/home/lapbottom/Programming/Exjobb/FMIL/svn.jmodelica.org/FMILibrary/tags/2.0.3/build/ExpatEx/CMakeFiles/CMakeTmp'
Building C object CMakeFiles/cmTC_02159.dir/CheckIncludeFile.c.o
/usr/bin/cc   -std=c89 -pedantic -Wall -Wno-unused-function -fvisibility=hidden -fPIC -DXML_STATIC -DFMI_XML_QUERY    -o CMakeFiles/cmTC_02159.dir/CheckIncludeFile.c.o   -c /home/lapbottom/Programming/Exjobb/FMIL/svn.jmodelica.org/FMILibrary/tags/2.0.3/build/ExpatEx/CMakeFiles/CMakeTmp/CheckIncludeFile.c
Linking C executable cmTC_02159
/usr/bin/cmake -E cmake_link_script CMakeFiles/cmTC_02159.dir/link.txt --verbose=1
/usr/bin/cc  -std=c89 -pedantic -Wall -Wno-unused-function -fvisibility=hidden -fPIC -DXML_STATIC -DFMI_XML_QUERY     -rdynamic CMakeFiles/cmTC_02159.dir/CheckIncludeFile.c.o  -o cmTC_02159 
make[4]: Leaving directory '/home/lapbottom/Programming/Exjobb/FMIL/svn.jmodelica.org/FMILibrary/tags/2.0.3/build/ExpatEx/CMakeFiles/CMakeTmp'
make[3]: Leaving directory '/home/lapbottom/Programming/Exjobb/FMIL/svn.jmodelica.org/FMILibrary/tags/2.0.3/build/ExpatEx/CMakeFiles/CMakeTmp'


Determining if the include file unistd.h exists passed with the following output:
Change Dir: /home/lapbottom/Programming/Exjobb/FMIL/svn.jmodelica.org/FMILibrary/tags/2.0.3/build/ExpatEx/CMakeFiles/CMakeTmp

Run Build Command:"/usr/bin/make" "cmTC_49374/fast"
make[3]: Entering directory '/home/lapbottom/Programming/Exjobb/FMIL/svn.jmodelica.org/FMILibrary/tags/2.0.3/build/ExpatEx/CMakeFiles/CMakeTmp'
/usr/bin/make -f CMakeFiles/cmTC_49374.dir/build.make CMakeFiles/cmTC_49374.dir/build
make[4]: Entering directory '/home/lapbottom/Programming/Exjobb/FMIL/svn.jmodelica.org/FMILibrary/tags/2.0.3/build/ExpatEx/CMakeFiles/CMakeTmp'
Building C object CMakeFiles/cmTC_49374.dir/CheckIncludeFile.c.o
/usr/bin/cc   -std=c89 -pedantic -Wall -Wno-unused-function -fvisibility=hidden -fPIC -DXML_STATIC -DFMI_XML_QUERY    -o CMakeFiles/cmTC_49374.dir/CheckIncludeFile.c.o   -c /home/lapbottom/Programming/Exjobb/FMIL/svn.jmodelica.org/FMILibrary/tags/2.0.3/build/ExpatEx/CMakeFiles/CMakeTmp/CheckIncludeFile.c
Linking C executable cmTC_49374
/usr/bin/cmake -E cmake_link_script CMakeFiles/cmTC_49374.dir/link.txt --verbose=1
/usr/bin/cc  -std=c89 -pedantic -Wall -Wno-unused-function -fvisibility=hidden -fPIC -DXML_STATIC -DFMI_XML_QUERY     -rdynamic CMakeFiles/cmTC_49374.dir/CheckIncludeFile.c.o  -o cmTC_49374 
make[4]: Leaving directory '/home/lapbottom/Programming/Exjobb/FMIL/svn.jmodelica.org/FMILibrary/tags/2.0.3/build/ExpatEx/CMakeFiles/CMakeTmp'
make[3]: Leaving directory '/home/lapbottom/Programming/Exjobb/FMIL/svn.jmodelica.org/FMILibrary/tags/2.0.3/build/ExpatEx/CMakeFiles/CMakeTmp'


Determining if the function getpagesize exists passed with the following output:
Change Dir: /home/lapbottom/Programming/Exjobb/FMIL/svn.jmodelica.org/FMILibrary/tags/2.0.3/build/ExpatEx/CMakeFiles/CMakeTmp

Run Build Command:"/usr/bin/make" "cmTC_63594/fast"
make[3]: Entering directory '/home/lapbottom/Programming/Exjobb/FMIL/svn.jmodelica.org/FMILibrary/tags/2.0.3/build/ExpatEx/CMakeFiles/CMakeTmp'
/usr/bin/make -f CMakeFiles/cmTC_63594.dir/build.make CMakeFiles/cmTC_63594.dir/build
make[4]: Entering directory '/home/lapbottom/Programming/Exjobb/FMIL/svn.jmodelica.org/FMILibrary/tags/2.0.3/build/ExpatEx/CMakeFiles/CMakeTmp'
Building C object CMakeFiles/cmTC_63594.dir/CheckFunctionExists.c.o
/usr/bin/cc   -std=c89 -pedantic -Wall -Wno-unused-function -fvisibility=hidden -fPIC -DXML_STATIC -DFMI_XML_QUERY -DCHECK_FUNCTION_EXISTS=getpagesize   -o CMakeFiles/cmTC_63594.dir/CheckFunctionExists.c.o   -c /usr/share/cmake-3.10/Modules/CheckFunctionExists.c
Linking C executable cmTC_63594
/usr/bin/cmake -E cmake_link_script CMakeFiles/cmTC_63594.dir/link.txt --verbose=1
/usr/bin/cc  -std=c89 -pedantic -Wall -Wno-unused-function -fvisibility=hidden -fPIC -DXML_STATIC -DFMI_XML_QUERY -DCHECK_FUNCTION_EXISTS=getpagesize    -rdynamic CMakeFiles/cmTC_63594.dir/CheckFunctionExists.c.o  -o cmTC_63594 
make[4]: Leaving directory '/home/lapbottom/Programming/Exjobb/FMIL/svn.jmodelica.org/FMILibrary/tags/2.0.3/build/ExpatEx/CMakeFiles/CMakeTmp'
make[3]: Leaving directory '/home/lapbottom/Programming/Exjobb/FMIL/svn.jmodelica.org/FMILibrary/tags/2.0.3/build/ExpatEx/CMakeFiles/CMakeTmp'


Determining if the function bcopy exists passed with the following output:
Change Dir: /home/lapbottom/Programming/Exjobb/FMIL/svn.jmodelica.org/FMILibrary/tags/2.0.3/build/ExpatEx/CMakeFiles/CMakeTmp

Run Build Command:"/usr/bin/make" "cmTC_761c2/fast"
make[3]: Entering directory '/home/lapbottom/Programming/Exjobb/FMIL/svn.jmodelica.org/FMILibrary/tags/2.0.3/build/ExpatEx/CMakeFiles/CMakeTmp'
/usr/bin/make -f CMakeFiles/cmTC_761c2.dir/build.make CMakeFiles/cmTC_761c2.dir/build
make[4]: Entering directory '/home/lapbottom/Programming/Exjobb/FMIL/svn.jmodelica.org/FMILibrary/tags/2.0.3/build/ExpatEx/CMakeFiles/CMakeTmp'
Building C object CMakeFiles/cmTC_761c2.dir/CheckFunctionExists.c.o
/usr/bin/cc   -std=c89 -pedantic -Wall -Wno-unused-function -fvisibility=hidden -fPIC -DXML_STATIC -DFMI_XML_QUERY -DCHECK_FUNCTION_EXISTS=bcopy   -o CMakeFiles/cmTC_761c2.dir/CheckFunctionExists.c.o   -c /usr/share/cmake-3.10/Modules/CheckFunctionExists.c
Linking C executable cmTC_761c2
/usr/bin/cmake -E cmake_link_script CMakeFiles/cmTC_761c2.dir/link.txt --verbose=1
/usr/bin/cc  -std=c89 -pedantic -Wall -Wno-unused-function -fvisibility=hidden -fPIC -DXML_STATIC -DFMI_XML_QUERY -DCHECK_FUNCTION_EXISTS=bcopy    -rdynamic CMakeFiles/cmTC_761c2.dir/CheckFunctionExists.c.o  -o cmTC_761c2 
make[4]: Leaving directory '/home/lapbottom/Programming/Exjobb/FMIL/svn.jmodelica.org/FMILibrary/tags/2.0.3/build/ExpatEx/CMakeFiles/CMakeTmp'
make[3]: Leaving directory '/home/lapbottom/Programming/Exjobb/FMIL/svn.jmodelica.org/FMILibrary/tags/2.0.3/build/ExpatEx/CMakeFiles/CMakeTmp'


Determining if the memmove exist passed with the following output:
Change Dir: /home/lapbottom/Programming/Exjobb/FMIL/svn.jmodelica.org/FMILibrary/tags/2.0.3/build/ExpatEx/CMakeFiles/CMakeTmp

Run Build Command:"/usr/bin/make" "cmTC_72178/fast"
make[3]: Entering directory '/home/lapbottom/Programming/Exjobb/FMIL/svn.jmodelica.org/FMILibrary/tags/2.0.3/build/ExpatEx/CMakeFiles/CMakeTmp'
/usr/bin/make -f CMakeFiles/cmTC_72178.dir/build.make CMakeFiles/cmTC_72178.dir/build
make[4]: Entering directory '/home/lapbottom/Programming/Exjobb/FMIL/svn.jmodelica.org/FMILibrary/tags/2.0.3/build/ExpatEx/CMakeFiles/CMakeTmp'
Building C object CMakeFiles/cmTC_72178.dir/CheckSymbolExists.c.o
/usr/bin/cc   -std=c89 -pedantic -Wall -Wno-unused-function -fvisibility=hidden -fPIC -DXML_STATIC -DFMI_XML_QUERY    -o CMakeFiles/cmTC_72178.dir/CheckSymbolExists.c.o   -c /home/lapbottom/Programming/Exjobb/FMIL/svn.jmodelica.org/FMILibrary/tags/2.0.3/build/ExpatEx/CMakeFiles/CMakeTmp/CheckSymbolExists.c
/home/lapbottom/Programming/Exjobb/FMIL/svn.jmodelica.org/FMILibrary/tags/2.0.3/build/ExpatEx/CMakeFiles/CMakeTmp/CheckSymbolExists.c: In function main:
/home/lapbottom/Programming/Exjobb/FMIL/svn.jmodelica.org/FMILibrary/tags/2.0.3/build/ExpatEx/CMakeFiles/CMakeTmp/CheckSymbolExists.c:8:11: warning: ISO C forbids conversion of function pointer to object pointer type [-Wpedantic]
   return ((int*)(&memmove))[argc];
           ^
Linking C executable cmTC_72178
/usr/bin/cmake -E cmake_link_script CMakeFiles/cmTC_72178.dir/link.txt --verbose=1
/usr/bin/cc  -std=c89 -pedantic -Wall -Wno-unused-function -fvisibility=hidden -fPIC -DXML_STATIC -DFMI_XML_QUERY     -rdynamic CMakeFiles/cmTC_72178.dir/CheckSymbolExists.c.o  -o cmTC_72178 
make[4]: Leaving directory '/home/lapbottom/Programming/Exjobb/FMIL/svn.jmodelica.org/FMILibrary/tags/2.0.3/build/ExpatEx/CMakeFiles/CMakeTmp'
make[3]: Leaving directory '/home/lapbottom/Programming/Exjobb/FMIL/svn.jmodelica.org/FMILibrary/tags/2.0.3/build/ExpatEx/CMakeFiles/CMakeTmp'

File /home/lapbottom/Programming/Exjobb/FMIL/svn.jmodelica.org/FMILibrary/tags/2.0.3/build/ExpatEx/CMakeFiles/CMakeTmp/CheckSymbolExists.c:
/* */
#include <string.h>

int main(int argc, char** argv)
{
  (void)argv;
#ifndef memmove
  return ((int*)(&memmove))[argc];
#else
  (void)argc;
  return 0;
#endif
}

Determining if the function mmap exists passed with the following output:
Change Dir: /home/lapbottom/Programming/Exjobb/FMIL/svn.jmodelica.org/FMILibrary/tags/2.0.3/build/ExpatEx/CMakeFiles/CMakeTmp

Run Build Command:"/usr/bin/make" "cmTC_0f6f5/fast"
make[3]: Entering directory '/home/lapbottom/Programming/Exjobb/FMIL/svn.jmodelica.org/FMILibrary/tags/2.0.3/build/ExpatEx/CMakeFiles/CMakeTmp'
/usr/bin/make -f CMakeFiles/cmTC_0f6f5.dir/build.make CMakeFiles/cmTC_0f6f5.dir/build
make[4]: Entering directory '/home/lapbottom/Programming/Exjobb/FMIL/svn.jmodelica.org/FMILibrary/tags/2.0.3/build/ExpatEx/CMakeFiles/CMakeTmp'
Building C object CMakeFiles/cmTC_0f6f5.dir/CheckFunctionExists.c.o
/usr/bin/cc   -std=c89 -pedantic -Wall -Wno-unused-function -fvisibility=hidden -fPIC -DXML_STATIC -DFMI_XML_QUERY -DCHECK_FUNCTION_EXISTS=mmap   -o CMakeFiles/cmTC_0f6f5.dir/CheckFunctionExists.c.o   -c /usr/share/cmake-3.10/Modules/CheckFunctionExists.c
Linking C executable cmTC_0f6f5
/usr/bin/cmake -E cmake_link_script CMakeFiles/cmTC_0f6f5.dir/link.txt --verbose=1
/usr/bin/cc  -std=c89 -pedantic -Wall -Wno-unused-function -fvisibility=hidden -fPIC -DXML_STATIC -DFMI_XML_QUERY -DCHECK_FUNCTION_EXISTS=mmap    -rdynamic CMakeFiles/cmTC_0f6f5.dir/CheckFunctionExists.c.o  -o cmTC_0f6f5 
make[4]: Leaving directory '/home/lapbottom/Programming/Exjobb/FMIL/svn.jmodelica.org/FMILibrary/tags/2.0.3/build/ExpatEx/CMakeFiles/CMakeTmp'
make[3]: Leaving directory '/home/lapbottom/Programming/Exjobb/FMIL/svn.jmodelica.org/FMILibrary/tags/2.0.3/build/ExpatEx/CMakeFiles/CMakeTmp'


Determining if files stdlib.h;stdarg.h;string.h;float.h exist passed with the following output:
Change Dir: /home/lapbottom/Programming/Exjobb/FMIL/svn.jmodelica.org/FMILibrary/tags/2.0.3/build/ExpatEx/CMakeFiles/CMakeTmp

Run Build Command:"/usr/bin/make" "cmTC_20a64/fast"
make[3]: Entering directory '/home/lapbottom/Programming/Exjobb/FMIL/svn.jmodelica.org/FMILibrary/tags/2.0.3/build/ExpatEx/CMakeFiles/CMakeTmp'
/usr/bin/make -f CMakeFiles/cmTC_20a64.dir/build.make CMakeFiles/cmTC_20a64.dir/build
make[4]: Entering directory '/home/lapbottom/Programming/Exjobb/FMIL/svn.jmodelica.org/FMILibrary/tags/2.0.3/build/ExpatEx/CMakeFiles/CMakeTmp'
Building C object CMakeFiles/cmTC_20a64.dir/CheckIncludeFiles.c.o
/usr/bin/cc   -std=c89 -pedantic -Wall -Wno-unused-function -fvisibility=hidden -fPIC -DXML_STATIC -DFMI_XML_QUERY    -o CMakeFiles/cmTC_20a64.dir/CheckIncludeFiles.c.o   -c /home/lapbottom/Programming/Exjobb/FMIL/svn.jmodelica.org/FMILibrary/tags/2.0.3/build/ExpatEx/CMakeFiles/CMakeTmp/CheckIncludeFiles.c
Linking C executable cmTC_20a64
/usr/bin/cmake -E cmake_link_script CMakeFiles/cmTC_20a64.dir/link.txt --verbose=1
/usr/bin/cc  -std=c89 -pedantic -Wall -Wno-unused-function -fvisibility=hidden -fPIC -DXML_STATIC -DFMI_XML_QUERY     -rdynamic CMakeFiles/cmTC_20a64.dir/CheckIncludeFiles.c.o  -o cmTC_20a64 
make[4]: Leaving directory '/home/lapbottom/Programming/Exjobb/FMIL/svn.jmodelica.org/FMILibrary/tags/2.0.3/build/ExpatEx/CMakeFiles/CMakeTmp'
make[3]: Leaving directory '/home/lapbottom/Programming/Exjobb/FMIL/svn.jmodelica.org/FMILibrary/tags/2.0.3/build/ExpatEx/CMakeFiles/CMakeTmp'


Determining if the include file stddef.h exists passed with the following output:
Change Dir: /home/lapbottom/Programming/Exjobb/FMIL/svn.jmodelica.org/FMILibrary/tags/2.0.3/build/ExpatEx/CMakeFiles/CMakeTmp

Run Build Command:"/usr/bin/make" "cmTC_28859/fast"
make[3]: Entering directory '/home/lapbottom/Programming/Exjobb/FMIL/svn.jmodelica.org/FMILibrary/tags/2.0.3/build/ExpatEx/CMakeFiles/CMakeTmp'
/usr/bin/make -f CMakeFiles/cmTC_28859.dir/build.make CMakeFiles/cmTC_28859.dir/build
make[4]: Entering directory '/home/lapbottom/Programming/Exjobb/FMIL/svn.jmodelica.org/FMILibrary/tags/2.0.3/build/ExpatEx/CMakeFiles/CMakeTmp'
Building C object CMakeFiles/cmTC_28859.dir/CheckIncludeFile.c.o
/usr/bin/cc   -std=c89 -pedantic -Wall -Wno-unused-function -fvisibility=hidden -fPIC -DXML_STATIC -DFMI_XML_QUERY    -o CMakeFiles/cmTC_28859.dir/CheckIncludeFile.c.o   -c /home/lapbottom/Programming/Exjobb/FMIL/svn.jmodelica.org/FMILibrary/tags/2.0.3/build/ExpatEx/CMakeFiles/CMakeTmp/CheckIncludeFile.c
Linking C executable cmTC_28859
/usr/bin/cmake -E cmake_link_script CMakeFiles/cmTC_28859.dir/link.txt --verbose=1
/usr/bin/cc  -std=c89 -pedantic -Wall -Wno-unused-function -fvisibility=hidden -fPIC -DXML_STATIC -DFMI_XML_QUERY     -rdynamic CMakeFiles/cmTC_28859.dir/CheckIncludeFile.c.o  -o cmTC_28859 
make[4]: Leaving directory '/home/lapbottom/Programming/Exjobb/FMIL/svn.jmodelica.org/FMILibrary/tags/2.0.3/build/ExpatEx/CMakeFiles/CMakeTmp'
make[3]: Leaving directory '/home/lapbottom/Programming/Exjobb/FMIL/svn.jmodelica.org/FMILibrary/tags/2.0.3/build/ExpatEx/CMakeFiles/CMakeTmp'


Determining size of unsigned short passed with the following output:
Change Dir: /home/lapbottom/Programming/Exjobb/FMIL/svn.jmodelica.org/FMILibrary/tags/2.0.3/build/ExpatEx/CMakeFiles/CMakeTmp

Run Build Command:"/usr/bin/make" "cmTC_b5974/fast"
make[3]: Entering directory '/home/lapbottom/Programming/Exjobb/FMIL/svn.jmodelica.org/FMILibrary/tags/2.0.3/build/ExpatEx/CMakeFiles/CMakeTmp'
/usr/bin/make -f CMakeFiles/cmTC_b5974.dir/build.make CMakeFiles/cmTC_b5974.dir/build
make[4]: Entering directory '/home/lapbottom/Programming/Exjobb/FMIL/svn.jmodelica.org/FMILibrary/tags/2.0.3/build/ExpatEx/CMakeFiles/CMakeTmp'
Building C object CMakeFiles/cmTC_b5974.dir/CMAKE_SIZEOF_UNSIGNED_SHORT.c.o
/usr/bin/cc   -std=c89 -pedantic -Wall -Wno-unused-function -fvisibility=hidden -fPIC -DXML_STATIC -DFMI_XML_QUERY    -o CMakeFiles/cmTC_b5974.dir/CMAKE_SIZEOF_UNSIGNED_SHORT.c.o   -c /home/lapbottom/Programming/Exjobb/FMIL/svn.jmodelica.org/FMILibrary/tags/2.0.3/build/ExpatEx/CMakeFiles/CheckTypeSize/CMAKE_SIZEOF_UNSIGNED_SHORT.c
Linking C executable cmTC_b5974
/usr/bin/cmake -E cmake_link_script CMakeFiles/cmTC_b5974.dir/link.txt --verbose=1
/usr/bin/cc  -std=c89 -pedantic -Wall -Wno-unused-function -fvisibility=hidden -fPIC -DXML_STATIC -DFMI_XML_QUERY     -rdynamic CMakeFiles/cmTC_b5974.dir/CMAKE_SIZEOF_UNSIGNED_SHORT.c.o  -o cmTC_b5974 
make[4]: Leaving directory '/home/lapbottom/Programming/Exjobb/FMIL/svn.jmodelica.org/FMILibrary/tags/2.0.3/build/ExpatEx/CMakeFiles/CMakeTmp'
make[3]: Leaving directory '/home/lapbottom/Programming/Exjobb/FMIL/svn.jmodelica.org/FMILibrary/tags/2.0.3/build/ExpatEx/CMakeFiles/CMakeTmp'


Determining if the system is big endian passed with the following output:
Change Dir: /home/lapbottom/Programming/Exjobb/FMIL/svn.jmodelica.org/FMILibrary/tags/2.0.3/build/ExpatEx/CMakeFiles/CMakeTmp

Run Build Command:"/usr/bin/make" "cmTC_b1fd1/fast"
make[3]: Entering directory '/home/lapbottom/Programming/Exjobb/FMIL/svn.jmodelica.org/FMILibrary/tags/2.0.3/build/ExpatEx/CMakeFiles/CMakeTmp'
/usr/bin/make -f CMakeFiles/cmTC_b1fd1.dir/build.make CMakeFiles/cmTC_b1fd1.dir/build
make[4]: Entering directory '/home/lapbottom/Programming/Exjobb/FMIL/svn.jmodelica.org/FMILibrary/tags/2.0.3/build/ExpatEx/CMakeFiles/CMakeTmp'
Building C object CMakeFiles/cmTC_b1fd1.dir/TestEndianess.c.o
/usr/bin/cc   -std=c89 -pedantic -Wall -Wno-unused-function -fvisibility=hidden -fPIC -DXML_STATIC -DFMI_XML_QUERY    -o CMakeFiles/cmTC_b1fd1.dir/TestEndianess.c.o   -c /home/lapbottom/Programming/Exjobb/FMIL/svn.jmodelica.org/FMILibrary/tags/2.0.3/build/ExpatEx/CMakeFiles/CMakeTmp/TestEndianess.c
Linking C executable cmTC_b1fd1
/usr/bin/cmake -E cmake_link_script CMakeFiles/cmTC_b1fd1.dir/link.txt --verbose=1
/usr/bin/cc  -std=c89 -pedantic -Wall -Wno-unused-function -fvisibility=hidden -fPIC -DXML_STATIC -DFMI_XML_QUERY     -rdynamic CMakeFiles/cmTC_b1fd1.dir/TestEndianess.c.o  -o cmTC_b1fd1 
make[4]: Leaving directory '/home/lapbottom/Programming/Exjobb/FMIL/svn.jmodelica.org/FMILibrary/tags/2.0.3/build/ExpatEx/CMakeFiles/CMakeTmp'
make[3]: Leaving directory '/home/lapbottom/Programming/Exjobb/FMIL/svn.jmodelica.org/FMILibrary/tags/2.0.3/build/ExpatEx/CMakeFiles/CMakeTmp'

TestEndianess.c:
/* A 16 bit integer is required. */
typedef unsigned short cmakeint16;

/* On a little endian machine, these 16bit ints will give "THIS IS LITTLE ENDIAN."
   On a big endian machine the characters will be exchanged pairwise. */
const cmakeint16 info_little[] =  {0x4854, 0x5349, 0x4920, 0x2053, 0x494c, 0x5454, 0x454c, 0x4520, 0x444e, 0x4149, 0x2e4e, 0x0000};

/* on a big endian machine, these 16bit ints will give "THIS IS BIG ENDIAN."
   On a little endian machine the characters will be exchanged pairwise. */
const cmakeint16 info_big[] =     {0x5448, 0x4953, 0x2049, 0x5320, 0x4249, 0x4720, 0x454e, 0x4449, 0x414e, 0x2e2e, 0x0000};

#ifdef __CLASSIC_C__
int main(argc, argv) int argc; char *argv[];
#else
int main(int argc, char *argv[])
#endif
{
  int require = 0;
  require += info_little[argc];
  require += info_big[argc];
  (void)argv;
  return require;
}


