Determining if the va_copy exist failed with the following output:
Change Dir: /home/lapbottom/Programming/Exjobb/FMIL/svn.jmodelica.org/FMILibrary/tags/2.0.3/build/CMakeFiles/CMakeTmp

Run Build Command:"/usr/bin/make" "cmTC_8ffa2/fast"
/usr/bin/make -f CMakeFiles/cmTC_8ffa2.dir/build.make CMakeFiles/cmTC_8ffa2.dir/build
make[1]: Entering directory '/home/lapbottom/Programming/Exjobb/FMIL/svn.jmodelica.org/FMILibrary/tags/2.0.3/build/CMakeFiles/CMakeTmp'
Building C object CMakeFiles/cmTC_8ffa2.dir/CheckSymbolExists.c.o
/usr/bin/cc   -std=c89 -pedantic -Wall -Wno-unused-function -fvisibility=hidden -fPIC    -o CMakeFiles/cmTC_8ffa2.dir/CheckSymbolExists.c.o   -c /home/lapbottom/Programming/Exjobb/FMIL/svn.jmodelica.org/FMILibrary/tags/2.0.3/build/CMakeFiles/CMakeTmp/CheckSymbolExists.c
/home/lapbottom/Programming/Exjobb/FMIL/svn.jmodelica.org/FMILibrary/tags/2.0.3/build/CMakeFiles/CMakeTmp/CheckSymbolExists.c: In function ‘main’:
/home/lapbottom/Programming/Exjobb/FMIL/svn.jmodelica.org/FMILibrary/tags/2.0.3/build/CMakeFiles/CMakeTmp/CheckSymbolExists.c:8:19: error: ‘va_copy’ undeclared (first use in this function); did you mean ‘__va_copy’?
   return ((int*)(&va_copy))[argc];
                   ^~~~~~~
                   __va_copy
/home/lapbottom/Programming/Exjobb/FMIL/svn.jmodelica.org/FMILibrary/tags/2.0.3/build/CMakeFiles/CMakeTmp/CheckSymbolExists.c:8:19: note: each undeclared identifier is reported only once for each function it appears in
/home/lapbottom/Programming/Exjobb/FMIL/svn.jmodelica.org/FMILibrary/tags/2.0.3/build/CMakeFiles/CMakeTmp/CheckSymbolExists.c:13:1: warning: control reaches end of non-void function [-Wreturn-type]
 }
 ^
CMakeFiles/cmTC_8ffa2.dir/build.make:65: recipe for target 'CMakeFiles/cmTC_8ffa2.dir/CheckSymbolExists.c.o' failed
make[1]: *** [CMakeFiles/cmTC_8ffa2.dir/CheckSymbolExists.c.o] Error 1
make[1]: Leaving directory '/home/lapbottom/Programming/Exjobb/FMIL/svn.jmodelica.org/FMILibrary/tags/2.0.3/build/CMakeFiles/CMakeTmp'
Makefile:126: recipe for target 'cmTC_8ffa2/fast' failed
make: *** [cmTC_8ffa2/fast] Error 2

File /home/lapbottom/Programming/Exjobb/FMIL/svn.jmodelica.org/FMILibrary/tags/2.0.3/build/CMakeFiles/CMakeTmp/CheckSymbolExists.c:
/* */
#include <stdarg.h>

int main(int argc, char** argv)
{
  (void)argv;
#ifndef va_copy
  return ((int*)(&va_copy))[argc];
#else
  (void)argc;
  return 0;
#endif
}

Determining if the vsnprintf exist failed with the following output:
Change Dir: /home/lapbottom/Programming/Exjobb/FMIL/svn.jmodelica.org/FMILibrary/tags/2.0.3/build/CMakeFiles/CMakeTmp

Run Build Command:"/usr/bin/make" "cmTC_e634c/fast"
/usr/bin/make -f CMakeFiles/cmTC_e634c.dir/build.make CMakeFiles/cmTC_e634c.dir/build
make[1]: Entering directory '/home/lapbottom/Programming/Exjobb/FMIL/svn.jmodelica.org/FMILibrary/tags/2.0.3/build/CMakeFiles/CMakeTmp'
Building C object CMakeFiles/cmTC_e634c.dir/CheckSymbolExists.c.o
/usr/bin/cc   -std=c89 -pedantic -Wall -Wno-unused-function -fvisibility=hidden -fPIC    -o CMakeFiles/cmTC_e634c.dir/CheckSymbolExists.c.o   -c /home/lapbottom/Programming/Exjobb/FMIL/svn.jmodelica.org/FMILibrary/tags/2.0.3/build/CMakeFiles/CMakeTmp/CheckSymbolExists.c
/home/lapbottom/Programming/Exjobb/FMIL/svn.jmodelica.org/FMILibrary/tags/2.0.3/build/CMakeFiles/CMakeTmp/CheckSymbolExists.c: In function ‘main’:
/home/lapbottom/Programming/Exjobb/FMIL/svn.jmodelica.org/FMILibrary/tags/2.0.3/build/CMakeFiles/CMakeTmp/CheckSymbolExists.c:8:19: error: ‘vsnprintf’ undeclared (first use in this function); did you mean ‘vsprintf’?
   return ((int*)(&vsnprintf))[argc];
                   ^~~~~~~~~
                   vsprintf
/home/lapbottom/Programming/Exjobb/FMIL/svn.jmodelica.org/FMILibrary/tags/2.0.3/build/CMakeFiles/CMakeTmp/CheckSymbolExists.c:8:19: note: each undeclared identifier is reported only once for each function it appears in
/home/lapbottom/Programming/Exjobb/FMIL/svn.jmodelica.org/FMILibrary/tags/2.0.3/build/CMakeFiles/CMakeTmp/CheckSymbolExists.c:13:1: warning: control reaches end of non-void function [-Wreturn-type]
 }
 ^
CMakeFiles/cmTC_e634c.dir/build.make:65: recipe for target 'CMakeFiles/cmTC_e634c.dir/CheckSymbolExists.c.o' failed
make[1]: *** [CMakeFiles/cmTC_e634c.dir/CheckSymbolExists.c.o] Error 1
make[1]: Leaving directory '/home/lapbottom/Programming/Exjobb/FMIL/svn.jmodelica.org/FMILibrary/tags/2.0.3/build/CMakeFiles/CMakeTmp'
Makefile:126: recipe for target 'cmTC_e634c/fast' failed
make: *** [cmTC_e634c/fast] Error 2

File /home/lapbottom/Programming/Exjobb/FMIL/svn.jmodelica.org/FMILibrary/tags/2.0.3/build/CMakeFiles/CMakeTmp/CheckSymbolExists.c:
/* */
#include <stdio.h>

int main(int argc, char** argv)
{
  (void)argv;
#ifndef vsnprintf
  return ((int*)(&vsnprintf))[argc];
#else
  (void)argc;
  return 0;
#endif
}

Determining if the snprintf exist failed with the following output:
Change Dir: /home/lapbottom/Programming/Exjobb/FMIL/svn.jmodelica.org/FMILibrary/tags/2.0.3/build/CMakeFiles/CMakeTmp

Run Build Command:"/usr/bin/make" "cmTC_78e73/fast"
/usr/bin/make -f CMakeFiles/cmTC_78e73.dir/build.make CMakeFiles/cmTC_78e73.dir/build
make[1]: Entering directory '/home/lapbottom/Programming/Exjobb/FMIL/svn.jmodelica.org/FMILibrary/tags/2.0.3/build/CMakeFiles/CMakeTmp'
Building C object CMakeFiles/cmTC_78e73.dir/CheckSymbolExists.c.o
/usr/bin/cc   -std=c89 -pedantic -Wall -Wno-unused-function -fvisibility=hidden -fPIC    -o CMakeFiles/cmTC_78e73.dir/CheckSymbolExists.c.o   -c /home/lapbottom/Programming/Exjobb/FMIL/svn.jmodelica.org/FMILibrary/tags/2.0.3/build/CMakeFiles/CMakeTmp/CheckSymbolExists.c
/home/lapbottom/Programming/Exjobb/FMIL/svn.jmodelica.org/FMILibrary/tags/2.0.3/build/CMakeFiles/CMakeTmp/CheckSymbolExists.c: In function ‘main’:
/home/lapbottom/Programming/Exjobb/FMIL/svn.jmodelica.org/FMILibrary/tags/2.0.3/build/CMakeFiles/CMakeTmp/CheckSymbolExists.c:8:19: error: ‘snprintf’ undeclared (first use in this function); did you mean ‘sprintf’?
   return ((int*)(&snprintf))[argc];
                   ^~~~~~~~
                   sprintf
/home/lapbottom/Programming/Exjobb/FMIL/svn.jmodelica.org/FMILibrary/tags/2.0.3/build/CMakeFiles/CMakeTmp/CheckSymbolExists.c:8:19: note: each undeclared identifier is reported only once for each function it appears in
/home/lapbottom/Programming/Exjobb/FMIL/svn.jmodelica.org/FMILibrary/tags/2.0.3/build/CMakeFiles/CMakeTmp/CheckSymbolExists.c:13:1: warning: control reaches end of non-void function [-Wreturn-type]
 }
 ^
CMakeFiles/cmTC_78e73.dir/build.make:65: recipe for target 'CMakeFiles/cmTC_78e73.dir/CheckSymbolExists.c.o' failed
make[1]: *** [CMakeFiles/cmTC_78e73.dir/CheckSymbolExists.c.o] Error 1
make[1]: Leaving directory '/home/lapbottom/Programming/Exjobb/FMIL/svn.jmodelica.org/FMILibrary/tags/2.0.3/build/CMakeFiles/CMakeTmp'
Makefile:126: recipe for target 'cmTC_78e73/fast' failed
make: *** [cmTC_78e73/fast] Error 2

File /home/lapbottom/Programming/Exjobb/FMIL/svn.jmodelica.org/FMILibrary/tags/2.0.3/build/CMakeFiles/CMakeTmp/CheckSymbolExists.c:
/* */
#include <stdio.h>

int main(int argc, char** argv)
{
  (void)argv;
#ifndef snprintf
  return ((int*)(&snprintf))[argc];
#else
  (void)argc;
  return 0;
#endif
}

Determining if the vasprintf exist failed with the following output:
Change Dir: /home/lapbottom/Programming/Exjobb/FMIL/svn.jmodelica.org/FMILibrary/tags/2.0.3/build/CMakeFiles/CMakeTmp

Run Build Command:"/usr/bin/make" "cmTC_10f43/fast"
/usr/bin/make -f CMakeFiles/cmTC_10f43.dir/build.make CMakeFiles/cmTC_10f43.dir/build
make[1]: Entering directory '/home/lapbottom/Programming/Exjobb/FMIL/svn.jmodelica.org/FMILibrary/tags/2.0.3/build/CMakeFiles/CMakeTmp'
Building C object CMakeFiles/cmTC_10f43.dir/CheckSymbolExists.c.o
/usr/bin/cc   -std=c89 -pedantic -Wall -Wno-unused-function -fvisibility=hidden -fPIC    -o CMakeFiles/cmTC_10f43.dir/CheckSymbolExists.c.o   -c /home/lapbottom/Programming/Exjobb/FMIL/svn.jmodelica.org/FMILibrary/tags/2.0.3/build/CMakeFiles/CMakeTmp/CheckSymbolExists.c
/home/lapbottom/Programming/Exjobb/FMIL/svn.jmodelica.org/FMILibrary/tags/2.0.3/build/CMakeFiles/CMakeTmp/CheckSymbolExists.c: In function ‘main’:
/home/lapbottom/Programming/Exjobb/FMIL/svn.jmodelica.org/FMILibrary/tags/2.0.3/build/CMakeFiles/CMakeTmp/CheckSymbolExists.c:8:19: error: ‘vasprintf’ undeclared (first use in this function); did you mean ‘vsprintf’?
   return ((int*)(&vasprintf))[argc];
                   ^~~~~~~~~
                   vsprintf
/home/lapbottom/Programming/Exjobb/FMIL/svn.jmodelica.org/FMILibrary/tags/2.0.3/build/CMakeFiles/CMakeTmp/CheckSymbolExists.c:8:19: note: each undeclared identifier is reported only once for each function it appears in
/home/lapbottom/Programming/Exjobb/FMIL/svn.jmodelica.org/FMILibrary/tags/2.0.3/build/CMakeFiles/CMakeTmp/CheckSymbolExists.c:13:1: warning: control reaches end of non-void function [-Wreturn-type]
 }
 ^
CMakeFiles/cmTC_10f43.dir/build.make:65: recipe for target 'CMakeFiles/cmTC_10f43.dir/CheckSymbolExists.c.o' failed
make[1]: *** [CMakeFiles/cmTC_10f43.dir/CheckSymbolExists.c.o] Error 1
make[1]: Leaving directory '/home/lapbottom/Programming/Exjobb/FMIL/svn.jmodelica.org/FMILibrary/tags/2.0.3/build/CMakeFiles/CMakeTmp'
Makefile:126: recipe for target 'cmTC_10f43/fast' failed
make: *** [cmTC_10f43/fast] Error 2

File /home/lapbottom/Programming/Exjobb/FMIL/svn.jmodelica.org/FMILibrary/tags/2.0.3/build/CMakeFiles/CMakeTmp/CheckSymbolExists.c:
/* */
#include <stdio.h>

int main(int argc, char** argv)
{
  (void)argv;
#ifndef vasprintf
  return ((int*)(&vasprintf))[argc];
#else
  (void)argc;
  return 0;
#endif
}

Determining if the asprintf exist failed with the following output:
Change Dir: /home/lapbottom/Programming/Exjobb/FMIL/svn.jmodelica.org/FMILibrary/tags/2.0.3/build/CMakeFiles/CMakeTmp

Run Build Command:"/usr/bin/make" "cmTC_49645/fast"
/usr/bin/make -f CMakeFiles/cmTC_49645.dir/build.make CMakeFiles/cmTC_49645.dir/build
make[1]: Entering directory '/home/lapbottom/Programming/Exjobb/FMIL/svn.jmodelica.org/FMILibrary/tags/2.0.3/build/CMakeFiles/CMakeTmp'
Building C object CMakeFiles/cmTC_49645.dir/CheckSymbolExists.c.o
/usr/bin/cc   -std=c89 -pedantic -Wall -Wno-unused-function -fvisibility=hidden -fPIC    -o CMakeFiles/cmTC_49645.dir/CheckSymbolExists.c.o   -c /home/lapbottom/Programming/Exjobb/FMIL/svn.jmodelica.org/FMILibrary/tags/2.0.3/build/CMakeFiles/CMakeTmp/CheckSymbolExists.c
/home/lapbottom/Programming/Exjobb/FMIL/svn.jmodelica.org/FMILibrary/tags/2.0.3/build/CMakeFiles/CMakeTmp/CheckSymbolExists.c: In function ‘main’:
/home/lapbottom/Programming/Exjobb/FMIL/svn.jmodelica.org/FMILibrary/tags/2.0.3/build/CMakeFiles/CMakeTmp/CheckSymbolExists.c:8:19: error: ‘asprintf’ undeclared (first use in this function); did you mean ‘vsprintf’?
   return ((int*)(&asprintf))[argc];
                   ^~~~~~~~
                   vsprintf
/home/lapbottom/Programming/Exjobb/FMIL/svn.jmodelica.org/FMILibrary/tags/2.0.3/build/CMakeFiles/CMakeTmp/CheckSymbolExists.c:8:19: note: each undeclared identifier is reported only once for each function it appears in
/home/lapbottom/Programming/Exjobb/FMIL/svn.jmodelica.org/FMILibrary/tags/2.0.3/build/CMakeFiles/CMakeTmp/CheckSymbolExists.c:13:1: warning: control reaches end of non-void function [-Wreturn-type]
 }
 ^
CMakeFiles/cmTC_49645.dir/build.make:65: recipe for target 'CMakeFiles/cmTC_49645.dir/CheckSymbolExists.c.o' failed
make[1]: *** [CMakeFiles/cmTC_49645.dir/CheckSymbolExists.c.o] Error 1
make[1]: Leaving directory '/home/lapbottom/Programming/Exjobb/FMIL/svn.jmodelica.org/FMILibrary/tags/2.0.3/build/CMakeFiles/CMakeTmp'
Makefile:126: recipe for target 'cmTC_49645/fast' failed
make: *** [cmTC_49645/fast] Error 2

File /home/lapbottom/Programming/Exjobb/FMIL/svn.jmodelica.org/FMILibrary/tags/2.0.3/build/CMakeFiles/CMakeTmp/CheckSymbolExists.c:
/* */
#include <stdio.h>

int main(int argc, char** argv)
{
  (void)argv;
#ifndef asprintf
  return ((int*)(&asprintf))[argc];
#else
  (void)argc;
  return 0;
#endif
}

