The system is: Linux - 4.15.0-20-generic - x86_64
Compiling the C compiler identification source file "CMakeCCompilerId.c" succeeded.
Compiler: /usr/bin/cc 
Build flags: 
Id flags:  

The output was:
0


Compilation of the C compiler identification source "CMakeCCompilerId.c" produced "a.out"

The C compiler identification is GNU, found in "/home/lapbottom/Programming/Exjobb/FMIL/svn.jmodelica.org/FMILibrary/tags/2.0.3/build/CMakeFiles/3.10.2/CompilerIdC/a.out"

Compiling the CXX compiler identification source file "CMakeCXXCompilerId.cpp" succeeded.
Compiler: /usr/bin/c++ 
Build flags: 
Id flags:  

The output was:
0


Compilation of the CXX compiler identification source "CMakeCXXCompilerId.cpp" produced "a.out"

The CXX compiler identification is GNU, found in "/home/lapbottom/Programming/Exjobb/FMIL/svn.jmodelica.org/FMILibrary/tags/2.0.3/build/CMakeFiles/3.10.2/CompilerIdCXX/a.out"

Determining if the C compiler works passed with the following output:
Change Dir: /home/lapbottom/Programming/Exjobb/FMIL/svn.jmodelica.org/FMILibrary/tags/2.0.3/build/CMakeFiles/CMakeTmp

Run Build Command:"/usr/bin/make" "cmTC_04b84/fast"
/usr/bin/make -f CMakeFiles/cmTC_04b84.dir/build.make CMakeFiles/cmTC_04b84.dir/build
make[1]: Entering directory '/home/lapbottom/Programming/Exjobb/FMIL/svn.jmodelica.org/FMILibrary/tags/2.0.3/build/CMakeFiles/CMakeTmp'
Building C object CMakeFiles/cmTC_04b84.dir/testCCompiler.c.o
/usr/bin/cc    -o CMakeFiles/cmTC_04b84.dir/testCCompiler.c.o   -c /home/lapbottom/Programming/Exjobb/FMIL/svn.jmodelica.org/FMILibrary/tags/2.0.3/build/CMakeFiles/CMakeTmp/testCCompiler.c
Linking C executable cmTC_04b84
/usr/bin/cmake -E cmake_link_script CMakeFiles/cmTC_04b84.dir/link.txt --verbose=1
/usr/bin/cc      -rdynamic CMakeFiles/cmTC_04b84.dir/testCCompiler.c.o  -o cmTC_04b84 
make[1]: Leaving directory '/home/lapbottom/Programming/Exjobb/FMIL/svn.jmodelica.org/FMILibrary/tags/2.0.3/build/CMakeFiles/CMakeTmp'


Detecting C compiler ABI info compiled with the following output:
Change Dir: /home/lapbottom/Programming/Exjobb/FMIL/svn.jmodelica.org/FMILibrary/tags/2.0.3/build/CMakeFiles/CMakeTmp

Run Build Command:"/usr/bin/make" "cmTC_fa8e1/fast"
/usr/bin/make -f CMakeFiles/cmTC_fa8e1.dir/build.make CMakeFiles/cmTC_fa8e1.dir/build
make[1]: Entering directory '/home/lapbottom/Programming/Exjobb/FMIL/svn.jmodelica.org/FMILibrary/tags/2.0.3/build/CMakeFiles/CMakeTmp'
Building C object CMakeFiles/cmTC_fa8e1.dir/CMakeCCompilerABI.c.o
/usr/bin/cc    -o CMakeFiles/cmTC_fa8e1.dir/CMakeCCompilerABI.c.o   -c /usr/share/cmake-3.10/Modules/CMakeCCompilerABI.c
Linking C executable cmTC_fa8e1
/usr/bin/cmake -E cmake_link_script CMakeFiles/cmTC_fa8e1.dir/link.txt --verbose=1
/usr/bin/cc     -v -rdynamic CMakeFiles/cmTC_fa8e1.dir/CMakeCCompilerABI.c.o  -o cmTC_fa8e1 
Using built-in specs.
COLLECT_GCC=/usr/bin/cc
COLLECT_LTO_WRAPPER=/usr/lib/gcc/x86_64-linux-gnu/7/lto-wrapper
OFFLOAD_TARGET_NAMES=nvptx-none
OFFLOAD_TARGET_DEFAULT=1
Target: x86_64-linux-gnu
Configured with: ../src/configure -v --with-pkgversion='Ubuntu 7.4.0-1ubuntu1~18.04' --with-bugurl=file:///usr/share/doc/gcc-7/README.Bugs --enable-languages=c,ada,c++,go,brig,d,fortran,objc,obj-c++ --prefix=/usr --with-gcc-major-version-only --program-suffix=-7 --program-prefix=x86_64-linux-gnu- --enable-shared --enable-linker-build-id --libexecdir=/usr/lib --without-included-gettext --enable-threads=posix --libdir=/usr/lib --enable-nls --with-sysroot=/ --enable-clocale=gnu --enable-libstdcxx-debug --enable-libstdcxx-time=yes --with-default-libstdcxx-abi=new --enable-gnu-unique-object --disable-vtable-verify --enable-libmpx --enable-plugin --enable-default-pie --with-system-zlib --with-target-system-zlib --enable-objc-gc=auto --enable-multiarch --disable-werror --with-arch-32=i686 --with-abi=m64 --with-multilib-list=m32,m64,mx32 --enable-multilib --with-tune=generic --enable-offload-targets=nvptx-none --without-cuda-driver --enable-checking=release --build=x86_64-linux-gnu --host=x86_64-linux-gnu --target=x86_64-linux-gnu
Thread model: posix
gcc version 7.4.0 (Ubuntu 7.4.0-1ubuntu1~18.04) 
COMPILER_PATH=/usr/lib/gcc/x86_64-linux-gnu/7/:/usr/lib/gcc/x86_64-linux-gnu/7/:/usr/lib/gcc/x86_64-linux-gnu/:/usr/lib/gcc/x86_64-linux-gnu/7/:/usr/lib/gcc/x86_64-linux-gnu/
LIBRARY_PATH=/usr/lib/gcc/x86_64-linux-gnu/7/:/usr/lib/gcc/x86_64-linux-gnu/7/../../../x86_64-linux-gnu/:/usr/lib/gcc/x86_64-linux-gnu/7/../../../../lib/:/lib/x86_64-linux-gnu/:/lib/../lib/:/usr/lib/x86_64-linux-gnu/:/usr/lib/../lib/:/usr/lib/gcc/x86_64-linux-gnu/7/../../../:/lib/:/usr/lib/
COLLECT_GCC_OPTIONS='-v' '-rdynamic' '-o' 'cmTC_fa8e1' '-mtune=generic' '-march=x86-64'
 /usr/lib/gcc/x86_64-linux-gnu/7/collect2 -plugin /usr/lib/gcc/x86_64-linux-gnu/7/liblto_plugin.so -plugin-opt=/usr/lib/gcc/x86_64-linux-gnu/7/lto-wrapper -plugin-opt=-fresolution=/tmp/ccsH1YEp.res -plugin-opt=-pass-through=-lgcc -plugin-opt=-pass-through=-lgcc_s -plugin-opt=-pass-through=-lc -plugin-opt=-pass-through=-lgcc -plugin-opt=-pass-through=-lgcc_s --sysroot=/ --build-id --eh-frame-hdr -m elf_x86_64 --hash-style=gnu --as-needed -export-dynamic -dynamic-linker /lib64/ld-linux-x86-64.so.2 -pie -z now -z relro -o cmTC_fa8e1 /usr/lib/gcc/x86_64-linux-gnu/7/../../../x86_64-linux-gnu/Scrt1.o /usr/lib/gcc/x86_64-linux-gnu/7/../../../x86_64-linux-gnu/crti.o /usr/lib/gcc/x86_64-linux-gnu/7/crtbeginS.o -L/usr/lib/gcc/x86_64-linux-gnu/7 -L/usr/lib/gcc/x86_64-linux-gnu/7/../../../x86_64-linux-gnu -L/usr/lib/gcc/x86_64-linux-gnu/7/../../../../lib -L/lib/x86_64-linux-gnu -L/lib/../lib -L/usr/lib/x86_64-linux-gnu -L/usr/lib/../lib -L/usr/lib/gcc/x86_64-linux-gnu/7/../../.. CMakeFiles/cmTC_fa8e1.dir/CMakeCCompilerABI.c.o -lgcc --push-state --as-needed -lgcc_s --pop-state -lc -lgcc --push-state --as-needed -lgcc_s --pop-state /usr/lib/gcc/x86_64-linux-gnu/7/crtendS.o /usr/lib/gcc/x86_64-linux-gnu/7/../../../x86_64-linux-gnu/crtn.o
COLLECT_GCC_OPTIONS='-v' '-rdynamic' '-o' 'cmTC_fa8e1' '-mtune=generic' '-march=x86-64'
make[1]: Leaving directory '/home/lapbottom/Programming/Exjobb/FMIL/svn.jmodelica.org/FMILibrary/tags/2.0.3/build/CMakeFiles/CMakeTmp'


Parsed C implicit link information from above output:
  link line regex: [^( *|.*[/\])(ld|CMAKE_LINK_STARTFILE-NOTFOUND|([^/\]+-)?ld|collect2)[^/\]*( |$)]
  ignore line: [Change Dir: /home/lapbottom/Programming/Exjobb/FMIL/svn.jmodelica.org/FMILibrary/tags/2.0.3/build/CMakeFiles/CMakeTmp]
  ignore line: []
  ignore line: [Run Build Command:"/usr/bin/make" "cmTC_fa8e1/fast"]
  ignore line: [/usr/bin/make -f CMakeFiles/cmTC_fa8e1.dir/build.make CMakeFiles/cmTC_fa8e1.dir/build]
  ignore line: [make[1]: Entering directory '/home/lapbottom/Programming/Exjobb/FMIL/svn.jmodelica.org/FMILibrary/tags/2.0.3/build/CMakeFiles/CMakeTmp']
  ignore line: [Building C object CMakeFiles/cmTC_fa8e1.dir/CMakeCCompilerABI.c.o]
  ignore line: [/usr/bin/cc    -o CMakeFiles/cmTC_fa8e1.dir/CMakeCCompilerABI.c.o   -c /usr/share/cmake-3.10/Modules/CMakeCCompilerABI.c]
  ignore line: [Linking C executable cmTC_fa8e1]
  ignore line: [/usr/bin/cmake -E cmake_link_script CMakeFiles/cmTC_fa8e1.dir/link.txt --verbose=1]
  ignore line: [/usr/bin/cc     -v -rdynamic CMakeFiles/cmTC_fa8e1.dir/CMakeCCompilerABI.c.o  -o cmTC_fa8e1 ]
  ignore line: [Using built-in specs.]
  ignore line: [COLLECT_GCC=/usr/bin/cc]
  ignore line: [COLLECT_LTO_WRAPPER=/usr/lib/gcc/x86_64-linux-gnu/7/lto-wrapper]
  ignore line: [OFFLOAD_TARGET_NAMES=nvptx-none]
  ignore line: [OFFLOAD_TARGET_DEFAULT=1]
  ignore line: [Target: x86_64-linux-gnu]
  ignore line: [Configured with: ../src/configure -v --with-pkgversion='Ubuntu 7.4.0-1ubuntu1~18.04' --with-bugurl=file:///usr/share/doc/gcc-7/README.Bugs --enable-languages=c,ada,c++,go,brig,d,fortran,objc,obj-c++ --prefix=/usr --with-gcc-major-version-only --program-suffix=-7 --program-prefix=x86_64-linux-gnu- --enable-shared --enable-linker-build-id --libexecdir=/usr/lib --without-included-gettext --enable-threads=posix --libdir=/usr/lib --enable-nls --with-sysroot=/ --enable-clocale=gnu --enable-libstdcxx-debug --enable-libstdcxx-time=yes --with-default-libstdcxx-abi=new --enable-gnu-unique-object --disable-vtable-verify --enable-libmpx --enable-plugin --enable-default-pie --with-system-zlib --with-target-system-zlib --enable-objc-gc=auto --enable-multiarch --disable-werror --with-arch-32=i686 --with-abi=m64 --with-multilib-list=m32,m64,mx32 --enable-multilib --with-tune=generic --enable-offload-targets=nvptx-none --without-cuda-driver --enable-checking=release --build=x86_64-linux-gnu --host=x86_64-linux-gnu --target=x86_64-linux-gnu]
  ignore line: [Thread model: posix]
  ignore line: [gcc version 7.4.0 (Ubuntu 7.4.0-1ubuntu1~18.04) ]
  ignore line: [COMPILER_PATH=/usr/lib/gcc/x86_64-linux-gnu/7/:/usr/lib/gcc/x86_64-linux-gnu/7/:/usr/lib/gcc/x86_64-linux-gnu/:/usr/lib/gcc/x86_64-linux-gnu/7/:/usr/lib/gcc/x86_64-linux-gnu/]
  ignore line: [LIBRARY_PATH=/usr/lib/gcc/x86_64-linux-gnu/7/:/usr/lib/gcc/x86_64-linux-gnu/7/../../../x86_64-linux-gnu/:/usr/lib/gcc/x86_64-linux-gnu/7/../../../../lib/:/lib/x86_64-linux-gnu/:/lib/../lib/:/usr/lib/x86_64-linux-gnu/:/usr/lib/../lib/:/usr/lib/gcc/x86_64-linux-gnu/7/../../../:/lib/:/usr/lib/]
  ignore line: [COLLECT_GCC_OPTIONS='-v' '-rdynamic' '-o' 'cmTC_fa8e1' '-mtune=generic' '-march=x86-64']
  link line: [ /usr/lib/gcc/x86_64-linux-gnu/7/collect2 -plugin /usr/lib/gcc/x86_64-linux-gnu/7/liblto_plugin.so -plugin-opt=/usr/lib/gcc/x86_64-linux-gnu/7/lto-wrapper -plugin-opt=-fresolution=/tmp/ccsH1YEp.res -plugin-opt=-pass-through=-lgcc -plugin-opt=-pass-through=-lgcc_s -plugin-opt=-pass-through=-lc -plugin-opt=-pass-through=-lgcc -plugin-opt=-pass-through=-lgcc_s --sysroot=/ --build-id --eh-frame-hdr -m elf_x86_64 --hash-style=gnu --as-needed -export-dynamic -dynamic-linker /lib64/ld-linux-x86-64.so.2 -pie -z now -z relro -o cmTC_fa8e1 /usr/lib/gcc/x86_64-linux-gnu/7/../../../x86_64-linux-gnu/Scrt1.o /usr/lib/gcc/x86_64-linux-gnu/7/../../../x86_64-linux-gnu/crti.o /usr/lib/gcc/x86_64-linux-gnu/7/crtbeginS.o -L/usr/lib/gcc/x86_64-linux-gnu/7 -L/usr/lib/gcc/x86_64-linux-gnu/7/../../../x86_64-linux-gnu -L/usr/lib/gcc/x86_64-linux-gnu/7/../../../../lib -L/lib/x86_64-linux-gnu -L/lib/../lib -L/usr/lib/x86_64-linux-gnu -L/usr/lib/../lib -L/usr/lib/gcc/x86_64-linux-gnu/7/../../.. CMakeFiles/cmTC_fa8e1.dir/CMakeCCompilerABI.c.o -lgcc --push-state --as-needed -lgcc_s --pop-state -lc -lgcc --push-state --as-needed -lgcc_s --pop-state /usr/lib/gcc/x86_64-linux-gnu/7/crtendS.o /usr/lib/gcc/x86_64-linux-gnu/7/../../../x86_64-linux-gnu/crtn.o]
    arg [/usr/lib/gcc/x86_64-linux-gnu/7/collect2] ==> ignore
    arg [-plugin] ==> ignore
    arg [/usr/lib/gcc/x86_64-linux-gnu/7/liblto_plugin.so] ==> ignore
    arg [-plugin-opt=/usr/lib/gcc/x86_64-linux-gnu/7/lto-wrapper] ==> ignore
    arg [-plugin-opt=-fresolution=/tmp/ccsH1YEp.res] ==> ignore
    arg [-plugin-opt=-pass-through=-lgcc] ==> ignore
    arg [-plugin-opt=-pass-through=-lgcc_s] ==> ignore
    arg [-plugin-opt=-pass-through=-lc] ==> ignore
    arg [-plugin-opt=-pass-through=-lgcc] ==> ignore
    arg [-plugin-opt=-pass-through=-lgcc_s] ==> ignore
    arg [--sysroot=/] ==> ignore
    arg [--build-id] ==> ignore
    arg [--eh-frame-hdr] ==> ignore
    arg [-m] ==> ignore
    arg [elf_x86_64] ==> ignore
    arg [--hash-style=gnu] ==> ignore
    arg [--as-needed] ==> ignore
    arg [-export-dynamic] ==> ignore
    arg [-dynamic-linker] ==> ignore
    arg [/lib64/ld-linux-x86-64.so.2] ==> ignore
    arg [-pie] ==> ignore
    arg [-znow] ==> ignore
    arg [-zrelro] ==> ignore
    arg [-o] ==> ignore
    arg [cmTC_fa8e1] ==> ignore
    arg [/usr/lib/gcc/x86_64-linux-gnu/7/../../../x86_64-linux-gnu/Scrt1.o] ==> ignore
    arg [/usr/lib/gcc/x86_64-linux-gnu/7/../../../x86_64-linux-gnu/crti.o] ==> ignore
    arg [/usr/lib/gcc/x86_64-linux-gnu/7/crtbeginS.o] ==> ignore
    arg [-L/usr/lib/gcc/x86_64-linux-gnu/7] ==> dir [/usr/lib/gcc/x86_64-linux-gnu/7]
    arg [-L/usr/lib/gcc/x86_64-linux-gnu/7/../../../x86_64-linux-gnu] ==> dir [/usr/lib/gcc/x86_64-linux-gnu/7/../../../x86_64-linux-gnu]
    arg [-L/usr/lib/gcc/x86_64-linux-gnu/7/../../../../lib] ==> dir [/usr/lib/gcc/x86_64-linux-gnu/7/../../../../lib]
    arg [-L/lib/x86_64-linux-gnu] ==> dir [/lib/x86_64-linux-gnu]
    arg [-L/lib/../lib] ==> dir [/lib/../lib]
    arg [-L/usr/lib/x86_64-linux-gnu] ==> dir [/usr/lib/x86_64-linux-gnu]
    arg [-L/usr/lib/../lib] ==> dir [/usr/lib/../lib]
    arg [-L/usr/lib/gcc/x86_64-linux-gnu/7/../../..] ==> dir [/usr/lib/gcc/x86_64-linux-gnu/7/../../..]
    arg [CMakeFiles/cmTC_fa8e1.dir/CMakeCCompilerABI.c.o] ==> ignore
    arg [-lgcc] ==> lib [gcc]
    arg [--push-state] ==> ignore
    arg [--as-needed] ==> ignore
    arg [-lgcc_s] ==> lib [gcc_s]
    arg [--pop-state] ==> ignore
    arg [-lc] ==> lib [c]
    arg [-lgcc] ==> lib [gcc]
    arg [--push-state] ==> ignore
    arg [--as-needed] ==> ignore
    arg [-lgcc_s] ==> lib [gcc_s]
    arg [--pop-state] ==> ignore
    arg [/usr/lib/gcc/x86_64-linux-gnu/7/crtendS.o] ==> ignore
    arg [/usr/lib/gcc/x86_64-linux-gnu/7/../../../x86_64-linux-gnu/crtn.o] ==> ignore
  collapse library dir [/usr/lib/gcc/x86_64-linux-gnu/7] ==> [/usr/lib/gcc/x86_64-linux-gnu/7]
  collapse library dir [/usr/lib/gcc/x86_64-linux-gnu/7/../../../x86_64-linux-gnu] ==> [/usr/lib/x86_64-linux-gnu]
  collapse library dir [/usr/lib/gcc/x86_64-linux-gnu/7/../../../../lib] ==> [/usr/lib]
  collapse library dir [/lib/x86_64-linux-gnu] ==> [/lib/x86_64-linux-gnu]
  collapse library dir [/lib/../lib] ==> [/lib]
  collapse library dir [/usr/lib/x86_64-linux-gnu] ==> [/usr/lib/x86_64-linux-gnu]
  collapse library dir [/usr/lib/../lib] ==> [/usr/lib]
  collapse library dir [/usr/lib/gcc/x86_64-linux-gnu/7/../../..] ==> [/usr/lib]
  implicit libs: [gcc;gcc_s;c;gcc;gcc_s]
  implicit dirs: [/usr/lib/gcc/x86_64-linux-gnu/7;/usr/lib/x86_64-linux-gnu;/usr/lib;/lib/x86_64-linux-gnu;/lib]
  implicit fwks: []




Detecting C [-std=c11] compiler features compiled with the following output:
Change Dir: /home/lapbottom/Programming/Exjobb/FMIL/svn.jmodelica.org/FMILibrary/tags/2.0.3/build/CMakeFiles/CMakeTmp

Run Build Command:"/usr/bin/make" "cmTC_ef844/fast"
/usr/bin/make -f CMakeFiles/cmTC_ef844.dir/build.make CMakeFiles/cmTC_ef844.dir/build
make[1]: Entering directory '/home/lapbottom/Programming/Exjobb/FMIL/svn.jmodelica.org/FMILibrary/tags/2.0.3/build/CMakeFiles/CMakeTmp'
Building C object CMakeFiles/cmTC_ef844.dir/feature_tests.c.o
/usr/bin/cc   -std=c11 -o CMakeFiles/cmTC_ef844.dir/feature_tests.c.o   -c /home/lapbottom/Programming/Exjobb/FMIL/svn.jmodelica.org/FMILibrary/tags/2.0.3/build/CMakeFiles/feature_tests.c
Linking C executable cmTC_ef844
/usr/bin/cmake -E cmake_link_script CMakeFiles/cmTC_ef844.dir/link.txt --verbose=1
/usr/bin/cc      -rdynamic CMakeFiles/cmTC_ef844.dir/feature_tests.c.o  -o cmTC_ef844 
make[1]: Leaving directory '/home/lapbottom/Programming/Exjobb/FMIL/svn.jmodelica.org/FMILibrary/tags/2.0.3/build/CMakeFiles/CMakeTmp'


    Feature record: C_FEATURE:1c_function_prototypes
    Feature record: C_FEATURE:1c_restrict
    Feature record: C_FEATURE:1c_static_assert
    Feature record: C_FEATURE:1c_variadic_macros


Detecting C [-std=c99] compiler features compiled with the following output:
Change Dir: /home/lapbottom/Programming/Exjobb/FMIL/svn.jmodelica.org/FMILibrary/tags/2.0.3/build/CMakeFiles/CMakeTmp

Run Build Command:"/usr/bin/make" "cmTC_3a491/fast"
/usr/bin/make -f CMakeFiles/cmTC_3a491.dir/build.make CMakeFiles/cmTC_3a491.dir/build
make[1]: Entering directory '/home/lapbottom/Programming/Exjobb/FMIL/svn.jmodelica.org/FMILibrary/tags/2.0.3/build/CMakeFiles/CMakeTmp'
Building C object CMakeFiles/cmTC_3a491.dir/feature_tests.c.o
/usr/bin/cc   -std=c99 -o CMakeFiles/cmTC_3a491.dir/feature_tests.c.o   -c /home/lapbottom/Programming/Exjobb/FMIL/svn.jmodelica.org/FMILibrary/tags/2.0.3/build/CMakeFiles/feature_tests.c
Linking C executable cmTC_3a491
/usr/bin/cmake -E cmake_link_script CMakeFiles/cmTC_3a491.dir/link.txt --verbose=1
/usr/bin/cc      -rdynamic CMakeFiles/cmTC_3a491.dir/feature_tests.c.o  -o cmTC_3a491 
make[1]: Leaving directory '/home/lapbottom/Programming/Exjobb/FMIL/svn.jmodelica.org/FMILibrary/tags/2.0.3/build/CMakeFiles/CMakeTmp'


    Feature record: C_FEATURE:1c_function_prototypes
    Feature record: C_FEATURE:1c_restrict
    Feature record: C_FEATURE:0c_static_assert
    Feature record: C_FEATURE:1c_variadic_macros


Detecting C [-std=c90] compiler features compiled with the following output:
Change Dir: /home/lapbottom/Programming/Exjobb/FMIL/svn.jmodelica.org/FMILibrary/tags/2.0.3/build/CMakeFiles/CMakeTmp

Run Build Command:"/usr/bin/make" "cmTC_0b683/fast"
/usr/bin/make -f CMakeFiles/cmTC_0b683.dir/build.make CMakeFiles/cmTC_0b683.dir/build
make[1]: Entering directory '/home/lapbottom/Programming/Exjobb/FMIL/svn.jmodelica.org/FMILibrary/tags/2.0.3/build/CMakeFiles/CMakeTmp'
Building C object CMakeFiles/cmTC_0b683.dir/feature_tests.c.o
/usr/bin/cc   -std=c90 -o CMakeFiles/cmTC_0b683.dir/feature_tests.c.o   -c /home/lapbottom/Programming/Exjobb/FMIL/svn.jmodelica.org/FMILibrary/tags/2.0.3/build/CMakeFiles/feature_tests.c
Linking C executable cmTC_0b683
/usr/bin/cmake -E cmake_link_script CMakeFiles/cmTC_0b683.dir/link.txt --verbose=1
/usr/bin/cc      -rdynamic CMakeFiles/cmTC_0b683.dir/feature_tests.c.o  -o cmTC_0b683 
make[1]: Leaving directory '/home/lapbottom/Programming/Exjobb/FMIL/svn.jmodelica.org/FMILibrary/tags/2.0.3/build/CMakeFiles/CMakeTmp'


    Feature record: C_FEATURE:1c_function_prototypes
    Feature record: C_FEATURE:0c_restrict
    Feature record: C_FEATURE:0c_static_assert
    Feature record: C_FEATURE:0c_variadic_macros
Determining if the CXX compiler works passed with the following output:
Change Dir: /home/lapbottom/Programming/Exjobb/FMIL/svn.jmodelica.org/FMILibrary/tags/2.0.3/build/CMakeFiles/CMakeTmp

Run Build Command:"/usr/bin/make" "cmTC_ebb75/fast"
/usr/bin/make -f CMakeFiles/cmTC_ebb75.dir/build.make CMakeFiles/cmTC_ebb75.dir/build
make[1]: Entering directory '/home/lapbottom/Programming/Exjobb/FMIL/svn.jmodelica.org/FMILibrary/tags/2.0.3/build/CMakeFiles/CMakeTmp'
Building CXX object CMakeFiles/cmTC_ebb75.dir/testCXXCompiler.cxx.o
/usr/bin/c++     -o CMakeFiles/cmTC_ebb75.dir/testCXXCompiler.cxx.o -c /home/lapbottom/Programming/Exjobb/FMIL/svn.jmodelica.org/FMILibrary/tags/2.0.3/build/CMakeFiles/CMakeTmp/testCXXCompiler.cxx
Linking CXX executable cmTC_ebb75
/usr/bin/cmake -E cmake_link_script CMakeFiles/cmTC_ebb75.dir/link.txt --verbose=1
/usr/bin/c++       -rdynamic CMakeFiles/cmTC_ebb75.dir/testCXXCompiler.cxx.o  -o cmTC_ebb75 
make[1]: Leaving directory '/home/lapbottom/Programming/Exjobb/FMIL/svn.jmodelica.org/FMILibrary/tags/2.0.3/build/CMakeFiles/CMakeTmp'


Detecting CXX compiler ABI info compiled with the following output:
Change Dir: /home/lapbottom/Programming/Exjobb/FMIL/svn.jmodelica.org/FMILibrary/tags/2.0.3/build/CMakeFiles/CMakeTmp

Run Build Command:"/usr/bin/make" "cmTC_1e654/fast"
/usr/bin/make -f CMakeFiles/cmTC_1e654.dir/build.make CMakeFiles/cmTC_1e654.dir/build
make[1]: Entering directory '/home/lapbottom/Programming/Exjobb/FMIL/svn.jmodelica.org/FMILibrary/tags/2.0.3/build/CMakeFiles/CMakeTmp'
Building CXX object CMakeFiles/cmTC_1e654.dir/CMakeCXXCompilerABI.cpp.o
/usr/bin/c++     -o CMakeFiles/cmTC_1e654.dir/CMakeCXXCompilerABI.cpp.o -c /usr/share/cmake-3.10/Modules/CMakeCXXCompilerABI.cpp
Linking CXX executable cmTC_1e654
/usr/bin/cmake -E cmake_link_script CMakeFiles/cmTC_1e654.dir/link.txt --verbose=1
/usr/bin/c++      -v -rdynamic CMakeFiles/cmTC_1e654.dir/CMakeCXXCompilerABI.cpp.o  -o cmTC_1e654 
Using built-in specs.
COLLECT_GCC=/usr/bin/c++
COLLECT_LTO_WRAPPER=/usr/lib/gcc/x86_64-linux-gnu/7/lto-wrapper
OFFLOAD_TARGET_NAMES=nvptx-none
OFFLOAD_TARGET_DEFAULT=1
Target: x86_64-linux-gnu
Configured with: ../src/configure -v --with-pkgversion='Ubuntu 7.4.0-1ubuntu1~18.04' --with-bugurl=file:///usr/share/doc/gcc-7/README.Bugs --enable-languages=c,ada,c++,go,brig,d,fortran,objc,obj-c++ --prefix=/usr --with-gcc-major-version-only --program-suffix=-7 --program-prefix=x86_64-linux-gnu- --enable-shared --enable-linker-build-id --libexecdir=/usr/lib --without-included-gettext --enable-threads=posix --libdir=/usr/lib --enable-nls --with-sysroot=/ --enable-clocale=gnu --enable-libstdcxx-debug --enable-libstdcxx-time=yes --with-default-libstdcxx-abi=new --enable-gnu-unique-object --disable-vtable-verify --enable-libmpx --enable-plugin --enable-default-pie --with-system-zlib --with-target-system-zlib --enable-objc-gc=auto --enable-multiarch --disable-werror --with-arch-32=i686 --with-abi=m64 --with-multilib-list=m32,m64,mx32 --enable-multilib --with-tune=generic --enable-offload-targets=nvptx-none --without-cuda-driver --enable-checking=release --build=x86_64-linux-gnu --host=x86_64-linux-gnu --target=x86_64-linux-gnu
Thread model: posix
gcc version 7.4.0 (Ubuntu 7.4.0-1ubuntu1~18.04) 
COMPILER_PATH=/usr/lib/gcc/x86_64-linux-gnu/7/:/usr/lib/gcc/x86_64-linux-gnu/7/:/usr/lib/gcc/x86_64-linux-gnu/:/usr/lib/gcc/x86_64-linux-gnu/7/:/usr/lib/gcc/x86_64-linux-gnu/
LIBRARY_PATH=/usr/lib/gcc/x86_64-linux-gnu/7/:/usr/lib/gcc/x86_64-linux-gnu/7/../../../x86_64-linux-gnu/:/usr/lib/gcc/x86_64-linux-gnu/7/../../../../lib/:/lib/x86_64-linux-gnu/:/lib/../lib/:/usr/lib/x86_64-linux-gnu/:/usr/lib/../lib/:/usr/lib/gcc/x86_64-linux-gnu/7/../../../:/lib/:/usr/lib/
COLLECT_GCC_OPTIONS='-v' '-rdynamic' '-o' 'cmTC_1e654' '-shared-libgcc' '-mtune=generic' '-march=x86-64'
 /usr/lib/gcc/x86_64-linux-gnu/7/collect2 -plugin /usr/lib/gcc/x86_64-linux-gnu/7/liblto_plugin.so -plugin-opt=/usr/lib/gcc/x86_64-linux-gnu/7/lto-wrapper -plugin-opt=-fresolution=/tmp/ccPpssJE.res -plugin-opt=-pass-through=-lgcc_s -plugin-opt=-pass-through=-lgcc -plugin-opt=-pass-through=-lc -plugin-opt=-pass-through=-lgcc_s -plugin-opt=-pass-through=-lgcc --sysroot=/ --build-id --eh-frame-hdr -m elf_x86_64 --hash-style=gnu --as-needed -export-dynamic -dynamic-linker /lib64/ld-linux-x86-64.so.2 -pie -z now -z relro -o cmTC_1e654 /usr/lib/gcc/x86_64-linux-gnu/7/../../../x86_64-linux-gnu/Scrt1.o /usr/lib/gcc/x86_64-linux-gnu/7/../../../x86_64-linux-gnu/crti.o /usr/lib/gcc/x86_64-linux-gnu/7/crtbeginS.o -L/usr/lib/gcc/x86_64-linux-gnu/7 -L/usr/lib/gcc/x86_64-linux-gnu/7/../../../x86_64-linux-gnu -L/usr/lib/gcc/x86_64-linux-gnu/7/../../../../lib -L/lib/x86_64-linux-gnu -L/lib/../lib -L/usr/lib/x86_64-linux-gnu -L/usr/lib/../lib -L/usr/lib/gcc/x86_64-linux-gnu/7/../../.. CMakeFiles/cmTC_1e654.dir/CMakeCXXCompilerABI.cpp.o -lstdc++ -lm -lgcc_s -lgcc -lc -lgcc_s -lgcc /usr/lib/gcc/x86_64-linux-gnu/7/crtendS.o /usr/lib/gcc/x86_64-linux-gnu/7/../../../x86_64-linux-gnu/crtn.o
COLLECT_GCC_OPTIONS='-v' '-rdynamic' '-o' 'cmTC_1e654' '-shared-libgcc' '-mtune=generic' '-march=x86-64'
make[1]: Leaving directory '/home/lapbottom/Programming/Exjobb/FMIL/svn.jmodelica.org/FMILibrary/tags/2.0.3/build/CMakeFiles/CMakeTmp'


Parsed CXX implicit link information from above output:
  link line regex: [^( *|.*[/\])(ld|CMAKE_LINK_STARTFILE-NOTFOUND|([^/\]+-)?ld|collect2)[^/\]*( |$)]
  ignore line: [Change Dir: /home/lapbottom/Programming/Exjobb/FMIL/svn.jmodelica.org/FMILibrary/tags/2.0.3/build/CMakeFiles/CMakeTmp]
  ignore line: []
  ignore line: [Run Build Command:"/usr/bin/make" "cmTC_1e654/fast"]
  ignore line: [/usr/bin/make -f CMakeFiles/cmTC_1e654.dir/build.make CMakeFiles/cmTC_1e654.dir/build]
  ignore line: [make[1]: Entering directory '/home/lapbottom/Programming/Exjobb/FMIL/svn.jmodelica.org/FMILibrary/tags/2.0.3/build/CMakeFiles/CMakeTmp']
  ignore line: [Building CXX object CMakeFiles/cmTC_1e654.dir/CMakeCXXCompilerABI.cpp.o]
  ignore line: [/usr/bin/c++     -o CMakeFiles/cmTC_1e654.dir/CMakeCXXCompilerABI.cpp.o -c /usr/share/cmake-3.10/Modules/CMakeCXXCompilerABI.cpp]
  ignore line: [Linking CXX executable cmTC_1e654]
  ignore line: [/usr/bin/cmake -E cmake_link_script CMakeFiles/cmTC_1e654.dir/link.txt --verbose=1]
  ignore line: [/usr/bin/c++      -v -rdynamic CMakeFiles/cmTC_1e654.dir/CMakeCXXCompilerABI.cpp.o  -o cmTC_1e654 ]
  ignore line: [Using built-in specs.]
  ignore line: [COLLECT_GCC=/usr/bin/c++]
  ignore line: [COLLECT_LTO_WRAPPER=/usr/lib/gcc/x86_64-linux-gnu/7/lto-wrapper]
  ignore line: [OFFLOAD_TARGET_NAMES=nvptx-none]
  ignore line: [OFFLOAD_TARGET_DEFAULT=1]
  ignore line: [Target: x86_64-linux-gnu]
  ignore line: [Configured with: ../src/configure -v --with-pkgversion='Ubuntu 7.4.0-1ubuntu1~18.04' --with-bugurl=file:///usr/share/doc/gcc-7/README.Bugs --enable-languages=c,ada,c++,go,brig,d,fortran,objc,obj-c++ --prefix=/usr --with-gcc-major-version-only --program-suffix=-7 --program-prefix=x86_64-linux-gnu- --enable-shared --enable-linker-build-id --libexecdir=/usr/lib --without-included-gettext --enable-threads=posix --libdir=/usr/lib --enable-nls --with-sysroot=/ --enable-clocale=gnu --enable-libstdcxx-debug --enable-libstdcxx-time=yes --with-default-libstdcxx-abi=new --enable-gnu-unique-object --disable-vtable-verify --enable-libmpx --enable-plugin --enable-default-pie --with-system-zlib --with-target-system-zlib --enable-objc-gc=auto --enable-multiarch --disable-werror --with-arch-32=i686 --with-abi=m64 --with-multilib-list=m32,m64,mx32 --enable-multilib --with-tune=generic --enable-offload-targets=nvptx-none --without-cuda-driver --enable-checking=release --build=x86_64-linux-gnu --host=x86_64-linux-gnu --target=x86_64-linux-gnu]
  ignore line: [Thread model: posix]
  ignore line: [gcc version 7.4.0 (Ubuntu 7.4.0-1ubuntu1~18.04) ]
  ignore line: [COMPILER_PATH=/usr/lib/gcc/x86_64-linux-gnu/7/:/usr/lib/gcc/x86_64-linux-gnu/7/:/usr/lib/gcc/x86_64-linux-gnu/:/usr/lib/gcc/x86_64-linux-gnu/7/:/usr/lib/gcc/x86_64-linux-gnu/]
  ignore line: [LIBRARY_PATH=/usr/lib/gcc/x86_64-linux-gnu/7/:/usr/lib/gcc/x86_64-linux-gnu/7/../../../x86_64-linux-gnu/:/usr/lib/gcc/x86_64-linux-gnu/7/../../../../lib/:/lib/x86_64-linux-gnu/:/lib/../lib/:/usr/lib/x86_64-linux-gnu/:/usr/lib/../lib/:/usr/lib/gcc/x86_64-linux-gnu/7/../../../:/lib/:/usr/lib/]
  ignore line: [COLLECT_GCC_OPTIONS='-v' '-rdynamic' '-o' 'cmTC_1e654' '-shared-libgcc' '-mtune=generic' '-march=x86-64']
  link line: [ /usr/lib/gcc/x86_64-linux-gnu/7/collect2 -plugin /usr/lib/gcc/x86_64-linux-gnu/7/liblto_plugin.so -plugin-opt=/usr/lib/gcc/x86_64-linux-gnu/7/lto-wrapper -plugin-opt=-fresolution=/tmp/ccPpssJE.res -plugin-opt=-pass-through=-lgcc_s -plugin-opt=-pass-through=-lgcc -plugin-opt=-pass-through=-lc -plugin-opt=-pass-through=-lgcc_s -plugin-opt=-pass-through=-lgcc --sysroot=/ --build-id --eh-frame-hdr -m elf_x86_64 --hash-style=gnu --as-needed -export-dynamic -dynamic-linker /lib64/ld-linux-x86-64.so.2 -pie -z now -z relro -o cmTC_1e654 /usr/lib/gcc/x86_64-linux-gnu/7/../../../x86_64-linux-gnu/Scrt1.o /usr/lib/gcc/x86_64-linux-gnu/7/../../../x86_64-linux-gnu/crti.o /usr/lib/gcc/x86_64-linux-gnu/7/crtbeginS.o -L/usr/lib/gcc/x86_64-linux-gnu/7 -L/usr/lib/gcc/x86_64-linux-gnu/7/../../../x86_64-linux-gnu -L/usr/lib/gcc/x86_64-linux-gnu/7/../../../../lib -L/lib/x86_64-linux-gnu -L/lib/../lib -L/usr/lib/x86_64-linux-gnu -L/usr/lib/../lib -L/usr/lib/gcc/x86_64-linux-gnu/7/../../.. CMakeFiles/cmTC_1e654.dir/CMakeCXXCompilerABI.cpp.o -lstdc++ -lm -lgcc_s -lgcc -lc -lgcc_s -lgcc /usr/lib/gcc/x86_64-linux-gnu/7/crtendS.o /usr/lib/gcc/x86_64-linux-gnu/7/../../../x86_64-linux-gnu/crtn.o]
    arg [/usr/lib/gcc/x86_64-linux-gnu/7/collect2] ==> ignore
    arg [-plugin] ==> ignore
    arg [/usr/lib/gcc/x86_64-linux-gnu/7/liblto_plugin.so] ==> ignore
    arg [-plugin-opt=/usr/lib/gcc/x86_64-linux-gnu/7/lto-wrapper] ==> ignore
    arg [-plugin-opt=-fresolution=/tmp/ccPpssJE.res] ==> ignore
    arg [-plugin-opt=-pass-through=-lgcc_s] ==> ignore
    arg [-plugin-opt=-pass-through=-lgcc] ==> ignore
    arg [-plugin-opt=-pass-through=-lc] ==> ignore
    arg [-plugin-opt=-pass-through=-lgcc_s] ==> ignore
    arg [-plugin-opt=-pass-through=-lgcc] ==> ignore
    arg [--sysroot=/] ==> ignore
    arg [--build-id] ==> ignore
    arg [--eh-frame-hdr] ==> ignore
    arg [-m] ==> ignore
    arg [elf_x86_64] ==> ignore
    arg [--hash-style=gnu] ==> ignore
    arg [--as-needed] ==> ignore
    arg [-export-dynamic] ==> ignore
    arg [-dynamic-linker] ==> ignore
    arg [/lib64/ld-linux-x86-64.so.2] ==> ignore
    arg [-pie] ==> ignore
    arg [-znow] ==> ignore
    arg [-zrelro] ==> ignore
    arg [-o] ==> ignore
    arg [cmTC_1e654] ==> ignore
    arg [/usr/lib/gcc/x86_64-linux-gnu/7/../../../x86_64-linux-gnu/Scrt1.o] ==> ignore
    arg [/usr/lib/gcc/x86_64-linux-gnu/7/../../../x86_64-linux-gnu/crti.o] ==> ignore
    arg [/usr/lib/gcc/x86_64-linux-gnu/7/crtbeginS.o] ==> ignore
    arg [-L/usr/lib/gcc/x86_64-linux-gnu/7] ==> dir [/usr/lib/gcc/x86_64-linux-gnu/7]
    arg [-L/usr/lib/gcc/x86_64-linux-gnu/7/../../../x86_64-linux-gnu] ==> dir [/usr/lib/gcc/x86_64-linux-gnu/7/../../../x86_64-linux-gnu]
    arg [-L/usr/lib/gcc/x86_64-linux-gnu/7/../../../../lib] ==> dir [/usr/lib/gcc/x86_64-linux-gnu/7/../../../../lib]
    arg [-L/lib/x86_64-linux-gnu] ==> dir [/lib/x86_64-linux-gnu]
    arg [-L/lib/../lib] ==> dir [/lib/../lib]
    arg [-L/usr/lib/x86_64-linux-gnu] ==> dir [/usr/lib/x86_64-linux-gnu]
    arg [-L/usr/lib/../lib] ==> dir [/usr/lib/../lib]
    arg [-L/usr/lib/gcc/x86_64-linux-gnu/7/../../..] ==> dir [/usr/lib/gcc/x86_64-linux-gnu/7/../../..]
    arg [CMakeFiles/cmTC_1e654.dir/CMakeCXXCompilerABI.cpp.o] ==> ignore
    arg [-lstdc++] ==> lib [stdc++]
    arg [-lm] ==> lib [m]
    arg [-lgcc_s] ==> lib [gcc_s]
    arg [-lgcc] ==> lib [gcc]
    arg [-lc] ==> lib [c]
    arg [-lgcc_s] ==> lib [gcc_s]
    arg [-lgcc] ==> lib [gcc]
    arg [/usr/lib/gcc/x86_64-linux-gnu/7/crtendS.o] ==> ignore
    arg [/usr/lib/gcc/x86_64-linux-gnu/7/../../../x86_64-linux-gnu/crtn.o] ==> ignore
  collapse library dir [/usr/lib/gcc/x86_64-linux-gnu/7] ==> [/usr/lib/gcc/x86_64-linux-gnu/7]
  collapse library dir [/usr/lib/gcc/x86_64-linux-gnu/7/../../../x86_64-linux-gnu] ==> [/usr/lib/x86_64-linux-gnu]
  collapse library dir [/usr/lib/gcc/x86_64-linux-gnu/7/../../../../lib] ==> [/usr/lib]
  collapse library dir [/lib/x86_64-linux-gnu] ==> [/lib/x86_64-linux-gnu]
  collapse library dir [/lib/../lib] ==> [/lib]
  collapse library dir [/usr/lib/x86_64-linux-gnu] ==> [/usr/lib/x86_64-linux-gnu]
  collapse library dir [/usr/lib/../lib] ==> [/usr/lib]
  collapse library dir [/usr/lib/gcc/x86_64-linux-gnu/7/../../..] ==> [/usr/lib]
  implicit libs: [stdc++;m;gcc_s;gcc;c;gcc_s;gcc]
  implicit dirs: [/usr/lib/gcc/x86_64-linux-gnu/7;/usr/lib/x86_64-linux-gnu;/usr/lib;/lib/x86_64-linux-gnu;/lib]
  implicit fwks: []




Detecting CXX [-std=c++1z] compiler features compiled with the following output:
Change Dir: /home/lapbottom/Programming/Exjobb/FMIL/svn.jmodelica.org/FMILibrary/tags/2.0.3/build/CMakeFiles/CMakeTmp

Run Build Command:"/usr/bin/make" "cmTC_12fc0/fast"
/usr/bin/make -f CMakeFiles/cmTC_12fc0.dir/build.make CMakeFiles/cmTC_12fc0.dir/build
make[1]: Entering directory '/home/lapbottom/Programming/Exjobb/FMIL/svn.jmodelica.org/FMILibrary/tags/2.0.3/build/CMakeFiles/CMakeTmp'
Building CXX object CMakeFiles/cmTC_12fc0.dir/feature_tests.cxx.o
/usr/bin/c++    -std=c++1z -o CMakeFiles/cmTC_12fc0.dir/feature_tests.cxx.o -c /home/lapbottom/Programming/Exjobb/FMIL/svn.jmodelica.org/FMILibrary/tags/2.0.3/build/CMakeFiles/feature_tests.cxx
Linking CXX executable cmTC_12fc0
/usr/bin/cmake -E cmake_link_script CMakeFiles/cmTC_12fc0.dir/link.txt --verbose=1
/usr/bin/c++       -rdynamic CMakeFiles/cmTC_12fc0.dir/feature_tests.cxx.o  -o cmTC_12fc0 
make[1]: Leaving directory '/home/lapbottom/Programming/Exjobb/FMIL/svn.jmodelica.org/FMILibrary/tags/2.0.3/build/CMakeFiles/CMakeTmp'


    Feature record: CXX_FEATURE:1cxx_aggregate_default_initializers
    Feature record: CXX_FEATURE:1cxx_alias_templates
    Feature record: CXX_FEATURE:1cxx_alignas
    Feature record: CXX_FEATURE:1cxx_alignof
    Feature record: CXX_FEATURE:1cxx_attributes
    Feature record: CXX_FEATURE:1cxx_attribute_deprecated
    Feature record: CXX_FEATURE:1cxx_auto_type
    Feature record: CXX_FEATURE:1cxx_binary_literals
    Feature record: CXX_FEATURE:1cxx_constexpr
    Feature record: CXX_FEATURE:1cxx_contextual_conversions
    Feature record: CXX_FEATURE:1cxx_decltype
    Feature record: CXX_FEATURE:1cxx_decltype_auto
    Feature record: CXX_FEATURE:1cxx_decltype_incomplete_return_types
    Feature record: CXX_FEATURE:1cxx_default_function_template_args
    Feature record: CXX_FEATURE:1cxx_defaulted_functions
    Feature record: CXX_FEATURE:1cxx_defaulted_move_initializers
    Feature record: CXX_FEATURE:1cxx_delegating_constructors
    Feature record: CXX_FEATURE:1cxx_deleted_functions
    Feature record: CXX_FEATURE:1cxx_digit_separators
    Feature record: CXX_FEATURE:1cxx_enum_forward_declarations
    Feature record: CXX_FEATURE:1cxx_explicit_conversions
    Feature record: CXX_FEATURE:1cxx_extended_friend_declarations
    Feature record: CXX_FEATURE:1cxx_extern_templates
    Feature record: CXX_FEATURE:1cxx_final
    Feature record: CXX_FEATURE:1cxx_func_identifier
    Feature record: CXX_FEATURE:1cxx_generalized_initializers
    Feature record: CXX_FEATURE:1cxx_generic_lambdas
    Feature record: CXX_FEATURE:1cxx_inheriting_constructors
    Feature record: CXX_FEATURE:1cxx_inline_namespaces
    Feature record: CXX_FEATURE:1cxx_lambdas
    Feature record: CXX_FEATURE:1cxx_lambda_init_captures
    Feature record: CXX_FEATURE:1cxx_local_type_template_args
    Feature record: CXX_FEATURE:1cxx_long_long_type
    Feature record: CXX_FEATURE:1cxx_noexcept
    Feature record: CXX_FEATURE:1cxx_nonstatic_member_init
    Feature record: CXX_FEATURE:1cxx_nullptr
    Feature record: CXX_FEATURE:1cxx_override
    Feature record: CXX_FEATURE:1cxx_range_for
    Feature record: CXX_FEATURE:1cxx_raw_string_literals
    Feature record: CXX_FEATURE:1cxx_reference_qualified_functions
    Feature record: CXX_FEATURE:1cxx_relaxed_constexpr
    Feature record: CXX_FEATURE:1cxx_return_type_deduction
    Feature record: CXX_FEATURE:1cxx_right_angle_brackets
    Feature record: CXX_FEATURE:1cxx_rvalue_references
    Feature record: CXX_FEATURE:1cxx_sizeof_member
    Feature record: CXX_FEATURE:1cxx_static_assert
    Feature record: CXX_FEATURE:1cxx_strong_enums
    Feature record: CXX_FEATURE:1cxx_template_template_parameters
    Feature record: CXX_FEATURE:1cxx_thread_local
    Feature record: CXX_FEATURE:1cxx_trailing_return_types
    Feature record: CXX_FEATURE:1cxx_unicode_literals
    Feature record: CXX_FEATURE:1cxx_uniform_initialization
    Feature record: CXX_FEATURE:1cxx_unrestricted_unions
    Feature record: CXX_FEATURE:1cxx_user_literals
    Feature record: CXX_FEATURE:1cxx_variable_templates
    Feature record: CXX_FEATURE:1cxx_variadic_macros
    Feature record: CXX_FEATURE:1cxx_variadic_templates


Detecting CXX [-std=c++14] compiler features compiled with the following output:
Change Dir: /home/lapbottom/Programming/Exjobb/FMIL/svn.jmodelica.org/FMILibrary/tags/2.0.3/build/CMakeFiles/CMakeTmp

Run Build Command:"/usr/bin/make" "cmTC_59571/fast"
/usr/bin/make -f CMakeFiles/cmTC_59571.dir/build.make CMakeFiles/cmTC_59571.dir/build
make[1]: Entering directory '/home/lapbottom/Programming/Exjobb/FMIL/svn.jmodelica.org/FMILibrary/tags/2.0.3/build/CMakeFiles/CMakeTmp'
Building CXX object CMakeFiles/cmTC_59571.dir/feature_tests.cxx.o
/usr/bin/c++    -std=c++14 -o CMakeFiles/cmTC_59571.dir/feature_tests.cxx.o -c /home/lapbottom/Programming/Exjobb/FMIL/svn.jmodelica.org/FMILibrary/tags/2.0.3/build/CMakeFiles/feature_tests.cxx
Linking CXX executable cmTC_59571
/usr/bin/cmake -E cmake_link_script CMakeFiles/cmTC_59571.dir/link.txt --verbose=1
/usr/bin/c++       -rdynamic CMakeFiles/cmTC_59571.dir/feature_tests.cxx.o  -o cmTC_59571 
make[1]: Leaving directory '/home/lapbottom/Programming/Exjobb/FMIL/svn.jmodelica.org/FMILibrary/tags/2.0.3/build/CMakeFiles/CMakeTmp'


    Feature record: CXX_FEATURE:1cxx_aggregate_default_initializers
    Feature record: CXX_FEATURE:1cxx_alias_templates
    Feature record: CXX_FEATURE:1cxx_alignas
    Feature record: CXX_FEATURE:1cxx_alignof
    Feature record: CXX_FEATURE:1cxx_attributes
    Feature record: CXX_FEATURE:1cxx_attribute_deprecated
    Feature record: CXX_FEATURE:1cxx_auto_type
    Feature record: CXX_FEATURE:1cxx_binary_literals
    Feature record: CXX_FEATURE:1cxx_constexpr
    Feature record: CXX_FEATURE:1cxx_contextual_conversions
    Feature record: CXX_FEATURE:1cxx_decltype
    Feature record: CXX_FEATURE:1cxx_decltype_auto
    Feature record: CXX_FEATURE:1cxx_decltype_incomplete_return_types
    Feature record: CXX_FEATURE:1cxx_default_function_template_args
    Feature record: CXX_FEATURE:1cxx_defaulted_functions
    Feature record: CXX_FEATURE:1cxx_defaulted_move_initializers
    Feature record: CXX_FEATURE:1cxx_delegating_constructors
    Feature record: CXX_FEATURE:1cxx_deleted_functions
    Feature record: CXX_FEATURE:1cxx_digit_separators
    Feature record: CXX_FEATURE:1cxx_enum_forward_declarations
    Feature record: CXX_FEATURE:1cxx_explicit_conversions
    Feature record: CXX_FEATURE:1cxx_extended_friend_declarations
    Feature record: CXX_FEATURE:1cxx_extern_templates
    Feature record: CXX_FEATURE:1cxx_final
    Feature record: CXX_FEATURE:1cxx_func_identifier
    Feature record: CXX_FEATURE:1cxx_generalized_initializers
    Feature record: CXX_FEATURE:1cxx_generic_lambdas
    Feature record: CXX_FEATURE:1cxx_inheriting_constructors
    Feature record: CXX_FEATURE:1cxx_inline_namespaces
    Feature record: CXX_FEATURE:1cxx_lambdas
    Feature record: CXX_FEATURE:1cxx_lambda_init_captures
    Feature record: CXX_FEATURE:1cxx_local_type_template_args
    Feature record: CXX_FEATURE:1cxx_long_long_type
    Feature record: CXX_FEATURE:1cxx_noexcept
    Feature record: CXX_FEATURE:1cxx_nonstatic_member_init
    Feature record: CXX_FEATURE:1cxx_nullptr
    Feature record: CXX_FEATURE:1cxx_override
    Feature record: CXX_FEATURE:1cxx_range_for
    Feature record: CXX_FEATURE:1cxx_raw_string_literals
    Feature record: CXX_FEATURE:1cxx_reference_qualified_functions
    Feature record: CXX_FEATURE:1cxx_relaxed_constexpr
    Feature record: CXX_FEATURE:1cxx_return_type_deduction
    Feature record: CXX_FEATURE:1cxx_right_angle_brackets
    Feature record: CXX_FEATURE:1cxx_rvalue_references
    Feature record: CXX_FEATURE:1cxx_sizeof_member
    Feature record: CXX_FEATURE:1cxx_static_assert
    Feature record: CXX_FEATURE:1cxx_strong_enums
    Feature record: CXX_FEATURE:1cxx_template_template_parameters
    Feature record: CXX_FEATURE:1cxx_thread_local
    Feature record: CXX_FEATURE:1cxx_trailing_return_types
    Feature record: CXX_FEATURE:1cxx_unicode_literals
    Feature record: CXX_FEATURE:1cxx_uniform_initialization
    Feature record: CXX_FEATURE:1cxx_unrestricted_unions
    Feature record: CXX_FEATURE:1cxx_user_literals
    Feature record: CXX_FEATURE:1cxx_variable_templates
    Feature record: CXX_FEATURE:1cxx_variadic_macros
    Feature record: CXX_FEATURE:1cxx_variadic_templates


Detecting CXX [-std=c++11] compiler features compiled with the following output:
Change Dir: /home/lapbottom/Programming/Exjobb/FMIL/svn.jmodelica.org/FMILibrary/tags/2.0.3/build/CMakeFiles/CMakeTmp

Run Build Command:"/usr/bin/make" "cmTC_e8853/fast"
/usr/bin/make -f CMakeFiles/cmTC_e8853.dir/build.make CMakeFiles/cmTC_e8853.dir/build
make[1]: Entering directory '/home/lapbottom/Programming/Exjobb/FMIL/svn.jmodelica.org/FMILibrary/tags/2.0.3/build/CMakeFiles/CMakeTmp'
Building CXX object CMakeFiles/cmTC_e8853.dir/feature_tests.cxx.o
/usr/bin/c++    -std=c++11 -o CMakeFiles/cmTC_e8853.dir/feature_tests.cxx.o -c /home/lapbottom/Programming/Exjobb/FMIL/svn.jmodelica.org/FMILibrary/tags/2.0.3/build/CMakeFiles/feature_tests.cxx
Linking CXX executable cmTC_e8853
/usr/bin/cmake -E cmake_link_script CMakeFiles/cmTC_e8853.dir/link.txt --verbose=1
/usr/bin/c++       -rdynamic CMakeFiles/cmTC_e8853.dir/feature_tests.cxx.o  -o cmTC_e8853 
make[1]: Leaving directory '/home/lapbottom/Programming/Exjobb/FMIL/svn.jmodelica.org/FMILibrary/tags/2.0.3/build/CMakeFiles/CMakeTmp'


    Feature record: CXX_FEATURE:0cxx_aggregate_default_initializers
    Feature record: CXX_FEATURE:1cxx_alias_templates
    Feature record: CXX_FEATURE:1cxx_alignas
    Feature record: CXX_FEATURE:1cxx_alignof
    Feature record: CXX_FEATURE:1cxx_attributes
    Feature record: CXX_FEATURE:0cxx_attribute_deprecated
    Feature record: CXX_FEATURE:1cxx_auto_type
    Feature record: CXX_FEATURE:0cxx_binary_literals
    Feature record: CXX_FEATURE:1cxx_constexpr
    Feature record: CXX_FEATURE:0cxx_contextual_conversions
    Feature record: CXX_FEATURE:1cxx_decltype
    Feature record: CXX_FEATURE:0cxx_decltype_auto
    Feature record: CXX_FEATURE:1cxx_decltype_incomplete_return_types
    Feature record: CXX_FEATURE:1cxx_default_function_template_args
    Feature record: CXX_FEATURE:1cxx_defaulted_functions
    Feature record: CXX_FEATURE:1cxx_defaulted_move_initializers
    Feature record: CXX_FEATURE:1cxx_delegating_constructors
    Feature record: CXX_FEATURE:1cxx_deleted_functions
    Feature record: CXX_FEATURE:0cxx_digit_separators
    Feature record: CXX_FEATURE:1cxx_enum_forward_declarations
    Feature record: CXX_FEATURE:1cxx_explicit_conversions
    Feature record: CXX_FEATURE:1cxx_extended_friend_declarations
    Feature record: CXX_FEATURE:1cxx_extern_templates
    Feature record: CXX_FEATURE:1cxx_final
    Feature record: CXX_FEATURE:1cxx_func_identifier
    Feature record: CXX_FEATURE:1cxx_generalized_initializers
    Feature record: CXX_FEATURE:0cxx_generic_lambdas
    Feature record: CXX_FEATURE:1cxx_inheriting_constructors
    Feature record: CXX_FEATURE:1cxx_inline_namespaces
    Feature record: CXX_FEATURE:1cxx_lambdas
    Feature record: CXX_FEATURE:0cxx_lambda_init_captures
    Feature record: CXX_FEATURE:1cxx_local_type_template_args
    Feature record: CXX_FEATURE:1cxx_long_long_type
    Feature record: CXX_FEATURE:1cxx_noexcept
    Feature record: CXX_FEATURE:1cxx_nonstatic_member_init
    Feature record: CXX_FEATURE:1cxx_nullptr
    Feature record: CXX_FEATURE:1cxx_override
    Feature record: CXX_FEATURE:1cxx_range_for
    Feature record: CXX_FEATURE:1cxx_raw_string_literals
    Feature record: CXX_FEATURE:1cxx_reference_qualified_functions
    Feature record: CXX_FEATURE:0cxx_relaxed_constexpr
    Feature record: CXX_FEATURE:0cxx_return_type_deduction
    Feature record: CXX_FEATURE:1cxx_right_angle_brackets
    Feature record: CXX_FEATURE:1cxx_rvalue_references
    Feature record: CXX_FEATURE:1cxx_sizeof_member
    Feature record: CXX_FEATURE:1cxx_static_assert
    Feature record: CXX_FEATURE:1cxx_strong_enums
    Feature record: CXX_FEATURE:1cxx_template_template_parameters
    Feature record: CXX_FEATURE:1cxx_thread_local
    Feature record: CXX_FEATURE:1cxx_trailing_return_types
    Feature record: CXX_FEATURE:1cxx_unicode_literals
    Feature record: CXX_FEATURE:1cxx_uniform_initialization
    Feature record: CXX_FEATURE:1cxx_unrestricted_unions
    Feature record: CXX_FEATURE:1cxx_user_literals
    Feature record: CXX_FEATURE:0cxx_variable_templates
    Feature record: CXX_FEATURE:1cxx_variadic_macros
    Feature record: CXX_FEATURE:1cxx_variadic_templates


Detecting CXX [-std=c++98] compiler features compiled with the following output:
Change Dir: /home/lapbottom/Programming/Exjobb/FMIL/svn.jmodelica.org/FMILibrary/tags/2.0.3/build/CMakeFiles/CMakeTmp

Run Build Command:"/usr/bin/make" "cmTC_7f2e7/fast"
/usr/bin/make -f CMakeFiles/cmTC_7f2e7.dir/build.make CMakeFiles/cmTC_7f2e7.dir/build
make[1]: Entering directory '/home/lapbottom/Programming/Exjobb/FMIL/svn.jmodelica.org/FMILibrary/tags/2.0.3/build/CMakeFiles/CMakeTmp'
Building CXX object CMakeFiles/cmTC_7f2e7.dir/feature_tests.cxx.o
/usr/bin/c++    -std=c++98 -o CMakeFiles/cmTC_7f2e7.dir/feature_tests.cxx.o -c /home/lapbottom/Programming/Exjobb/FMIL/svn.jmodelica.org/FMILibrary/tags/2.0.3/build/CMakeFiles/feature_tests.cxx
Linking CXX executable cmTC_7f2e7
/usr/bin/cmake -E cmake_link_script CMakeFiles/cmTC_7f2e7.dir/link.txt --verbose=1
/usr/bin/c++       -rdynamic CMakeFiles/cmTC_7f2e7.dir/feature_tests.cxx.o  -o cmTC_7f2e7 
make[1]: Leaving directory '/home/lapbottom/Programming/Exjobb/FMIL/svn.jmodelica.org/FMILibrary/tags/2.0.3/build/CMakeFiles/CMakeTmp'


    Feature record: CXX_FEATURE:0cxx_aggregate_default_initializers
    Feature record: CXX_FEATURE:0cxx_alias_templates
    Feature record: CXX_FEATURE:0cxx_alignas
    Feature record: CXX_FEATURE:0cxx_alignof
    Feature record: CXX_FEATURE:0cxx_attributes
    Feature record: CXX_FEATURE:0cxx_attribute_deprecated
    Feature record: CXX_FEATURE:0cxx_auto_type
    Feature record: CXX_FEATURE:0cxx_binary_literals
    Feature record: CXX_FEATURE:0cxx_constexpr
    Feature record: CXX_FEATURE:0cxx_contextual_conversions
    Feature record: CXX_FEATURE:0cxx_decltype
    Feature record: CXX_FEATURE:0cxx_decltype_auto
    Feature record: CXX_FEATURE:0cxx_decltype_incomplete_return_types
    Feature record: CXX_FEATURE:0cxx_default_function_template_args
    Feature record: CXX_FEATURE:0cxx_defaulted_functions
    Feature record: CXX_FEATURE:0cxx_defaulted_move_initializers
    Feature record: CXX_FEATURE:0cxx_delegating_constructors
    Feature record: CXX_FEATURE:0cxx_deleted_functions
    Feature record: CXX_FEATURE:0cxx_digit_separators
    Feature record: CXX_FEATURE:0cxx_enum_forward_declarations
    Feature record: CXX_FEATURE:0cxx_explicit_conversions
    Feature record: CXX_FEATURE:0cxx_extended_friend_declarations
    Feature record: CXX_FEATURE:0cxx_extern_templates
    Feature record: CXX_FEATURE:0cxx_final
    Feature record: CXX_FEATURE:0cxx_func_identifier
    Feature record: CXX_FEATURE:0cxx_generalized_initializers
    Feature record: CXX_FEATURE:0cxx_generic_lambdas
    Feature record: CXX_FEATURE:0cxx_inheriting_constructors
    Feature record: CXX_FEATURE:0cxx_inline_namespaces
    Feature record: CXX_FEATURE:0cxx_lambdas
    Feature record: CXX_FEATURE:0cxx_lambda_init_captures
    Feature record: CXX_FEATURE:0cxx_local_type_template_args
    Feature record: CXX_FEATURE:0cxx_long_long_type
    Feature record: CXX_FEATURE:0cxx_noexcept
    Feature record: CXX_FEATURE:0cxx_nonstatic_member_init
    Feature record: CXX_FEATURE:0cxx_nullptr
    Feature record: CXX_FEATURE:0cxx_override
    Feature record: CXX_FEATURE:0cxx_range_for
    Feature record: CXX_FEATURE:0cxx_raw_string_literals
    Feature record: CXX_FEATURE:0cxx_reference_qualified_functions
    Feature record: CXX_FEATURE:0cxx_relaxed_constexpr
    Feature record: CXX_FEATURE:0cxx_return_type_deduction
    Feature record: CXX_FEATURE:0cxx_right_angle_brackets
    Feature record: CXX_FEATURE:0cxx_rvalue_references
    Feature record: CXX_FEATURE:0cxx_sizeof_member
    Feature record: CXX_FEATURE:0cxx_static_assert
    Feature record: CXX_FEATURE:0cxx_strong_enums
    Feature record: CXX_FEATURE:1cxx_template_template_parameters
    Feature record: CXX_FEATURE:0cxx_thread_local
    Feature record: CXX_FEATURE:0cxx_trailing_return_types
    Feature record: CXX_FEATURE:0cxx_unicode_literals
    Feature record: CXX_FEATURE:0cxx_uniform_initialization
    Feature record: CXX_FEATURE:0cxx_unrestricted_unions
    Feature record: CXX_FEATURE:0cxx_user_literals
    Feature record: CXX_FEATURE:0cxx_variable_templates
    Feature record: CXX_FEATURE:0cxx_variadic_macros
    Feature record: CXX_FEATURE:0cxx_variadic_templates
Performing C SOURCE FILE Test SUPPORT_VISIBILITY succeeded with the following output:
Change Dir: /home/lapbottom/Programming/Exjobb/FMIL/svn.jmodelica.org/FMILibrary/tags/2.0.3/build/CMakeFiles/CMakeTmp

Run Build Command:"/usr/bin/make" "cmTC_47d92/fast"
/usr/bin/make -f CMakeFiles/cmTC_47d92.dir/build.make CMakeFiles/cmTC_47d92.dir/build
make[1]: Entering directory '/home/lapbottom/Programming/Exjobb/FMIL/svn.jmodelica.org/FMILibrary/tags/2.0.3/build/CMakeFiles/CMakeTmp'
Building C object CMakeFiles/cmTC_47d92.dir/src.c.o
/usr/bin/cc   -std=c89 -pedantic -Wall -Wno-unused-function -DSUPPORT_VISIBILITY   -fvisibility=hidden -o CMakeFiles/cmTC_47d92.dir/src.c.o   -c /home/lapbottom/Programming/Exjobb/FMIL/svn.jmodelica.org/FMILibrary/tags/2.0.3/build/CMakeFiles/CMakeTmp/src.c
Linking C executable cmTC_47d92
/usr/bin/cmake -E cmake_link_script CMakeFiles/cmTC_47d92.dir/link.txt --verbose=1
/usr/bin/cc  -std=c89 -pedantic -Wall -Wno-unused-function -DSUPPORT_VISIBILITY    -rdynamic CMakeFiles/cmTC_47d92.dir/src.c.o  -o cmTC_47d92 
make[1]: Leaving directory '/home/lapbottom/Programming/Exjobb/FMIL/svn.jmodelica.org/FMILibrary/tags/2.0.3/build/CMakeFiles/CMakeTmp'

Source file was:
int main(void) { return 0; }
Determining if the __va_copy exist passed with the following output:
Change Dir: /home/lapbottom/Programming/Exjobb/FMIL/svn.jmodelica.org/FMILibrary/tags/2.0.3/build/CMakeFiles/CMakeTmp

Run Build Command:"/usr/bin/make" "cmTC_009ca/fast"
/usr/bin/make -f CMakeFiles/cmTC_009ca.dir/build.make CMakeFiles/cmTC_009ca.dir/build
make[1]: Entering directory '/home/lapbottom/Programming/Exjobb/FMIL/svn.jmodelica.org/FMILibrary/tags/2.0.3/build/CMakeFiles/CMakeTmp'
Building C object CMakeFiles/cmTC_009ca.dir/CheckSymbolExists.c.o
/usr/bin/cc   -std=c89 -pedantic -Wall -Wno-unused-function -fvisibility=hidden -fPIC    -o CMakeFiles/cmTC_009ca.dir/CheckSymbolExists.c.o   -c /home/lapbottom/Programming/Exjobb/FMIL/svn.jmodelica.org/FMILibrary/tags/2.0.3/build/CMakeFiles/CMakeTmp/CheckSymbolExists.c
Linking C executable cmTC_009ca
/usr/bin/cmake -E cmake_link_script CMakeFiles/cmTC_009ca.dir/link.txt --verbose=1
/usr/bin/cc  -std=c89 -pedantic -Wall -Wno-unused-function -fvisibility=hidden -fPIC     -rdynamic CMakeFiles/cmTC_009ca.dir/CheckSymbolExists.c.o  -o cmTC_009ca 
make[1]: Leaving directory '/home/lapbottom/Programming/Exjobb/FMIL/svn.jmodelica.org/FMILibrary/tags/2.0.3/build/CMakeFiles/CMakeTmp'

File /home/lapbottom/Programming/Exjobb/FMIL/svn.jmodelica.org/FMILibrary/tags/2.0.3/build/CMakeFiles/CMakeTmp/CheckSymbolExists.c:
/* */
#include <stdarg.h>

int main(int argc, char** argv)
{
  (void)argv;
#ifndef __va_copy
  return ((int*)(&__va_copy))[argc];
#else
  (void)argc;
  return 0;
#endif
}

Determining if the function vsnprintf exists passed with the following output:
Change Dir: /home/lapbottom/Programming/Exjobb/FMIL/svn.jmodelica.org/FMILibrary/tags/2.0.3/build/CMakeFiles/CMakeTmp

Run Build Command:"/usr/bin/make" "cmTC_f8af2/fast"
/usr/bin/make -f CMakeFiles/cmTC_f8af2.dir/build.make CMakeFiles/cmTC_f8af2.dir/build
make[1]: Entering directory '/home/lapbottom/Programming/Exjobb/FMIL/svn.jmodelica.org/FMILibrary/tags/2.0.3/build/CMakeFiles/CMakeTmp'
Building C object CMakeFiles/cmTC_f8af2.dir/CheckFunctionExists.c.o
/usr/bin/cc   -std=c89 -pedantic -Wall -Wno-unused-function -fvisibility=hidden -fPIC -DCHECK_FUNCTION_EXISTS=vsnprintf   -o CMakeFiles/cmTC_f8af2.dir/CheckFunctionExists.c.o   -c /usr/share/cmake-3.10/Modules/CheckFunctionExists.c
Linking C executable cmTC_f8af2
/usr/bin/cmake -E cmake_link_script CMakeFiles/cmTC_f8af2.dir/link.txt --verbose=1
/usr/bin/cc  -std=c89 -pedantic -Wall -Wno-unused-function -fvisibility=hidden -fPIC -DCHECK_FUNCTION_EXISTS=vsnprintf    -rdynamic CMakeFiles/cmTC_f8af2.dir/CheckFunctionExists.c.o  -o cmTC_f8af2 
make[1]: Leaving directory '/home/lapbottom/Programming/Exjobb/FMIL/svn.jmodelica.org/FMILibrary/tags/2.0.3/build/CMakeFiles/CMakeTmp'


Determining if files stdarg.h exist passed with the following output:
Change Dir: /home/lapbottom/Programming/Exjobb/FMIL/svn.jmodelica.org/FMILibrary/tags/2.0.3/build/CMakeFiles/CMakeTmp

Run Build Command:"/usr/bin/make" "cmTC_3445f/fast"
/usr/bin/make -f CMakeFiles/cmTC_3445f.dir/build.make CMakeFiles/cmTC_3445f.dir/build
make[1]: Entering directory '/home/lapbottom/Programming/Exjobb/FMIL/svn.jmodelica.org/FMILibrary/tags/2.0.3/build/CMakeFiles/CMakeTmp'
Building C object CMakeFiles/cmTC_3445f.dir/CheckIncludeFiles.c.o
/usr/bin/cc   -std=c89 -pedantic -Wall -Wno-unused-function -fvisibility=hidden -fPIC    -o CMakeFiles/cmTC_3445f.dir/CheckIncludeFiles.c.o   -c /home/lapbottom/Programming/Exjobb/FMIL/svn.jmodelica.org/FMILibrary/tags/2.0.3/build/CMakeFiles/CMakeTmp/CheckIncludeFiles.c
Linking C executable cmTC_3445f
/usr/bin/cmake -E cmake_link_script CMakeFiles/cmTC_3445f.dir/link.txt --verbose=1
/usr/bin/cc  -std=c89 -pedantic -Wall -Wno-unused-function -fvisibility=hidden -fPIC     -rdynamic CMakeFiles/cmTC_3445f.dir/CheckIncludeFiles.c.o  -o cmTC_3445f 
make[1]: Leaving directory '/home/lapbottom/Programming/Exjobb/FMIL/svn.jmodelica.org/FMILibrary/tags/2.0.3/build/CMakeFiles/CMakeTmp'


Determining if files stdlib.h exist passed with the following output:
Change Dir: /home/lapbottom/Programming/Exjobb/FMIL/svn.jmodelica.org/FMILibrary/tags/2.0.3/build/CMakeFiles/CMakeTmp

Run Build Command:"/usr/bin/make" "cmTC_1cf6b/fast"
/usr/bin/make -f CMakeFiles/cmTC_1cf6b.dir/build.make CMakeFiles/cmTC_1cf6b.dir/build
make[1]: Entering directory '/home/lapbottom/Programming/Exjobb/FMIL/svn.jmodelica.org/FMILibrary/tags/2.0.3/build/CMakeFiles/CMakeTmp'
Building C object CMakeFiles/cmTC_1cf6b.dir/CheckIncludeFiles.c.o
/usr/bin/cc   -std=c89 -pedantic -Wall -Wno-unused-function -fvisibility=hidden -fPIC    -o CMakeFiles/cmTC_1cf6b.dir/CheckIncludeFiles.c.o   -c /home/lapbottom/Programming/Exjobb/FMIL/svn.jmodelica.org/FMILibrary/tags/2.0.3/build/CMakeFiles/CMakeTmp/CheckIncludeFiles.c
Linking C executable cmTC_1cf6b
/usr/bin/cmake -E cmake_link_script CMakeFiles/cmTC_1cf6b.dir/link.txt --verbose=1
/usr/bin/cc  -std=c89 -pedantic -Wall -Wno-unused-function -fvisibility=hidden -fPIC     -rdynamic CMakeFiles/cmTC_1cf6b.dir/CheckIncludeFiles.c.o  -o cmTC_1cf6b 
make[1]: Leaving directory '/home/lapbottom/Programming/Exjobb/FMIL/svn.jmodelica.org/FMILibrary/tags/2.0.3/build/CMakeFiles/CMakeTmp'


Determining if files stddef.h exist passed with the following output:
Change Dir: /home/lapbottom/Programming/Exjobb/FMIL/svn.jmodelica.org/FMILibrary/tags/2.0.3/build/CMakeFiles/CMakeTmp

Run Build Command:"/usr/bin/make" "cmTC_a5916/fast"
/usr/bin/make -f CMakeFiles/cmTC_a5916.dir/build.make CMakeFiles/cmTC_a5916.dir/build
make[1]: Entering directory '/home/lapbottom/Programming/Exjobb/FMIL/svn.jmodelica.org/FMILibrary/tags/2.0.3/build/CMakeFiles/CMakeTmp'
Building C object CMakeFiles/cmTC_a5916.dir/CheckIncludeFiles.c.o
/usr/bin/cc   -std=c89 -pedantic -Wall -Wno-unused-function -fvisibility=hidden -fPIC    -o CMakeFiles/cmTC_a5916.dir/CheckIncludeFiles.c.o   -c /home/lapbottom/Programming/Exjobb/FMIL/svn.jmodelica.org/FMILibrary/tags/2.0.3/build/CMakeFiles/CMakeTmp/CheckIncludeFiles.c
Linking C executable cmTC_a5916
/usr/bin/cmake -E cmake_link_script CMakeFiles/cmTC_a5916.dir/link.txt --verbose=1
/usr/bin/cc  -std=c89 -pedantic -Wall -Wno-unused-function -fvisibility=hidden -fPIC     -rdynamic CMakeFiles/cmTC_a5916.dir/CheckIncludeFiles.c.o  -o cmTC_a5916 
make[1]: Leaving directory '/home/lapbottom/Programming/Exjobb/FMIL/svn.jmodelica.org/FMILibrary/tags/2.0.3/build/CMakeFiles/CMakeTmp'


Determining if files stdint.h exist passed with the following output:
Change Dir: /home/lapbottom/Programming/Exjobb/FMIL/svn.jmodelica.org/FMILibrary/tags/2.0.3/build/CMakeFiles/CMakeTmp

Run Build Command:"/usr/bin/make" "cmTC_c9a1c/fast"
/usr/bin/make -f CMakeFiles/cmTC_c9a1c.dir/build.make CMakeFiles/cmTC_c9a1c.dir/build
make[1]: Entering directory '/home/lapbottom/Programming/Exjobb/FMIL/svn.jmodelica.org/FMILibrary/tags/2.0.3/build/CMakeFiles/CMakeTmp'
Building C object CMakeFiles/cmTC_c9a1c.dir/CheckIncludeFiles.c.o
/usr/bin/cc   -std=c89 -pedantic -Wall -Wno-unused-function -fvisibility=hidden -fPIC    -o CMakeFiles/cmTC_c9a1c.dir/CheckIncludeFiles.c.o   -c /home/lapbottom/Programming/Exjobb/FMIL/svn.jmodelica.org/FMILibrary/tags/2.0.3/build/CMakeFiles/CMakeTmp/CheckIncludeFiles.c
Linking C executable cmTC_c9a1c
/usr/bin/cmake -E cmake_link_script CMakeFiles/cmTC_c9a1c.dir/link.txt --verbose=1
/usr/bin/cc  -std=c89 -pedantic -Wall -Wno-unused-function -fvisibility=hidden -fPIC     -rdynamic CMakeFiles/cmTC_c9a1c.dir/CheckIncludeFiles.c.o  -o cmTC_c9a1c 
make[1]: Leaving directory '/home/lapbottom/Programming/Exjobb/FMIL/svn.jmodelica.org/FMILibrary/tags/2.0.3/build/CMakeFiles/CMakeTmp'


Determining if files inttypes.h exist passed with the following output:
Change Dir: /home/lapbottom/Programming/Exjobb/FMIL/svn.jmodelica.org/FMILibrary/tags/2.0.3/build/CMakeFiles/CMakeTmp

Run Build Command:"/usr/bin/make" "cmTC_e01e5/fast"
/usr/bin/make -f CMakeFiles/cmTC_e01e5.dir/build.make CMakeFiles/cmTC_e01e5.dir/build
make[1]: Entering directory '/home/lapbottom/Programming/Exjobb/FMIL/svn.jmodelica.org/FMILibrary/tags/2.0.3/build/CMakeFiles/CMakeTmp'
Building C object CMakeFiles/cmTC_e01e5.dir/CheckIncludeFiles.c.o
/usr/bin/cc   -std=c89 -pedantic -Wall -Wno-unused-function -fvisibility=hidden -fPIC    -o CMakeFiles/cmTC_e01e5.dir/CheckIncludeFiles.c.o   -c /home/lapbottom/Programming/Exjobb/FMIL/svn.jmodelica.org/FMILibrary/tags/2.0.3/build/CMakeFiles/CMakeTmp/CheckIncludeFiles.c
Linking C executable cmTC_e01e5
/usr/bin/cmake -E cmake_link_script CMakeFiles/cmTC_e01e5.dir/link.txt --verbose=1
/usr/bin/cc  -std=c89 -pedantic -Wall -Wno-unused-function -fvisibility=hidden -fPIC     -rdynamic CMakeFiles/cmTC_e01e5.dir/CheckIncludeFiles.c.o  -o cmTC_e01e5 
make[1]: Leaving directory '/home/lapbottom/Programming/Exjobb/FMIL/svn.jmodelica.org/FMILibrary/tags/2.0.3/build/CMakeFiles/CMakeTmp'


Determining if files locale.h exist passed with the following output:
Change Dir: /home/lapbottom/Programming/Exjobb/FMIL/svn.jmodelica.org/FMILibrary/tags/2.0.3/build/CMakeFiles/CMakeTmp

Run Build Command:"/usr/bin/make" "cmTC_daa4b/fast"
/usr/bin/make -f CMakeFiles/cmTC_daa4b.dir/build.make CMakeFiles/cmTC_daa4b.dir/build
make[1]: Entering directory '/home/lapbottom/Programming/Exjobb/FMIL/svn.jmodelica.org/FMILibrary/tags/2.0.3/build/CMakeFiles/CMakeTmp'
Building C object CMakeFiles/cmTC_daa4b.dir/CheckIncludeFiles.c.o
/usr/bin/cc   -std=c89 -pedantic -Wall -Wno-unused-function -fvisibility=hidden -fPIC    -o CMakeFiles/cmTC_daa4b.dir/CheckIncludeFiles.c.o   -c /home/lapbottom/Programming/Exjobb/FMIL/svn.jmodelica.org/FMILibrary/tags/2.0.3/build/CMakeFiles/CMakeTmp/CheckIncludeFiles.c
Linking C executable cmTC_daa4b
/usr/bin/cmake -E cmake_link_script CMakeFiles/cmTC_daa4b.dir/link.txt --verbose=1
/usr/bin/cc  -std=c89 -pedantic -Wall -Wno-unused-function -fvisibility=hidden -fPIC     -rdynamic CMakeFiles/cmTC_daa4b.dir/CheckIncludeFiles.c.o  -o cmTC_daa4b 
make[1]: Leaving directory '/home/lapbottom/Programming/Exjobb/FMIL/svn.jmodelica.org/FMILibrary/tags/2.0.3/build/CMakeFiles/CMakeTmp'


Determining if the function snprintf exists passed with the following output:
Change Dir: /home/lapbottom/Programming/Exjobb/FMIL/svn.jmodelica.org/FMILibrary/tags/2.0.3/build/CMakeFiles/CMakeTmp

Run Build Command:"/usr/bin/make" "cmTC_83bd9/fast"
/usr/bin/make -f CMakeFiles/cmTC_83bd9.dir/build.make CMakeFiles/cmTC_83bd9.dir/build
make[1]: Entering directory '/home/lapbottom/Programming/Exjobb/FMIL/svn.jmodelica.org/FMILibrary/tags/2.0.3/build/CMakeFiles/CMakeTmp'
Building C object CMakeFiles/cmTC_83bd9.dir/CheckFunctionExists.c.o
/usr/bin/cc   -std=c89 -pedantic -Wall -Wno-unused-function -fvisibility=hidden -fPIC -DCHECK_FUNCTION_EXISTS=snprintf   -o CMakeFiles/cmTC_83bd9.dir/CheckFunctionExists.c.o   -c /usr/share/cmake-3.10/Modules/CheckFunctionExists.c
Linking C executable cmTC_83bd9
/usr/bin/cmake -E cmake_link_script CMakeFiles/cmTC_83bd9.dir/link.txt --verbose=1
/usr/bin/cc  -std=c89 -pedantic -Wall -Wno-unused-function -fvisibility=hidden -fPIC -DCHECK_FUNCTION_EXISTS=snprintf    -rdynamic CMakeFiles/cmTC_83bd9.dir/CheckFunctionExists.c.o  -o cmTC_83bd9 
make[1]: Leaving directory '/home/lapbottom/Programming/Exjobb/FMIL/svn.jmodelica.org/FMILibrary/tags/2.0.3/build/CMakeFiles/CMakeTmp'


Determining if the function vasprintf exists passed with the following output:
Change Dir: /home/lapbottom/Programming/Exjobb/FMIL/svn.jmodelica.org/FMILibrary/tags/2.0.3/build/CMakeFiles/CMakeTmp

Run Build Command:"/usr/bin/make" "cmTC_ac48c/fast"
/usr/bin/make -f CMakeFiles/cmTC_ac48c.dir/build.make CMakeFiles/cmTC_ac48c.dir/build
make[1]: Entering directory '/home/lapbottom/Programming/Exjobb/FMIL/svn.jmodelica.org/FMILibrary/tags/2.0.3/build/CMakeFiles/CMakeTmp'
Building C object CMakeFiles/cmTC_ac48c.dir/CheckFunctionExists.c.o
/usr/bin/cc   -std=c89 -pedantic -Wall -Wno-unused-function -fvisibility=hidden -fPIC -DCHECK_FUNCTION_EXISTS=vasprintf   -o CMakeFiles/cmTC_ac48c.dir/CheckFunctionExists.c.o   -c /usr/share/cmake-3.10/Modules/CheckFunctionExists.c
Linking C executable cmTC_ac48c
/usr/bin/cmake -E cmake_link_script CMakeFiles/cmTC_ac48c.dir/link.txt --verbose=1
/usr/bin/cc  -std=c89 -pedantic -Wall -Wno-unused-function -fvisibility=hidden -fPIC -DCHECK_FUNCTION_EXISTS=vasprintf    -rdynamic CMakeFiles/cmTC_ac48c.dir/CheckFunctionExists.c.o  -o cmTC_ac48c 
make[1]: Leaving directory '/home/lapbottom/Programming/Exjobb/FMIL/svn.jmodelica.org/FMILibrary/tags/2.0.3/build/CMakeFiles/CMakeTmp'


Determining if the function asprintf exists passed with the following output:
Change Dir: /home/lapbottom/Programming/Exjobb/FMIL/svn.jmodelica.org/FMILibrary/tags/2.0.3/build/CMakeFiles/CMakeTmp

Run Build Command:"/usr/bin/make" "cmTC_df75a/fast"
/usr/bin/make -f CMakeFiles/cmTC_df75a.dir/build.make CMakeFiles/cmTC_df75a.dir/build
make[1]: Entering directory '/home/lapbottom/Programming/Exjobb/FMIL/svn.jmodelica.org/FMILibrary/tags/2.0.3/build/CMakeFiles/CMakeTmp'
Building C object CMakeFiles/cmTC_df75a.dir/CheckFunctionExists.c.o
/usr/bin/cc   -std=c89 -pedantic -Wall -Wno-unused-function -fvisibility=hidden -fPIC -DCHECK_FUNCTION_EXISTS=asprintf   -o CMakeFiles/cmTC_df75a.dir/CheckFunctionExists.c.o   -c /usr/share/cmake-3.10/Modules/CheckFunctionExists.c
Linking C executable cmTC_df75a
/usr/bin/cmake -E cmake_link_script CMakeFiles/cmTC_df75a.dir/link.txt --verbose=1
/usr/bin/cc  -std=c89 -pedantic -Wall -Wno-unused-function -fvisibility=hidden -fPIC -DCHECK_FUNCTION_EXISTS=asprintf    -rdynamic CMakeFiles/cmTC_df75a.dir/CheckFunctionExists.c.o  -o cmTC_df75a 
make[1]: Leaving directory '/home/lapbottom/Programming/Exjobb/FMIL/svn.jmodelica.org/FMILibrary/tags/2.0.3/build/CMakeFiles/CMakeTmp'


Determining if the function localeconv exists passed with the following output:
Change Dir: /home/lapbottom/Programming/Exjobb/FMIL/svn.jmodelica.org/FMILibrary/tags/2.0.3/build/CMakeFiles/CMakeTmp

Run Build Command:"/usr/bin/make" "cmTC_b19bd/fast"
/usr/bin/make -f CMakeFiles/cmTC_b19bd.dir/build.make CMakeFiles/cmTC_b19bd.dir/build
make[1]: Entering directory '/home/lapbottom/Programming/Exjobb/FMIL/svn.jmodelica.org/FMILibrary/tags/2.0.3/build/CMakeFiles/CMakeTmp'
Building C object CMakeFiles/cmTC_b19bd.dir/CheckFunctionExists.c.o
/usr/bin/cc   -std=c89 -pedantic -Wall -Wno-unused-function -fvisibility=hidden -fPIC -DCHECK_FUNCTION_EXISTS=localeconv   -o CMakeFiles/cmTC_b19bd.dir/CheckFunctionExists.c.o   -c /usr/share/cmake-3.10/Modules/CheckFunctionExists.c
Linking C executable cmTC_b19bd
/usr/bin/cmake -E cmake_link_script CMakeFiles/cmTC_b19bd.dir/link.txt --verbose=1
/usr/bin/cc  -std=c89 -pedantic -Wall -Wno-unused-function -fvisibility=hidden -fPIC -DCHECK_FUNCTION_EXISTS=localeconv    -rdynamic CMakeFiles/cmTC_b19bd.dir/CheckFunctionExists.c.o  -o cmTC_b19bd 
make[1]: Leaving directory '/home/lapbottom/Programming/Exjobb/FMIL/svn.jmodelica.org/FMILibrary/tags/2.0.3/build/CMakeFiles/CMakeTmp'


Determining if the include file sys/types.h exists passed with the following output:
Change Dir: /home/lapbottom/Programming/Exjobb/FMIL/svn.jmodelica.org/FMILibrary/tags/2.0.3/build/CMakeFiles/CMakeTmp

Run Build Command:"/usr/bin/make" "cmTC_b5a2e/fast"
/usr/bin/make -f CMakeFiles/cmTC_b5a2e.dir/build.make CMakeFiles/cmTC_b5a2e.dir/build
make[1]: Entering directory '/home/lapbottom/Programming/Exjobb/FMIL/svn.jmodelica.org/FMILibrary/tags/2.0.3/build/CMakeFiles/CMakeTmp'
Building C object CMakeFiles/cmTC_b5a2e.dir/CheckIncludeFile.c.o
/usr/bin/cc   -std=c89 -pedantic -Wall -Wno-unused-function -fvisibility=hidden -fPIC    -o CMakeFiles/cmTC_b5a2e.dir/CheckIncludeFile.c.o   -c /home/lapbottom/Programming/Exjobb/FMIL/svn.jmodelica.org/FMILibrary/tags/2.0.3/build/CMakeFiles/CMakeTmp/CheckIncludeFile.c
Linking C executable cmTC_b5a2e
/usr/bin/cmake -E cmake_link_script CMakeFiles/cmTC_b5a2e.dir/link.txt --verbose=1
/usr/bin/cc  -std=c89 -pedantic -Wall -Wno-unused-function -fvisibility=hidden -fPIC     -rdynamic CMakeFiles/cmTC_b5a2e.dir/CheckIncludeFile.c.o  -o cmTC_b5a2e 
make[1]: Leaving directory '/home/lapbottom/Programming/Exjobb/FMIL/svn.jmodelica.org/FMILibrary/tags/2.0.3/build/CMakeFiles/CMakeTmp'


Determining size of long double passed with the following output:
Change Dir: /home/lapbottom/Programming/Exjobb/FMIL/svn.jmodelica.org/FMILibrary/tags/2.0.3/build/CMakeFiles/CMakeTmp

Run Build Command:"/usr/bin/make" "cmTC_b3245/fast"
/usr/bin/make -f CMakeFiles/cmTC_b3245.dir/build.make CMakeFiles/cmTC_b3245.dir/build
make[1]: Entering directory '/home/lapbottom/Programming/Exjobb/FMIL/svn.jmodelica.org/FMILibrary/tags/2.0.3/build/CMakeFiles/CMakeTmp'
Building C object CMakeFiles/cmTC_b3245.dir/HAVE_LONG_DOUBLE.c.o
/usr/bin/cc   -std=c89 -pedantic -Wall -Wno-unused-function -fvisibility=hidden -fPIC    -o CMakeFiles/cmTC_b3245.dir/HAVE_LONG_DOUBLE.c.o   -c /home/lapbottom/Programming/Exjobb/FMIL/svn.jmodelica.org/FMILibrary/tags/2.0.3/build/CMakeFiles/CheckTypeSize/HAVE_LONG_DOUBLE.c
Linking C executable cmTC_b3245
/usr/bin/cmake -E cmake_link_script CMakeFiles/cmTC_b3245.dir/link.txt --verbose=1
/usr/bin/cc  -std=c89 -pedantic -Wall -Wno-unused-function -fvisibility=hidden -fPIC     -rdynamic CMakeFiles/cmTC_b3245.dir/HAVE_LONG_DOUBLE.c.o  -o cmTC_b3245 
make[1]: Leaving directory '/home/lapbottom/Programming/Exjobb/FMIL/svn.jmodelica.org/FMILibrary/tags/2.0.3/build/CMakeFiles/CMakeTmp'


Determining size of long long int passed with the following output:
Change Dir: /home/lapbottom/Programming/Exjobb/FMIL/svn.jmodelica.org/FMILibrary/tags/2.0.3/build/CMakeFiles/CMakeTmp

Run Build Command:"/usr/bin/make" "cmTC_0c3e5/fast"
/usr/bin/make -f CMakeFiles/cmTC_0c3e5.dir/build.make CMakeFiles/cmTC_0c3e5.dir/build
make[1]: Entering directory '/home/lapbottom/Programming/Exjobb/FMIL/svn.jmodelica.org/FMILibrary/tags/2.0.3/build/CMakeFiles/CMakeTmp'
Building C object CMakeFiles/cmTC_0c3e5.dir/HAVE_LONG_LONG_INT.c.o
/usr/bin/cc   -std=c89 -pedantic -Wall -Wno-unused-function -fvisibility=hidden -fPIC    -o CMakeFiles/cmTC_0c3e5.dir/HAVE_LONG_LONG_INT.c.o   -c /home/lapbottom/Programming/Exjobb/FMIL/svn.jmodelica.org/FMILibrary/tags/2.0.3/build/CMakeFiles/CheckTypeSize/HAVE_LONG_LONG_INT.c
/home/lapbottom/Programming/Exjobb/FMIL/svn.jmodelica.org/FMILibrary/tags/2.0.3/build/CMakeFiles/CheckTypeSize/HAVE_LONG_LONG_INT.c:23:27: warning: ISO C90 does not support long long [-Wlong-long]
 #define SIZE (sizeof(long long int))
                           ^
/home/lapbottom/Programming/Exjobb/FMIL/svn.jmodelica.org/FMILibrary/tags/2.0.3/build/CMakeFiles/CheckTypeSize/HAVE_LONG_LONG_INT.c:25:12: note: in expansion of macro SIZE
   ('0' + ((SIZE / 10000)%10)),
            ^~~~
/home/lapbottom/Programming/Exjobb/FMIL/svn.jmodelica.org/FMILibrary/tags/2.0.3/build/CMakeFiles/CheckTypeSize/HAVE_LONG_LONG_INT.c:23:27: warning: ISO C90 does not support long long [-Wlong-long]
 #define SIZE (sizeof(long long int))
                           ^
/home/lapbottom/Programming/Exjobb/FMIL/svn.jmodelica.org/FMILibrary/tags/2.0.3/build/CMakeFiles/CheckTypeSize/HAVE_LONG_LONG_INT.c:26:12: note: in expansion of macro SIZE
   ('0' + ((SIZE / 1000)%10)),
            ^~~~
/home/lapbottom/Programming/Exjobb/FMIL/svn.jmodelica.org/FMILibrary/tags/2.0.3/build/CMakeFiles/CheckTypeSize/HAVE_LONG_LONG_INT.c:23:27: warning: ISO C90 does not support long long [-Wlong-long]
 #define SIZE (sizeof(long long int))
                           ^
/home/lapbottom/Programming/Exjobb/FMIL/svn.jmodelica.org/FMILibrary/tags/2.0.3/build/CMakeFiles/CheckTypeSize/HAVE_LONG_LONG_INT.c:27:12: note: in expansion of macro SIZE
   ('0' + ((SIZE / 100)%10)),
            ^~~~
/home/lapbottom/Programming/Exjobb/FMIL/svn.jmodelica.org/FMILibrary/tags/2.0.3/build/CMakeFiles/CheckTypeSize/HAVE_LONG_LONG_INT.c:23:27: warning: ISO C90 does not support long long [-Wlong-long]
 #define SIZE (sizeof(long long int))
                           ^
/home/lapbottom/Programming/Exjobb/FMIL/svn.jmodelica.org/FMILibrary/tags/2.0.3/build/CMakeFiles/CheckTypeSize/HAVE_LONG_LONG_INT.c:28:12: note: in expansion of macro SIZE
   ('0' + ((SIZE / 10)%10)),
            ^~~~
/home/lapbottom/Programming/Exjobb/FMIL/svn.jmodelica.org/FMILibrary/tags/2.0.3/build/CMakeFiles/CheckTypeSize/HAVE_LONG_LONG_INT.c:23:27: warning: ISO C90 does not support long long [-Wlong-long]
 #define SIZE (sizeof(long long int))
                           ^
/home/lapbottom/Programming/Exjobb/FMIL/svn.jmodelica.org/FMILibrary/tags/2.0.3/build/CMakeFiles/CheckTypeSize/HAVE_LONG_LONG_INT.c:29:12: note: in expansion of macro SIZE
   ('0' +  (SIZE    % 10)),
            ^~~~
Linking C executable cmTC_0c3e5
/usr/bin/cmake -E cmake_link_script CMakeFiles/cmTC_0c3e5.dir/link.txt --verbose=1
/usr/bin/cc  -std=c89 -pedantic -Wall -Wno-unused-function -fvisibility=hidden -fPIC     -rdynamic CMakeFiles/cmTC_0c3e5.dir/HAVE_LONG_LONG_INT.c.o  -o cmTC_0c3e5 
make[1]: Leaving directory '/home/lapbottom/Programming/Exjobb/FMIL/svn.jmodelica.org/FMILibrary/tags/2.0.3/build/CMakeFiles/CMakeTmp'


Determining size of unsigned long long int passed with the following output:
Change Dir: /home/lapbottom/Programming/Exjobb/FMIL/svn.jmodelica.org/FMILibrary/tags/2.0.3/build/CMakeFiles/CMakeTmp

Run Build Command:"/usr/bin/make" "cmTC_f1d24/fast"
/usr/bin/make -f CMakeFiles/cmTC_f1d24.dir/build.make CMakeFiles/cmTC_f1d24.dir/build
make[1]: Entering directory '/home/lapbottom/Programming/Exjobb/FMIL/svn.jmodelica.org/FMILibrary/tags/2.0.3/build/CMakeFiles/CMakeTmp'
Building C object CMakeFiles/cmTC_f1d24.dir/HAVE_UNSIGNED_LONG_LONG_INT.c.o
/usr/bin/cc   -std=c89 -pedantic -Wall -Wno-unused-function -fvisibility=hidden -fPIC    -o CMakeFiles/cmTC_f1d24.dir/HAVE_UNSIGNED_LONG_LONG_INT.c.o   -c /home/lapbottom/Programming/Exjobb/FMIL/svn.jmodelica.org/FMILibrary/tags/2.0.3/build/CMakeFiles/CheckTypeSize/HAVE_UNSIGNED_LONG_LONG_INT.c
/home/lapbottom/Programming/Exjobb/FMIL/svn.jmodelica.org/FMILibrary/tags/2.0.3/build/CMakeFiles/CheckTypeSize/HAVE_UNSIGNED_LONG_LONG_INT.c:23:36: warning: ISO C90 does not support long long [-Wlong-long]
 #define SIZE (sizeof(unsigned long long int))
                                    ^
/home/lapbottom/Programming/Exjobb/FMIL/svn.jmodelica.org/FMILibrary/tags/2.0.3/build/CMakeFiles/CheckTypeSize/HAVE_UNSIGNED_LONG_LONG_INT.c:25:12: note: in expansion of macro SIZE
   ('0' + ((SIZE / 10000)%10)),
            ^~~~
/home/lapbottom/Programming/Exjobb/FMIL/svn.jmodelica.org/FMILibrary/tags/2.0.3/build/CMakeFiles/CheckTypeSize/HAVE_UNSIGNED_LONG_LONG_INT.c:23:36: warning: ISO C90 does not support long long [-Wlong-long]
 #define SIZE (sizeof(unsigned long long int))
                                    ^
/home/lapbottom/Programming/Exjobb/FMIL/svn.jmodelica.org/FMILibrary/tags/2.0.3/build/CMakeFiles/CheckTypeSize/HAVE_UNSIGNED_LONG_LONG_INT.c:26:12: note: in expansion of macro SIZE
   ('0' + ((SIZE / 1000)%10)),
            ^~~~
/home/lapbottom/Programming/Exjobb/FMIL/svn.jmodelica.org/FMILibrary/tags/2.0.3/build/CMakeFiles/CheckTypeSize/HAVE_UNSIGNED_LONG_LONG_INT.c:23:36: warning: ISO C90 does not support long long [-Wlong-long]
 #define SIZE (sizeof(unsigned long long int))
                                    ^
/home/lapbottom/Programming/Exjobb/FMIL/svn.jmodelica.org/FMILibrary/tags/2.0.3/build/CMakeFiles/CheckTypeSize/HAVE_UNSIGNED_LONG_LONG_INT.c:27:12: note: in expansion of macro SIZE
   ('0' + ((SIZE / 100)%10)),
            ^~~~
/home/lapbottom/Programming/Exjobb/FMIL/svn.jmodelica.org/FMILibrary/tags/2.0.3/build/CMakeFiles/CheckTypeSize/HAVE_UNSIGNED_LONG_LONG_INT.c:23:36: warning: ISO C90 does not support long long [-Wlong-long]
 #define SIZE (sizeof(unsigned long long int))
                                    ^
/home/lapbottom/Programming/Exjobb/FMIL/svn.jmodelica.org/FMILibrary/tags/2.0.3/build/CMakeFiles/CheckTypeSize/HAVE_UNSIGNED_LONG_LONG_INT.c:28:12: note: in expansion of macro SIZE
   ('0' + ((SIZE / 10)%10)),
            ^~~~
/home/lapbottom/Programming/Exjobb/FMIL/svn.jmodelica.org/FMILibrary/tags/2.0.3/build/CMakeFiles/CheckTypeSize/HAVE_UNSIGNED_LONG_LONG_INT.c:23:36: warning: ISO C90 does not support long long [-Wlong-long]
 #define SIZE (sizeof(unsigned long long int))
                                    ^
/home/lapbottom/Programming/Exjobb/FMIL/svn.jmodelica.org/FMILibrary/tags/2.0.3/build/CMakeFiles/CheckTypeSize/HAVE_UNSIGNED_LONG_LONG_INT.c:29:12: note: in expansion of macro SIZE
   ('0' +  (SIZE    % 10)),
            ^~~~
Linking C executable cmTC_f1d24
/usr/bin/cmake -E cmake_link_script CMakeFiles/cmTC_f1d24.dir/link.txt --verbose=1
/usr/bin/cc  -std=c89 -pedantic -Wall -Wno-unused-function -fvisibility=hidden -fPIC     -rdynamic CMakeFiles/cmTC_f1d24.dir/HAVE_UNSIGNED_LONG_LONG_INT.c.o  -o cmTC_f1d24 
make[1]: Leaving directory '/home/lapbottom/Programming/Exjobb/FMIL/svn.jmodelica.org/FMILibrary/tags/2.0.3/build/CMakeFiles/CMakeTmp'


Determining size of struct lconv passed with the following output:
Change Dir: /home/lapbottom/Programming/Exjobb/FMIL/svn.jmodelica.org/FMILibrary/tags/2.0.3/build/CMakeFiles/CMakeTmp

Run Build Command:"/usr/bin/make" "cmTC_91212/fast"
/usr/bin/make -f CMakeFiles/cmTC_91212.dir/build.make CMakeFiles/cmTC_91212.dir/build
make[1]: Entering directory '/home/lapbottom/Programming/Exjobb/FMIL/svn.jmodelica.org/FMILibrary/tags/2.0.3/build/CMakeFiles/CMakeTmp'
Building C object CMakeFiles/cmTC_91212.dir/LCONV.c.o
/usr/bin/cc   -std=c89 -pedantic -Wall -Wno-unused-function -fvisibility=hidden -fPIC    -o CMakeFiles/cmTC_91212.dir/LCONV.c.o   -c /home/lapbottom/Programming/Exjobb/FMIL/svn.jmodelica.org/FMILibrary/tags/2.0.3/build/CMakeFiles/CheckTypeSize/LCONV.c
Linking C executable cmTC_91212
/usr/bin/cmake -E cmake_link_script CMakeFiles/cmTC_91212.dir/link.txt --verbose=1
/usr/bin/cc  -std=c89 -pedantic -Wall -Wno-unused-function -fvisibility=hidden -fPIC     -rdynamic CMakeFiles/cmTC_91212.dir/LCONV.c.o  -o cmTC_91212 
make[1]: Leaving directory '/home/lapbottom/Programming/Exjobb/FMIL/svn.jmodelica.org/FMILibrary/tags/2.0.3/build/CMakeFiles/CMakeTmp'


Performing C SOURCE FILE Test HAVE_LCONV_DECIMAL_POINT succeeded with the following output:
Change Dir: /home/lapbottom/Programming/Exjobb/FMIL/svn.jmodelica.org/FMILibrary/tags/2.0.3/build/CMakeFiles/CMakeTmp

Run Build Command:"/usr/bin/make" "cmTC_da905/fast"
/usr/bin/make -f CMakeFiles/cmTC_da905.dir/build.make CMakeFiles/cmTC_da905.dir/build
make[1]: Entering directory '/home/lapbottom/Programming/Exjobb/FMIL/svn.jmodelica.org/FMILibrary/tags/2.0.3/build/CMakeFiles/CMakeTmp'
Building C object CMakeFiles/cmTC_da905.dir/src.c.o
/usr/bin/cc   -std=c89 -pedantic -Wall -Wno-unused-function -fvisibility=hidden -fPIC -DHAVE_LCONV_DECIMAL_POINT   -o CMakeFiles/cmTC_da905.dir/src.c.o   -c /home/lapbottom/Programming/Exjobb/FMIL/svn.jmodelica.org/FMILibrary/tags/2.0.3/build/CMakeFiles/CMakeTmp/src.c
Linking C executable cmTC_da905
/usr/bin/cmake -E cmake_link_script CMakeFiles/cmTC_da905.dir/link.txt --verbose=1
/usr/bin/cc  -std=c89 -pedantic -Wall -Wno-unused-function -fvisibility=hidden -fPIC -DHAVE_LCONV_DECIMAL_POINT    -rdynamic CMakeFiles/cmTC_da905.dir/src.c.o  -o cmTC_da905 
make[1]: Leaving directory '/home/lapbottom/Programming/Exjobb/FMIL/svn.jmodelica.org/FMILibrary/tags/2.0.3/build/CMakeFiles/CMakeTmp'

Source file was:

#include <locale.h>

int main()
{
   (void)sizeof(((struct lconv *)0)->decimal_point);
   return 0;
}

Performing C SOURCE FILE Test HAVE_LCONV_THOUSANDS_SEP succeeded with the following output:
Change Dir: /home/lapbottom/Programming/Exjobb/FMIL/svn.jmodelica.org/FMILibrary/tags/2.0.3/build/CMakeFiles/CMakeTmp

Run Build Command:"/usr/bin/make" "cmTC_5fe1e/fast"
/usr/bin/make -f CMakeFiles/cmTC_5fe1e.dir/build.make CMakeFiles/cmTC_5fe1e.dir/build
make[1]: Entering directory '/home/lapbottom/Programming/Exjobb/FMIL/svn.jmodelica.org/FMILibrary/tags/2.0.3/build/CMakeFiles/CMakeTmp'
Building C object CMakeFiles/cmTC_5fe1e.dir/src.c.o
/usr/bin/cc   -std=c89 -pedantic -Wall -Wno-unused-function -fvisibility=hidden -fPIC -DHAVE_LCONV_THOUSANDS_SEP   -o CMakeFiles/cmTC_5fe1e.dir/src.c.o   -c /home/lapbottom/Programming/Exjobb/FMIL/svn.jmodelica.org/FMILibrary/tags/2.0.3/build/CMakeFiles/CMakeTmp/src.c
Linking C executable cmTC_5fe1e
/usr/bin/cmake -E cmake_link_script CMakeFiles/cmTC_5fe1e.dir/link.txt --verbose=1
/usr/bin/cc  -std=c89 -pedantic -Wall -Wno-unused-function -fvisibility=hidden -fPIC -DHAVE_LCONV_THOUSANDS_SEP    -rdynamic CMakeFiles/cmTC_5fe1e.dir/src.c.o  -o cmTC_5fe1e 
make[1]: Leaving directory '/home/lapbottom/Programming/Exjobb/FMIL/svn.jmodelica.org/FMILibrary/tags/2.0.3/build/CMakeFiles/CMakeTmp'

Source file was:

#include <locale.h>

int main()
{
   (void)sizeof(((struct lconv *)0)->thousands_sep);
   return 0;
}

Determining size of intmax_t passed with the following output:
Change Dir: /home/lapbottom/Programming/Exjobb/FMIL/svn.jmodelica.org/FMILibrary/tags/2.0.3/build/CMakeFiles/CMakeTmp

Run Build Command:"/usr/bin/make" "cmTC_00eb3/fast"
/usr/bin/make -f CMakeFiles/cmTC_00eb3.dir/build.make CMakeFiles/cmTC_00eb3.dir/build
make[1]: Entering directory '/home/lapbottom/Programming/Exjobb/FMIL/svn.jmodelica.org/FMILibrary/tags/2.0.3/build/CMakeFiles/CMakeTmp'
Building C object CMakeFiles/cmTC_00eb3.dir/HAVE_INTMAX_T.c.o
/usr/bin/cc   -std=c89 -pedantic -Wall -Wno-unused-function -fvisibility=hidden -fPIC    -o CMakeFiles/cmTC_00eb3.dir/HAVE_INTMAX_T.c.o   -c /home/lapbottom/Programming/Exjobb/FMIL/svn.jmodelica.org/FMILibrary/tags/2.0.3/build/CMakeFiles/CheckTypeSize/HAVE_INTMAX_T.c
Linking C executable cmTC_00eb3
/usr/bin/cmake -E cmake_link_script CMakeFiles/cmTC_00eb3.dir/link.txt --verbose=1
/usr/bin/cc  -std=c89 -pedantic -Wall -Wno-unused-function -fvisibility=hidden -fPIC     -rdynamic CMakeFiles/cmTC_00eb3.dir/HAVE_INTMAX_T.c.o  -o cmTC_00eb3 
make[1]: Leaving directory '/home/lapbottom/Programming/Exjobb/FMIL/svn.jmodelica.org/FMILibrary/tags/2.0.3/build/CMakeFiles/CMakeTmp'


Determining size of uintmax_t passed with the following output:
Change Dir: /home/lapbottom/Programming/Exjobb/FMIL/svn.jmodelica.org/FMILibrary/tags/2.0.3/build/CMakeFiles/CMakeTmp

Run Build Command:"/usr/bin/make" "cmTC_1a1c9/fast"
/usr/bin/make -f CMakeFiles/cmTC_1a1c9.dir/build.make CMakeFiles/cmTC_1a1c9.dir/build
make[1]: Entering directory '/home/lapbottom/Programming/Exjobb/FMIL/svn.jmodelica.org/FMILibrary/tags/2.0.3/build/CMakeFiles/CMakeTmp'
Building C object CMakeFiles/cmTC_1a1c9.dir/HAVE_UINTMAX_T.c.o
/usr/bin/cc   -std=c89 -pedantic -Wall -Wno-unused-function -fvisibility=hidden -fPIC    -o CMakeFiles/cmTC_1a1c9.dir/HAVE_UINTMAX_T.c.o   -c /home/lapbottom/Programming/Exjobb/FMIL/svn.jmodelica.org/FMILibrary/tags/2.0.3/build/CMakeFiles/CheckTypeSize/HAVE_UINTMAX_T.c
Linking C executable cmTC_1a1c9
/usr/bin/cmake -E cmake_link_script CMakeFiles/cmTC_1a1c9.dir/link.txt --verbose=1
/usr/bin/cc  -std=c89 -pedantic -Wall -Wno-unused-function -fvisibility=hidden -fPIC     -rdynamic CMakeFiles/cmTC_1a1c9.dir/HAVE_UINTMAX_T.c.o  -o cmTC_1a1c9 
make[1]: Leaving directory '/home/lapbottom/Programming/Exjobb/FMIL/svn.jmodelica.org/FMILibrary/tags/2.0.3/build/CMakeFiles/CMakeTmp'


Determining size of uintptr_t passed with the following output:
Change Dir: /home/lapbottom/Programming/Exjobb/FMIL/svn.jmodelica.org/FMILibrary/tags/2.0.3/build/CMakeFiles/CMakeTmp

Run Build Command:"/usr/bin/make" "cmTC_d0d7b/fast"
/usr/bin/make -f CMakeFiles/cmTC_d0d7b.dir/build.make CMakeFiles/cmTC_d0d7b.dir/build
make[1]: Entering directory '/home/lapbottom/Programming/Exjobb/FMIL/svn.jmodelica.org/FMILibrary/tags/2.0.3/build/CMakeFiles/CMakeTmp'
Building C object CMakeFiles/cmTC_d0d7b.dir/HAVE_UINTPTR_T.c.o
/usr/bin/cc   -std=c89 -pedantic -Wall -Wno-unused-function -fvisibility=hidden -fPIC    -o CMakeFiles/cmTC_d0d7b.dir/HAVE_UINTPTR_T.c.o   -c /home/lapbottom/Programming/Exjobb/FMIL/svn.jmodelica.org/FMILibrary/tags/2.0.3/build/CMakeFiles/CheckTypeSize/HAVE_UINTPTR_T.c
Linking C executable cmTC_d0d7b
/usr/bin/cmake -E cmake_link_script CMakeFiles/cmTC_d0d7b.dir/link.txt --verbose=1
/usr/bin/cc  -std=c89 -pedantic -Wall -Wno-unused-function -fvisibility=hidden -fPIC     -rdynamic CMakeFiles/cmTC_d0d7b.dir/HAVE_UINTPTR_T.c.o  -o cmTC_d0d7b 
make[1]: Leaving directory '/home/lapbottom/Programming/Exjobb/FMIL/svn.jmodelica.org/FMILibrary/tags/2.0.3/build/CMakeFiles/CMakeTmp'


Determining size of ptrdiff_t passed with the following output:
Change Dir: /home/lapbottom/Programming/Exjobb/FMIL/svn.jmodelica.org/FMILibrary/tags/2.0.3/build/CMakeFiles/CMakeTmp

Run Build Command:"/usr/bin/make" "cmTC_66031/fast"
/usr/bin/make -f CMakeFiles/cmTC_66031.dir/build.make CMakeFiles/cmTC_66031.dir/build
make[1]: Entering directory '/home/lapbottom/Programming/Exjobb/FMIL/svn.jmodelica.org/FMILibrary/tags/2.0.3/build/CMakeFiles/CMakeTmp'
Building C object CMakeFiles/cmTC_66031.dir/HAVE_PTRDIFF_T.c.o
/usr/bin/cc   -std=c89 -pedantic -Wall -Wno-unused-function -fvisibility=hidden -fPIC    -o CMakeFiles/cmTC_66031.dir/HAVE_PTRDIFF_T.c.o   -c /home/lapbottom/Programming/Exjobb/FMIL/svn.jmodelica.org/FMILibrary/tags/2.0.3/build/CMakeFiles/CheckTypeSize/HAVE_PTRDIFF_T.c
Linking C executable cmTC_66031
/usr/bin/cmake -E cmake_link_script CMakeFiles/cmTC_66031.dir/link.txt --verbose=1
/usr/bin/cc  -std=c89 -pedantic -Wall -Wno-unused-function -fvisibility=hidden -fPIC     -rdynamic CMakeFiles/cmTC_66031.dir/HAVE_PTRDIFF_T.c.o  -o cmTC_66031 
make[1]: Leaving directory '/home/lapbottom/Programming/Exjobb/FMIL/svn.jmodelica.org/FMILibrary/tags/2.0.3/build/CMakeFiles/CMakeTmp'


Determining size of off64_t passed with the following output:
Change Dir: /home/lapbottom/Programming/Exjobb/FMIL/svn.jmodelica.org/FMILibrary/tags/2.0.3/build/CMakeFiles/CMakeTmp

Run Build Command:"/usr/bin/make" "cmTC_3cc4f/fast"
/usr/bin/make -f CMakeFiles/cmTC_3cc4f.dir/build.make CMakeFiles/cmTC_3cc4f.dir/build
make[1]: Entering directory '/home/lapbottom/Programming/Exjobb/FMIL/svn.jmodelica.org/FMILibrary/tags/2.0.3/build/CMakeFiles/CMakeTmp'
Building C object CMakeFiles/cmTC_3cc4f.dir/OFF64_T.c.o
/usr/bin/cc -DHAVE_STDDEF_H -DHAVE_STDINT_H -DHAVE_SYS_TYPES_H -D_LARGEFILE64_SOURCE=1  -std=c89 -pedantic -Wall -Wno-unused-function -fvisibility=hidden -fPIC -DXML_STATIC -DFMI_XML_QUERY    -o CMakeFiles/cmTC_3cc4f.dir/OFF64_T.c.o   -c /home/lapbottom/Programming/Exjobb/FMIL/svn.jmodelica.org/FMILibrary/tags/2.0.3/build/CMakeFiles/CheckTypeSize/OFF64_T.c
Linking C executable cmTC_3cc4f
/usr/bin/cmake -E cmake_link_script CMakeFiles/cmTC_3cc4f.dir/link.txt --verbose=1
/usr/bin/cc  -std=c89 -pedantic -Wall -Wno-unused-function -fvisibility=hidden -fPIC -DXML_STATIC -DFMI_XML_QUERY     -rdynamic CMakeFiles/cmTC_3cc4f.dir/OFF64_T.c.o  -o cmTC_3cc4f 
make[1]: Leaving directory '/home/lapbottom/Programming/Exjobb/FMIL/svn.jmodelica.org/FMILibrary/tags/2.0.3/build/CMakeFiles/CMakeTmp'


Determining if the function fseeko exists passed with the following output:
Change Dir: /home/lapbottom/Programming/Exjobb/FMIL/svn.jmodelica.org/FMILibrary/tags/2.0.3/build/CMakeFiles/CMakeTmp

Run Build Command:"/usr/bin/make" "cmTC_28cd0/fast"
/usr/bin/make -f CMakeFiles/cmTC_28cd0.dir/build.make CMakeFiles/cmTC_28cd0.dir/build
make[1]: Entering directory '/home/lapbottom/Programming/Exjobb/FMIL/svn.jmodelica.org/FMILibrary/tags/2.0.3/build/CMakeFiles/CMakeTmp'
Building C object CMakeFiles/cmTC_28cd0.dir/CheckFunctionExists.c.o
/usr/bin/cc   -std=c89 -pedantic -Wall -Wno-unused-function -fvisibility=hidden -fPIC -DXML_STATIC -DFMI_XML_QUERY -DCHECK_FUNCTION_EXISTS=fseeko   -o CMakeFiles/cmTC_28cd0.dir/CheckFunctionExists.c.o   -c /usr/share/cmake-3.10/Modules/CheckFunctionExists.c
Linking C executable cmTC_28cd0
/usr/bin/cmake -E cmake_link_script CMakeFiles/cmTC_28cd0.dir/link.txt --verbose=1
/usr/bin/cc  -std=c89 -pedantic -Wall -Wno-unused-function -fvisibility=hidden -fPIC -DXML_STATIC -DFMI_XML_QUERY -DCHECK_FUNCTION_EXISTS=fseeko    -rdynamic CMakeFiles/cmTC_28cd0.dir/CheckFunctionExists.c.o  -o cmTC_28cd0 
make[1]: Leaving directory '/home/lapbottom/Programming/Exjobb/FMIL/svn.jmodelica.org/FMILibrary/tags/2.0.3/build/CMakeFiles/CMakeTmp'


Determining if the include file unistd.h exists passed with the following output:
Change Dir: /home/lapbottom/Programming/Exjobb/FMIL/svn.jmodelica.org/FMILibrary/tags/2.0.3/build/CMakeFiles/CMakeTmp

Run Build Command:"/usr/bin/make" "cmTC_8cb7d/fast"
/usr/bin/make -f CMakeFiles/cmTC_8cb7d.dir/build.make CMakeFiles/cmTC_8cb7d.dir/build
make[1]: Entering directory '/home/lapbottom/Programming/Exjobb/FMIL/svn.jmodelica.org/FMILibrary/tags/2.0.3/build/CMakeFiles/CMakeTmp'
Building C object CMakeFiles/cmTC_8cb7d.dir/CheckIncludeFile.c.o
/usr/bin/cc   -std=c89 -pedantic -Wall -Wno-unused-function -fvisibility=hidden -fPIC -DXML_STATIC -DFMI_XML_QUERY    -o CMakeFiles/cmTC_8cb7d.dir/CheckIncludeFile.c.o   -c /home/lapbottom/Programming/Exjobb/FMIL/svn.jmodelica.org/FMILibrary/tags/2.0.3/build/CMakeFiles/CMakeTmp/CheckIncludeFile.c
Linking C executable cmTC_8cb7d
/usr/bin/cmake -E cmake_link_script CMakeFiles/cmTC_8cb7d.dir/link.txt --verbose=1
/usr/bin/cc  -std=c89 -pedantic -Wall -Wno-unused-function -fvisibility=hidden -fPIC -DXML_STATIC -DFMI_XML_QUERY     -rdynamic CMakeFiles/cmTC_8cb7d.dir/CheckIncludeFile.c.o  -o cmTC_8cb7d 
make[1]: Leaving directory '/home/lapbottom/Programming/Exjobb/FMIL/svn.jmodelica.org/FMILibrary/tags/2.0.3/build/CMakeFiles/CMakeTmp'


